  void iamax_kernel<int, float, float, (int)256>(cublasIamaxParams<T1, T2, T3>) (16, 1, 1)x(256, 1, 1), Context 1, Stream 7, Device 0, CC 8.9
    Duration                      usecond         5.25
  void iamax_kernel<int, float, float, (int)256>(cublasIamaxParams<T1, T2, T3>) (1, 1, 1)x(256, 1, 1), Context 1, Stream 7, Device 0, CC 8.9
    Duration                      usecond         6.11
  cncblasSamaxKernel(unsigned long, const float *, float *, unsigned long *) (256, 1, 1)x(256, 1, 1), Context 1, Stream 7, Device 0, CC 8.9
    Duration                      usecond         6.53
  cncblasSamaxKernel(unsigned long, const float *, float *, unsigned long *) (1, 1, 1)x(256, 1, 1), Context 1, Stream 7, Device 0, CC 8.9
    Duration                      usecond         4.38
  void iamax_kernel<int, double, double, (int)256>(cublasIamaxParams<T1, T2, T3>) (16, 1, 1)x(256, 1, 1), Context 1, Stream 7, Device 0, CC 8.9
    Duration                      usecond         6.02
  void iamax_kernel<int, double, double, (int)256>(cublasIamaxParams<T1, T2, T3>) (1, 1, 1)x(256, 1, 1), Context 1, Stream 7, Device 0, CC 8.9
    Duration                      usecond         6.66
  cncblasDamaxKernel(unsigned long, const double *, double *, unsigned long *) (256, 1, 1)x(256, 1, 1), Context 1, Stream 7, Device 0, CC 8.9
    Duration                      usecond         7.20
  cncblasDamaxKernel(unsigned long, const double *, double *, unsigned long *) (1, 1, 1)x(256, 1, 1), Context 1, Stream 7, Device 0, CC 8.9
    Duration                      usecond         4.90
  void iamax_kernel<int, float2, float, (int)256>(cublasIamaxParams<T1, T2, T3>) (16, 1, 1)x(256, 1, 1), Context 1, Stream 7, Device 0, CC 8.9
    Duration                      usecond         5.22
  void iamax_kernel<int, float, float, (int)256>(cublasIamaxParams<T1, T2, T3>) (1, 1, 1)x(256, 1, 1), Context 1, Stream 7, Device 0, CC 8.9
    Duration                      usecond         5.95
  cncblasCamaxKernel(unsigned long, const float2 *, float *, unsigned long *) (256, 1, 1)x(256, 1, 1), Context 1, Stream 7, Device 0, CC 8.9
    Duration                      usecond         6.43
  cncblasSamaxKernel(unsigned long, const float *, float *, unsigned long *) (1, 1, 1)x(256, 1, 1), Context 1, Stream 7, Device 0, CC 8.9
    Duration                      usecond         4.26
  void iamax_kernel<int, double2, double, (int)128>(cublasIamaxParams<T1, T2, T3>) (32, 1, 1)x(128, 1, 1), Context 1, Stream 7, Device 0, CC 8.9
    Duration                      usecond         5.89
  void iamax_kernel<int, double, double, (int)128>(cublasIamaxParams<T1, T2, T3>) (1, 1, 1)x(128, 1, 1), Context 1, Stream 7, Device 0, CC 8.9
    Duration                      usecond         6.30
  cncblasZamaxKernel(unsigned long, const double2 *, double *, unsigned long *) (256, 1, 1)x(256, 1, 1), Context 1, Stream 7, Device 0, CC 8.9
    Duration                      usecond         7.26
  cncblasDamaxKernel(unsigned long, const double *, double *, unsigned long *) (1, 1, 1)x(256, 1, 1), Context 1, Stream 7, Device 0, CC 8.9
    Duration                      usecond         4.83
  void iamin_kernel<int, float, float, (int)256>(cublasIaminParams<T1, T2, T3>) (16, 1, 1)x(256, 1, 1), Context 1, Stream 7, Device 0, CC 8.9
    Duration                      usecond         5.12
  void iamin_kernel<int, float, float, (int)256>(cublasIaminParams<T1, T2, T3>) (1, 1, 1)x(256, 1, 1), Context 1, Stream 7, Device 0, CC 8.9
    Duration                      usecond         5.79
  cncblasSaminKernel(unsigned long, const float *, float *, unsigned long *) (256, 1, 1)x(256, 1, 1), Context 1, Stream 7, Device 0, CC 8.9
    Duration                      usecond         6.53
  cncblasSaminKernel(unsigned long, const float *, float *, unsigned long *) (1, 1, 1)x(256, 1, 1), Context 1, Stream 7, Device 0, CC 8.9
    Duration                      usecond         4.26
  void iamin_kernel<int, double, double, (int)128>(cublasIaminParams<T1, T2, T3>) (32, 1, 1)x(128, 1, 1), Context 1, Stream 7, Device 0, CC 8.9
    Duration                      usecond        33.60
  void iamin_kernel<int, double, double, (int)128>(cublasIaminParams<T1, T2, T3>) (1, 1, 1)x(128, 1, 1), Context 1, Stream 7, Device 0, CC 8.9
    Duration                      usecond         6.34
  cncblasDaminKernel(unsigned long, const double *, double *, unsigned long *) (256, 1, 1)x(256, 1, 1), Context 1, Stream 7, Device 0, CC 8.9
    Duration                      usecond         7.26
  cncblasDaminKernel(unsigned long, const double *, double *, unsigned long *) (1, 1, 1)x(256, 1, 1), Context 1, Stream 7, Device 0, CC 8.9
    Duration                      usecond         4.96
  void iamin_kernel<int, float2, float, (int)128>(cublasIaminParams<T1, T2, T3>) (32, 1, 1)x(128, 1, 1), Context 1, Stream 7, Device 0, CC 8.9
    Duration                      usecond         5.22
  void iamin_kernel<int, float, float, (int)128>(cublasIaminParams<T1, T2, T3>) (1, 1, 1)x(128, 1, 1), Context 1, Stream 7, Device 0, CC 8.9
    Duration                      usecond         5.73
  cncblasCaminKernel(unsigned long, const float2 *, float *, unsigned long *) (256, 1, 1)x(256, 1, 1), Context 1, Stream 7, Device 0, CC 8.9
    Duration                      usecond         6.62
  cncblasSaminKernel(unsigned long, const float *, float *, unsigned long *) (1, 1, 1)x(256, 1, 1), Context 1, Stream 7, Device 0, CC 8.9
    Duration                      usecond         5.34
  void iamin_kernel<int, double2, double, (int)128>(cublasIaminParams<T1, T2, T3>) (32, 1, 1)x(128, 1, 1), Context 1, Stream 7, Device 0, CC 8.9
    Duration                      usecond         5.89
  void iamin_kernel<int, double, double, (int)128>(cublasIaminParams<T1, T2, T3>) (1, 1, 1)x(128, 1, 1), Context 1, Stream 7, Device 0, CC 8.9
    Duration                      usecond         6.27
  cncblasZaminKernel(unsigned long, const double2 *, double *, unsigned long *) (256, 1, 1)x(256, 1, 1), Context 1, Stream 7, Device 0, CC 8.9
    Duration                      usecond        20.13
  cncblasDaminKernel(unsigned long, const double *, double *, unsigned long *) (1, 1, 1)x(256, 1, 1), Context 1, Stream 7, Device 0, CC 8.9
    Duration                      usecond         4.90
  void asum_kernel<int, float, float>(cublasAsumParams<T2, T3>) (144, 1, 1)x(256, 1, 1), Context 1, Stream 7, Device 0, CC 8.9
    Duration                      usecond         5.18
  void asum_kernel<int, float, float>(cublasAsumParams<T2, T3>) (1, 1, 1)x(256, 1, 1), Context 1, Stream 7, Device 0, CC 8.9
    Duration                      usecond         3.87
  cncblasSasumKernel(unsigned long, const float *, float *) (256, 1, 1)x(256, 1, 1), Context 1, Stream 7, Device 0, CC 8.9
    Duration                      usecond         4.54
  cncblasSasumKernel(unsigned long, const float *, float *) (1, 1, 1)x(256, 1, 1), Context 1, Stream 7, Device 0, CC 8.9
    Duration                      usecond         3.46
  void asum_kernel<int, double, double>(cublasAsumParams<T2, T3>) (288, 1, 1)x(128, 1, 1), Context 1, Stream 7, Device 0, CC 8.9
    Duration                      usecond         8.67
  void asum_kernel<int, double, double>(cublasAsumParams<T2, T3>) (1, 1, 1)x(128, 1, 1), Context 1, Stream 7, Device 0, CC 8.9
    Duration                      usecond         4.48
  cncblasDasumKernel(unsigned long, const double *, double *) (256, 1, 1)x(256, 1, 1), Context 1, Stream 7, Device 0, CC 8.9
    Duration                      usecond         7.26
  cncblasDasumKernel(unsigned long, const double *, double *) (1, 1, 1)x(256, 1, 1), Context 1, Stream 7, Device 0, CC 8.9
    Duration                      usecond         4.10
  void asum_kernel<int, float2, float>(cublasAsumParams<T2, T3>) (288, 1, 1)x(128, 1, 1), Context 1, Stream 7, Device 0, CC 8.9
    Duration                      usecond         4.96
  void asum_kernel<int, float, float>(cublasAsumParams<T2, T3>) (1, 1, 1)x(128, 1, 1), Context 1, Stream 7, Device 0, CC 8.9
    Duration                      usecond         4.48
  cncblasCasumKernel(unsigned long, const float2 *, float *) (256, 1, 1)x(256, 1, 1), Context 1, Stream 7, Device 0, CC 8.9
    Duration                      usecond         5.15
  cncblasSasumKernel(unsigned long, const float *, float *) (1, 1, 1)x(256, 1, 1), Context 1, Stream 7, Device 0, CC 8.9
    Duration                      usecond         3.46
  void asum_kernel<int, double2, double>(cublasAsumParams<T2, T3>) (288, 1, 1)x(128, 1, 1), Context 1, Stream 7, Device 0, CC 8.9
    Duration                      usecond         8.67
  void asum_kernel<int, double, double>(cublasAsumParams<T2, T3>) (1, 1, 1)x(128, 1, 1), Context 1, Stream 7, Device 0, CC 8.9
    Duration                      usecond         5.12
  cncblasZasumKernel(unsigned long, const double2 *, double *) (256, 1, 1)x(256, 1, 1), Context 1, Stream 7, Device 0, CC 8.9
    Duration                      usecond         7.58
  cncblasDasumKernel(unsigned long, const double *, double *) (1, 1, 1)x(256, 1, 1), Context 1, Stream 7, Device 0, CC 8.9
    Duration                      usecond         4.10
  void axpy_kernel_val<float, float>(cublasAxpyParamsVal<T1, T1, T2>) (16, 1, 1)x(256, 1, 1), Context 1, Stream 7, Device 0, CC 8.9
    Duration                      usecond         4.16
  cncblasSaxpyKernel(unsigned long, float *, const float *, float *) (16, 1, 1)x(256, 1, 1), Context 1, Stream 7, Device 0, CC 8.9
    Duration                      usecond         3.04
  void axpy_kernel_val<double, double>(cublasAxpyParamsVal<T1, T1, T2>) (11, 1, 1)x(384, 1, 1), Context 1, Stream 7, Device 0, CC 8.9
    Duration                      usecond         3.49
  cncblasDaxpyKernel(unsigned long, double *, const double *, double *) (16, 1, 1)x(256, 1, 1), Context 1, Stream 7, Device 0, CC 8.9
    Duration                      usecond         3.30
  void axpy_kernel_val<float2, float2>(cublasAxpyParamsVal<T1, T1, T2>) (11, 1, 1)x(384, 1, 1), Context 1, Stream 7, Device 0, CC 8.9
    Duration                      usecond         3.42
  cncblasCaxpyKernel(unsigned long, float2 *, const float2 *, float2 *) (16, 1, 1)x(256, 1, 1), Context 1, Stream 7, Device 0, CC 8.9
    Duration                      usecond         3.23
  void axpy_kernel_val<double2, double2>(cublasAxpyParamsVal<T1, T1, T2>) (11, 1, 1)x(384, 1, 1), Context 1, Stream 7, Device 0, CC 8.9
    Duration                      usecond         4.45
  cncblasZaxpyKernel(unsigned long, double2 *, const double2 *, double2 *) (16, 1, 1)x(256, 1, 1), Context 1, Stream 7, Device 0, CC 8.9
    Duration                      usecond         3.90
  void copy_kernel<float>(cublasCopyParams<T1>) (16, 1, 1)x(256, 1, 1), Context 1, Stream 7, Device 0, CC 8.9
    Duration                      usecond         4.26
  void copy_kernel<double>(cublasCopyParams<T1>) (11, 1, 1)x(384, 1, 1), Context 1, Stream 7, Device 0, CC 8.9
    Duration                      usecond         3.30
  void copy_kernel<float2>(cublasCopyParams<T1>) (11, 1, 1)x(384, 1, 1), Context 1, Stream 7, Device 0, CC 8.9
    Duration                      usecond         3.30
  void copy_kernel<double2>(cublasCopyParams<T1>) (11, 1, 1)x(384, 1, 1), Context 1, Stream 7, Device 0, CC 8.9
    Duration                      usecond        29.92
  void dot_kernel<float, (int)128, (int)0, cublasDotParams<cublasGemvTensor<const float>, cublasGemvTensorStridedBatched<float>>>(T4) (32, 1, 1)x(128, 1, 1), Context 1, Stream 7, Device 0, CC 8.9
    Duration                      usecond         5.31
  void reduce_1Block_kernel<float, (int)128, (int)7, cublasGemvTensorStridedBatched<float>, cublasGemvTensorStridedBatched<float>, cublasGemvTensorStridedBatched<float>>(const T1 *, T1, T4, int, const T1 *, T1, T5, T6, cublasPointerMode_t, cublasLtEpilogue_t, cublasGemvTensorStridedBatched<const biasType<T6::value_type, T1>::type>) (1, 1, 1)x(128, 1, 1), Context 1, Stream 7, Device 0, CC 8.9
    Duration                      usecond         4.03
  cncblasSdotKernel_1(unsigned long, const float *, const float *, float *) (256, 1, 1)x(256, 1, 1), Context 1, Stream 7, Device 0, CC 8.9
    Duration                      usecond         4.58
  cncblasSdotKernel_2(unsigned long, const float *, float *) (1, 1, 1)x(256, 1, 1), Context 1, Stream 7, Device 0, CC 8.9
    Duration                      usecond         3.46
  void dot_kernel<double, (int)128, (int)0, cublasDotParams<cublasGemvTensor<const double>, cublasGemvTensorStridedBatched<double>>>(T4) (32, 1, 1)x(128, 1, 1), Context 1, Stream 7, Device 0, CC 8.9
    Duration                      usecond         4.77
  void reduce_1Block_kernel<double, (int)128, (int)7, cublasGemvTensorStridedBatched<double>, cublasGemvTensorStridedBatched<double>, cublasGemvTensorStridedBatched<double>>(const T1 *, T1, T4, int, const T1 *, T1, T5, T6, cublasPointerMode_t, cublasLtEpilogue_t, cublasGemvTensorStridedBatched<const biasType<T6::value_type, T1>::type>) (1, 1, 1)x(128, 1, 1), Context 1, Stream 7, Device 0, CC 8.9
    Duration                      usecond         4.32
  cncblasDdotKernel_1(unsigned long, const double *, const double *, double *) (256, 1, 1)x(256, 1, 1), Context 1, Stream 7, Device 0, CC 8.9
    Duration                      usecond        34.53
  cncblasDdotKernel_2(unsigned long, const double *, double *) (1, 1, 1)x(256, 1, 1), Context 1, Stream 7, Device 0, CC 8.9
    Duration                      usecond         4.13
  void dot_kernel<float2, (int)128, (int)0, cublasDotParams<cublasGemvTensor<const float2>, cublasGemvTensorStridedBatched<float2>>>(T4) (32, 1, 1)x(128, 1, 1), Context 1, Stream 7, Device 0, CC 8.9
    Duration                      usecond         4.06
  void reduce_1Block_kernel<float2, (int)128, (int)7, cublasGemvTensorStridedBatched<float2>, cublasGemvTensorStridedBatched<float2>, cublasGemvTensorStridedBatched<float2>>(const T1 *, T1, T4, int, const T1 *, T1, T5, T6, cublasPointerMode_t, cublasLtEpilogue_t, cublasGemvTensorStridedBatched<const biasType<T6::value_type, T1>::type>) (1, 1, 1)x(128, 1, 1), Context 1, Stream 7, Device 0, CC 8.9
    Duration                      usecond         5.18
  cncblasCdotuKernel_1(unsigned long, const float2 *, const float2 *, float2 *) (256, 1, 1)x(256, 1, 1), Context 1, Stream 7, Device 0, CC 8.9
    Duration                      usecond         5.15
  cncblasCdotuKernel_2(unsigned long, const float2 *, float2 *) (1, 1, 1)x(256, 1, 1), Context 1, Stream 7, Device 0, CC 8.9
    Duration                      usecond         3.74
  void dot_kernel<float2, (int)128, (int)1, cublasDotParams<cublasGemvTensor<const float2>, cublasGemvTensorStridedBatched<float2>>>(T4) (32, 1, 1)x(128, 1, 1), Context 1, Stream 7, Device 0, CC 8.9
    Duration                      usecond            4
  void reduce_1Block_kernel<float2, (int)128, (int)7, cublasGemvTensorStridedBatched<float2>, cublasGemvTensorStridedBatched<float2>, cublasGemvTensorStridedBatched<float2>>(const T1 *, T1, T4, int, const T1 *, T1, T5, T6, cublasPointerMode_t, cublasLtEpilogue_t, cublasGemvTensorStridedBatched<const biasType<T6::value_type, T1>::type>) (1, 1, 1)x(128, 1, 1), Context 1, Stream 7, Device 0, CC 8.9
    Duration                      usecond        16.29
  cncblasCdotcKernel_1(unsigned long, const float2 *, const float2 *, float2 *) (256, 1, 1)x(256, 1, 1), Context 1, Stream 7, Device 0, CC 8.9
    Duration                      usecond        20.96
  cncblasCdotcKernel_2(unsigned long, const float2 *, float2 *) (1, 1, 1)x(256, 1, 1), Context 1, Stream 7, Device 0, CC 8.9
    Duration                      usecond         3.78
  void dot_kernel<double2, (int)64, (int)0, cublasDotParams<cublasGemvTensor<const double2>, cublasGemvTensorStridedBatched<double2>>>(T4) (64, 1, 1)x(64, 1, 1), Context 1, Stream 7, Device 0, CC 8.9
    Duration                      usecond         5.34
  void reduce_1Block_kernel<double2, (int)64, (int)6, cublasGemvTensorStridedBatched<double2>, cublasGemvTensorStridedBatched<double2>, cublasGemvTensorStridedBatched<double2>>(const T1 *, T1, T4, int, const T1 *, T1, T5, T6, cublasPointerMode_t, cublasLtEpilogue_t, cublasGemvTensorStridedBatched<const biasType<T6::value_type, T1>::type>) (1, 1, 1)x(64, 1, 1), Context 1, Stream 7, Device 0, CC 8.9
    Duration                      usecond         4.38
  cncblasZdotuKernel_1(unsigned long, const double2 *, const double2 *, double2 *) (256, 1, 1)x(256, 1, 1), Context 1, Stream 7, Device 0, CC 8.9
    Duration                      usecond        11.87
  cncblasZdotuKernel_2(unsigned long, const double2 *, double2 *) (1, 1, 1)x(256, 1, 1), Context 1, Stream 7, Device 0, CC 8.9
    Duration                      usecond         5.18
  void dot_kernel<double2, (int)64, (int)1, cublasDotParams<cublasGemvTensor<const double2>, cublasGemvTensorStridedBatched<double2>>>(T4) (64, 1, 1)x(64, 1, 1), Context 1, Stream 7, Device 0, CC 8.9
    Duration                      usecond         5.47
  void reduce_1Block_kernel<double2, (int)64, (int)6, cublasGemvTensorStridedBatched<double2>, cublasGemvTensorStridedBatched<double2>, cublasGemvTensorStridedBatched<double2>>(const T1 *, T1, T4, int, const T1 *, T1, T5, T6, cublasPointerMode_t, cublasLtEpilogue_t, cublasGemvTensorStridedBatched<const biasType<T6::value_type, T1>::type>) (1, 1, 1)x(64, 1, 1), Context 1, Stream 7, Device 0, CC 8.9
    Duration                      usecond         4.45
  cncblasZdotcKernel_1(unsigned long, const double2 *, const double2 *, double2 *) (256, 1, 1)x(256, 1, 1), Context 1, Stream 7, Device 0, CC 8.9
    Duration                      usecond        11.94
  cncblasZdotcKernel_2(unsigned long, const double2 *, double2 *) (1, 1, 1)x(256, 1, 1), Context 1, Stream 7, Device 0, CC 8.9
    Duration                      usecond        12.61
  void nrm2_kernel<float, float, float, (int)1, (int)0, (int)128>(cublasNrm2Params<int, T1, T3>) (288, 1, 1)x(128, 1, 1), Context 1, Stream 7, Device 0, CC 8.9
    Duration                      usecond         5.54
  void nrm2_kernel<float, float, float, (int)1, (int)0, (int)128>(cublasNrm2Params<int, T1, T3>) (1, 1, 1)x(128, 1, 1), Context 1, Stream 7, Device 0, CC 8.9
    Duration                      usecond         5.98
  cncblasSdotKernel_1(unsigned long, const float *, const float *, float *) (256, 1, 1)x(256, 1, 1), Context 1, Stream 7, Device 0, CC 8.9
    Duration                      usecond         4.58
  cncblasSdotKernel_2(unsigned long, const float *, float *) (1, 1, 1)x(256, 1, 1), Context 1, Stream 7, Device 0, CC 8.9
    Duration                      usecond         3.42
  void nrm2_kernel<double, double, double, (int)0, (int)0, (int)128>(cublasNrm2Params<int, T1, T3>) (288, 1, 1)x(128, 1, 1), Context 1, Stream 7, Device 0, CC 8.9
    Duration                      usecond        56.42
  void nrm2_kernel<double, double, double, (int)0, (int)0, (int)128>(cublasNrm2Params<int, T1, T3>) (1, 1, 1)x(128, 1, 1), Context 1, Stream 7, Device 0, CC 8.9
    Duration                      usecond        25.66
  cncblasDdotKernel_1(unsigned long, const double *, const double *, double *) (256, 1, 1)x(256, 1, 1), Context 1, Stream 7, Device 0, CC 8.9
    Duration                      usecond         7.26
  cncblasDdotKernel_2(unsigned long, const double *, double *) (1, 1, 1)x(256, 1, 1), Context 1, Stream 7, Device 0, CC 8.9
    Duration                      usecond         4.13
  void nrm2_kernel<float2, float, float, (int)1, (int)1, (int)128>(cublasNrm2Params<int, T1, T3>) (288, 1, 1)x(128, 1, 1), Context 1, Stream 7, Device 0, CC 8.9
    Duration                      usecond         5.66
  void nrm2_kernel<float, float, float, (int)1, (int)0, (int)128>(cublasNrm2Params<int, T1, T3>) (1, 1, 1)x(128, 1, 1), Context 1, Stream 7, Device 0, CC 8.9
    Duration                      usecond        34.72
  cncblasCdotcKernel_1(unsigned long, const float2 *, const float2 *, float2 *) (256, 1, 1)x(256, 1, 1), Context 1, Stream 7, Device 0, CC 8.9
    Duration                      usecond         5.15
  cncblasCdotcKernel_2(unsigned long, const float2 *, float2 *) (1, 1, 1)x(256, 1, 1), Context 1, Stream 7, Device 0, CC 8.9
    Duration                      usecond        25.79
  void nrm2_kernel<double2, double, double, (int)0, (int)1, (int)128>(cublasNrm2Params<int, T1, T3>) (240, 1, 1)x(128, 1, 1), Context 1, Stream 7, Device 0, CC 8.9
    Duration                      usecond        51.94
  void nrm2_kernel<double, double, double, (int)0, (int)0, (int)128>(cublasNrm2Params<int, T1, T3>) (1, 1, 1)x(128, 1, 1), Context 1, Stream 7, Device 0, CC 8.9
    Duration                      usecond        25.25
  cncblasZdotcKernel_1(unsigned long, const double2 *, const double2 *, double2 *) (256, 1, 1)x(256, 1, 1), Context 1, Stream 7, Device 0, CC 8.9
    Duration                      usecond        11.90
  cncblasZdotcKernel_2(unsigned long, const double2 *, double2 *) (1, 1, 1)x(256, 1, 1), Context 1, Stream 7, Device 0, CC 8.9
    Duration                      usecond         5.12
  void rot_kernel_val<float, float, float, float>(cublasRotParamsVal<T1, T2, T3>) (11, 1, 1)x(384, 1, 1), Context 1, Stream 7, Device 0, CC 8.9
    Duration                      usecond         3.94
  cncblasSrot_kernel(unsigned long, float *, float *, const float *, const float *) (16, 1, 1)x(256, 1, 1), Context 1, Stream 7, Device 0, CC 8.9
    Duration                      usecond         3.17
  void rot_kernel_val<double, double, double, double>(cublasRotParamsVal<T1, T2, T3>) (11, 1, 1)x(384, 1, 1), Context 1, Stream 7, Device 0, CC 8.9
    Duration                      usecond         4.70
  cncblasDrot_kernel(unsigned long, double *, double *, const double *, const double *) (16, 1, 1)x(256, 1, 1), Context 1, Stream 7, Device 0, CC 8.9
    Duration                      usecond         4.03
  void scal_kernel_val<float, float>(cublasScalParamsVal<T1, T2>) (16, 1, 1)x(256, 1, 1), Context 1, Stream 7, Device 0, CC 8.9
    Duration                      usecond         3.07
  cncblasSscalKernel(unsigned long, const float *, float *) (16, 1, 1)x(256, 1, 1), Context 1, Stream 7, Device 0, CC 8.9
    Duration                      usecond         2.98
  void scal_kernel_val<double, double>(cublasScalParamsVal<T1, T2>) (11, 1, 1)x(384, 1, 1), Context 1, Stream 7, Device 0, CC 8.9
    Duration                      usecond         5.18
  cncblasDscalKernel(unsigned long, const double *, double *) (16, 1, 1)x(256, 1, 1), Context 1, Stream 7, Device 0, CC 8.9
    Duration                      usecond         3.20
  void scal_kernel_val<float2, float2>(cublasScalParamsVal<T1, T2>) (11, 1, 1)x(384, 1, 1), Context 1, Stream 7, Device 0, CC 8.9
    Duration                      usecond         3.14
  cncblasCscalKernel(unsigned long, const float2 *, float2 *) (16, 1, 1)x(256, 1, 1), Context 1, Stream 7, Device 0, CC 8.9
    Duration                      usecond         3.04
  void scal_kernel_val<double2, double2>(cublasScalParamsVal<T1, T2>) (11, 1, 1)x(384, 1, 1), Context 1, Stream 7, Device 0, CC 8.9
    Duration                      usecond         3.94
  cncblasZscalKernel(unsigned long, const double2 *, double2 *) (16, 1, 1)x(256, 1, 1), Context 1, Stream 7, Device 0, CC 8.9
    Duration                      usecond         3.62
  void scal_kernel_val<float2, float>(cublasScalParamsVal<T1, T2>) (11, 1, 1)x(384, 1, 1), Context 1, Stream 7, Device 0, CC 8.9
    Duration                      usecond         4.03
  cncblasCsscalKernel(unsigned long, const float *, float2 *) (16, 1, 1)x(256, 1, 1), Context 1, Stream 7, Device 0, CC 8.9
    Duration                      usecond         3.04
  void scal_kernel_val<double2, double>(cublasScalParamsVal<T1, T2>) (11, 1, 1)x(384, 1, 1), Context 1, Stream 7, Device 0, CC 8.9
    Duration                      usecond         3.97
  cncblasZdscalKernel(unsigned long, const double *, double2 *) (16, 1, 1)x(256, 1, 1), Context 1, Stream 7, Device 0, CC 8.9
    Duration                      usecond        11.58
  void swap_kernel<float>(cublasSwapParams<T1>) (11, 1, 1)x(384, 1, 1), Context 1, Stream 7, Device 0, CC 8.9
    Duration                      usecond         3.81
  void cncblasSwapKernel<float>(unsigned long, T1 *, T1 *) (16, 1, 1)x(256, 1, 1), Context 1, Stream 7, Device 0, CC 8.9
    Duration                      usecond         3.01
  void swap_kernel<double>(cublasSwapParams<T1>) (11, 1, 1)x(384, 1, 1), Context 1, Stream 7, Device 0, CC 8.9
    Duration                      usecond         4.03
  void cncblasSwapKernel<double>(unsigned long, T1 *, T1 *) (16, 1, 1)x(256, 1, 1), Context 1, Stream 7, Device 0, CC 8.9
    Duration                      usecond         3.26
  void swap_kernel<float2>(cublasSwapParams<T1>) (11, 1, 1)x(384, 1, 1), Context 1, Stream 7, Device 0, CC 8.9
    Duration                      usecond         3.94
  void cncblasSwapKernel<float2>(unsigned long, T1 *, T1 *) (16, 1, 1)x(256, 1, 1), Context 1, Stream 7, Device 0, CC 8.9
    Duration                      usecond         3.26
  void swap_kernel<double2>(cublasSwapParams<T1>) (11, 1, 1)x(384, 1, 1), Context 1, Stream 7, Device 0, CC 8.9
    Duration                      usecond         4.42
  void cncblasSwapKernel<double2>(unsigned long, T1 *, T1 *) (16, 1, 1)x(256, 1, 1), Context 1, Stream 7, Device 0, CC 8.9
    Duration                      usecond         3.55
  cncblasSscalKernel(unsigned long, const float *, float *) (4, 1, 1)x(256, 1, 1), Context 1, Stream 7, Device 0, CC 8.9
    Duration                      usecond         4.13
  cncblasSgbmvKernelN(int, int, int, int, const float *, const float *, const float *, float *) (4, 32, 1)x(256, 1, 1), Context 1, Stream 7, Device 0, CC 8.9
    Duration                      usecond         9.06
  cncblasSscalKernel(unsigned long, const float *, float *) (4, 1, 1)x(256, 1, 1), Context 1, Stream 7, Device 0, CC 8.9
    Duration                      usecond        25.63
  cncblasSgemvKernelN(int, int, const float *, const float *, const float *, float *) (1024, 1, 1)x(256, 1, 1), Context 1, Stream 7, Device 0, CC 8.9
    Duration                      usecond        49.50
  cncblasSscalKernel(unsigned long, const float *, float *) (8, 1, 1)x(256, 1, 1), Context 1, Stream 7, Device 0, CC 8.9
    Duration                      usecond         2.94
  cncblasSgbmvKernelT(int, int, int, int, const float *, const float *, const float *, float *) (5, 32, 1)x(256, 1, 1), Context 1, Stream 7, Device 0, CC 8.9
    Duration                      usecond         9.89
  cncblasSscalKernel(unsigned long, const float *, float *) (8, 1, 1)x(256, 1, 1), Context 1, Stream 7, Device 0, CC 8.9
    Duration                      usecond         3.07
  cncblasSgemvKernelT(int, int, const float *, const float *, const float *, float *) (8, 4, 1)x(256, 1, 1), Context 1, Stream 7, Device 0, CC 8.9
    Duration                      usecond        49.82
  cncblasDscalKernel(unsigned long, const double *, double *) (4, 1, 1)x(256, 1, 1), Context 1, Stream 7, Device 0, CC 8.9
    Duration                      usecond        17.47
  cncblasDgbmvKernelN(int, int, int, int, const double *, const double *, const double *, double *) (4, 32, 1)x(256, 1, 1), Context 1, Stream 7, Device 0, CC 8.9
    Duration                      usecond        13.86
  cncblasDscalKernel(unsigned long, const double *, double *) (4, 1, 1)x(256, 1, 1), Context 1, Stream 7, Device 0, CC 8.9
    Duration                      usecond         3.10
  cncblasDgemvKernelN(int, int, const double *, const double *, const double *, double *) (1024, 1, 1)x(256, 1, 1), Context 1, Stream 7, Device 0, CC 8.9
    Duration                      usecond        91.55
  cncblasDscalKernel(unsigned long, const double *, double *) (8, 1, 1)x(256, 1, 1), Context 1, Stream 7, Device 0, CC 8.9
    Duration                      usecond         3.07
  cncblasDgbmvKernelT(int, int, int, int, const double *, const double *, const double *, double *) (5, 32, 1)x(256, 1, 1), Context 1, Stream 7, Device 0, CC 8.9
    Duration                      usecond        76.99
  cncblasDscalKernel(unsigned long, const double *, double *) (8, 1, 1)x(256, 1, 1), Context 1, Stream 7, Device 0, CC 8.9
    Duration                      usecond         3.10
  cncblasDgemvKernelT(int, int, const double *, const double *, const double *, double *) (8, 4, 1)x(256, 1, 1), Context 1, Stream 7, Device 0, CC 8.9
    Duration                      usecond        96.29
  cncblasCscalKernel(unsigned long, const float2 *, float2 *) (4, 1, 1)x(256, 1, 1), Context 1, Stream 7, Device 0, CC 8.9
    Duration                      usecond         2.98
  cncblasCgbmvKernelN_phase1(int, int, int, int, const float2 *, const float2 *, const float2 *, float2 *) (4, 32, 1)x(256, 1, 1), Context 1, Stream 7, Device 0, CC 8.9
    Duration                      usecond        12.03
  cncblasCgbmvKernelN_phase2(int, const float2 *, float2 *) (4, 1, 1)x(256, 1, 1), Context 1, Stream 7, Device 0, CC 8.9
    Duration                      usecond         5.15
  cncblasCscalKernel(unsigned long, const float2 *, float2 *) (4, 1, 1)x(256, 1, 1), Context 1, Stream 7, Device 0, CC 8.9
    Duration                      usecond         3.01
  cncblasCgemvKernelN(int, int, const float2 *, const float2 *, const float2 *, float2 *) (1024, 1, 1)x(256, 1, 1), Context 1, Stream 7, Device 0, CC 8.9
    Duration                      usecond        96.29
  cncblasCscalKernel(unsigned long, const float2 *, float2 *) (8, 1, 1)x(256, 1, 1), Context 1, Stream 7, Device 0, CC 8.9
    Duration                      usecond         3.07
  cncblasCgbmvKernelT_phase1(int, int, int, int, const float2 *, const float2 *, const float2 *, float2 *) (5, 32, 1)x(256, 1, 1), Context 1, Stream 7, Device 0, CC 8.9
    Duration                      usecond        14.08
  cncblasCgbmvKernelT_phase2(int, const float2 *, float2 *) (5, 1, 1)x(256, 1, 1), Context 1, Stream 7, Device 0, CC 8.9
    Duration                      usecond         5.25
  cncblasCscalKernel(unsigned long, const float2 *, float2 *) (8, 1, 1)x(256, 1, 1), Context 1, Stream 7, Device 0, CC 8.9
    Duration                      usecond         3.17
  cncblasCgemvKernelT_1(int, int, const float2 *, const float2 *, const float2 *, float2 *) (8, 4, 1)x(256, 1, 1), Context 1, Stream 7, Device 0, CC 8.9
    Duration                      usecond        95.62
  cncblasCgemvKernelT_2(int, const float2 *, float2 *) (2048, 1, 1)x(32, 1, 1), Context 1, Stream 7, Device 0, CC 8.9
    Duration                      usecond        12.13
  cncblasCscalKernel(unsigned long, const float2 *, float2 *) (8, 1, 1)x(256, 1, 1), Context 1, Stream 7, Device 0, CC 8.9
    Duration                      usecond         5.50
  cncblasCgbmvKernelC_phase1(int, int, int, int, const float2 *, const float2 *, const float2 *, float2 *) (5, 32, 1)x(256, 1, 1), Context 1, Stream 7, Device 0, CC 8.9
    Duration                      usecond        13.73
  cncblasCgbmvKernelC_phase2(int, const float2 *, float2 *) (5, 1, 1)x(256, 1, 1), Context 1, Stream 7, Device 0, CC 8.9
    Duration                      usecond         5.12
  cncblasCscalKernel(unsigned long, const float2 *, float2 *) (8, 1, 1)x(256, 1, 1), Context 1, Stream 7, Device 0, CC 8.9
    Duration                      usecond         3.04
  cncblasCgemvKernelC_1(int, int, const float2 *, const float2 *, const float2 *, float2 *) (8, 4, 1)x(256, 1, 1), Context 1, Stream 7, Device 0, CC 8.9
    Duration                      usecond        97.95
  cncblasCgemvKernelC_2(int, const float2 *, float2 *) (2048, 1, 1)x(32, 1, 1), Context 1, Stream 7, Device 0, CC 8.9
    Duration                      usecond        12.13
  cncblasZscalKernel(unsigned long, const double2 *, double2 *) (4, 1, 1)x(256, 1, 1), Context 1, Stream 7, Device 0, CC 8.9
    Duration                      usecond         3.58
  cncblasZgbmvKernelN_phase1(int, int, int, int, const double2 *, const double2 *, const double2 *, double2 *) (4, 32, 1)x(256, 1, 1), Context 1, Stream 7, Device 0, CC 8.9
    Duration                      usecond        38.05
  cncblasZgbmvKernelN_phase2(int, const double2 *, double2 *) (4, 1, 1)x(256, 1, 1), Context 1, Stream 7, Device 0, CC 8.9
    Duration                      usecond        11.94
  cncblasZscalKernel(unsigned long, const double2 *, double2 *) (4, 1, 1)x(256, 1, 1), Context 1, Stream 7, Device 0, CC 8.9
    Duration                      usecond         3.52
  cncblasZgemvKernelN(int, int, const double2 *, const double2 *, const double2 *, double2 *) (1024, 1, 1)x(256, 1, 1), Context 1, Stream 7, Device 0, CC 8.9
    Duration                      usecond       303.36
  cncblasZscalKernel(unsigned long, const double2 *, double2 *) (8, 1, 1)x(256, 1, 1), Context 1, Stream 7, Device 0, CC 8.9
    Duration                      usecond         3.55
  cncblasZgbmvKernelT_phase1(int, int, int, int, const double2 *, const double2 *, const double2 *, double2 *) (5, 32, 1)x(256, 1, 1), Context 1, Stream 7, Device 0, CC 8.9
    Duration                      usecond        38.85
  cncblasZgbmvKernelT_phase2(int, const double2 *, double2 *) (5, 1, 1)x(256, 1, 1), Context 1, Stream 7, Device 0, CC 8.9
    Duration                      usecond        12.22
  cncblasZscalKernel(unsigned long, const double2 *, double2 *) (8, 1, 1)x(256, 1, 1), Context 1, Stream 7, Device 0, CC 8.9
    Duration                      usecond         3.55
  cncblasZgemvKernelT_1(int, int, const double2 *, const double2 *, const double2 *, double2 *) (8, 4, 1)x(256, 1, 1), Context 1, Stream 7, Device 0, CC 8.9
    Duration                      usecond       434.05
  cncblasZgemvKernelT_2(int, const double2 *, double2 *) (2048, 1, 1)x(32, 1, 1), Context 1, Stream 7, Device 0, CC 8.9
    Duration                      usecond        24.38
  cncblasZscalKernel(unsigned long, const double2 *, double2 *) (8, 1, 1)x(256, 1, 1), Context 1, Stream 7, Device 0, CC 8.9
    Duration                      usecond         3.52
  cncblasZgbmvKernelC_phase1(int, int, int, int, const double2 *, const double2 *, const double2 *, double2 *) (5, 32, 1)x(256, 1, 1), Context 1, Stream 7, Device 0, CC 8.9
    Duration                      usecond        42.59
  cncblasZgbmvKernelC_phase2(int, const double2 *, double2 *) (5, 1, 1)x(256, 1, 1), Context 1, Stream 7, Device 0, CC 8.9
    Duration                      usecond        11.97
  cncblasZscalKernel(unsigned long, const double2 *, double2 *) (8, 1, 1)x(256, 1, 1), Context 1, Stream 7, Device 0, CC 8.9
    Duration                      usecond         4.35
  cncblasZgemvKernelC_1(int, int, const double2 *, const double2 *, const double2 *, double2 *) (8, 4, 1)x(256, 1, 1), Context 1, Stream 7, Device 0, CC 8.9
    Duration                      usecond       394.66
  cncblasZgemvKernelC_2(int, const double2 *, double2 *) (2048, 1, 1)x(32, 1, 1), Context 1, Stream 7, Device 0, CC 8.9
    Duration                      usecond        24.86
  void gemvNSP_kernel<float, float, float, float, (int)1, (int)16, (int)4, (int)1024, (bool)0, cublasGemvParamsEx<int, cublasGemvTensorStridedBatched<const float>, cublasGemvTensorStridedBatched<const float>, cublasGemvTensorStridedBatched<float>, float>>(T10) (32, 1, 1)x(32, 16, 1), Context 1, Stream 7, Device 0, CC 8.9
    Duration                      usecond         9.60
  cncblasSscalKernel(unsigned long, const float *, float *) (4, 1, 1)x(256, 1, 1), Context 1, Stream 7, Device 0, CC 8.9
    Duration                      usecond         2.94
  cncblasSgemvKernelN(int, int, const float *, const float *, const float *, float *) (1024, 1, 1)x(256, 1, 1), Context 1, Stream 7, Device 0, CC 8.9
    Duration                      usecond        18.46
  void gemv2N_kernel<int, int, double, double, double, double, (int)128, (int)4, (int)4, (int)4, (int)1, (bool)0, cublasGemvParamsEx<int, cublasGemvTensorStridedBatched<const double>, cublasGemvTensorStridedBatched<const double>, cublasGemvTensorStridedBatched<double>, double>>(T13) (32, 1, 1)x(128, 1, 1), Context 1, Stream 7, Device 0, CC 8.9
    Duration                      usecond        17.44
  cncblasDscalKernel(unsigned long, const double *, double *) (4, 1, 1)x(256, 1, 1), Context 1, Stream 7, Device 0, CC 8.9
    Duration                      usecond         4.03
  cncblasDgemvKernelN(int, int, const double *, const double *, const double *, double *) (1024, 1, 1)x(256, 1, 1), Context 1, Stream 7, Device 0, CC 8.9
    Duration                      usecond        33.82
  ampere_cgemm_64x32_nn (16, 1, 1)x(128, 1, 1), Context 1, Stream 7, Device 0, CC 8.9
    Duration                      usecond        37.15
  cncblasCscalKernel(unsigned long, const float2 *, float2 *) (4, 1, 1)x(256, 1, 1), Context 1, Stream 7, Device 0, CC 8.9
    Duration                      usecond         3.01
  cncblasCgemvKernelN(int, int, const float2 *, const float2 *, const float2 *, float2 *) (1024, 1, 1)x(256, 1, 1), Context 1, Stream 7, Device 0, CC 8.9
    Duration                      usecond        20.93
  void gemvNSP_kernel<double2, double2, double2, double2, (int)1, (int)32, (int)4, (int)1024, (bool)0, cublasGemvParamsEx<int, cublasGemvTensorStridedBatched<const double2>, cublasGemvTensorStridedBatched<const double2>, cublasGemvTensorStridedBatched<double2>, double2>>(T10) (128, 1, 1)x(8, 32, 1), Context 1, Stream 7, Device 0, CC 8.9
    Duration                      usecond        37.28
  cncblasZscalKernel(unsigned long, const double2 *, double2 *) (4, 1, 1)x(256, 1, 1), Context 1, Stream 7, Device 0, CC 8.9
    Duration                      usecond         3.46
  cncblasZgemvKernelN(int, int, const double2 *, const double2 *, const double2 *, double2 *) (1024, 1, 1)x(256, 1, 1), Context 1, Stream 7, Device 0, CC 8.9
    Duration                      usecond        74.24
  std::enable_if<!T7, void>::type internal::gemvx::kernel<int, int, float, float, float, float, (bool)0, (bool)1, (bool)1, (bool)0, (int)9, (bool)0, cublasGemvParamsEx<int, cublasGemvTensorStridedBatched<const float>, cublasGemvTensorStridedBatched<const float>, cublasGemvTensorStridedBatched<float>, float>>(T13) (16, 1, 1)x(32, 16, 1), Context 1, Stream 7, Device 0, CC 8.9
    Duration                      usecond        12.29
  cncblasSscalKernel(unsigned long, const float *, float *) (1, 1, 1)x(256, 1, 1), Context 1, Stream 7, Device 0, CC 8.9
    Duration                      usecond         3.07
  cncblasSgemvKernelT(int, int, const float *, const float *, const float *, float *) (1, 4, 1)x(256, 1, 1), Context 1, Stream 7, Device 0, CC 8.9
    Duration                      usecond        26.53
  void gemv2T_kernel_val<int, int, double, double, double, double, (int)128, (int)16, (int)4, (int)4, (bool)0, (bool)0, cublasGemvParamsEx<int, cublasGemvTensorStridedBatched<const double>, cublasGemvTensorStridedBatched<const double>, cublasGemvTensorStridedBatched<double>, double>>(T13, T6, T6) (32, 1, 1)x(128, 1, 1), Context 1, Stream 7, Device 0, CC 8.9
    Duration                      usecond        18.91
  cncblasDscalKernel(unsigned long, const double *, double *) (1, 1, 1)x(256, 1, 1), Context 1, Stream 7, Device 0, CC 8.9
    Duration                      usecond         3.07
  cncblasDgemvKernelT(int, int, const double *, const double *, const double *, double *) (1, 4, 1)x(256, 1, 1), Context 1, Stream 7, Device 0, CC 8.9
    Duration                      usecond        35.17
  std::enable_if<!T7, void>::type internal::gemvx::kernel<int, int, float2, float2, float2, float2, (bool)0, (bool)1, (bool)1, (bool)0, (int)7, (bool)0, cublasGemvParamsEx<int, cublasGemvTensorStridedBatched<const float2>, cublasGemvTensorStridedBatched<const float2>, cublasGemvTensorStridedBatched<float2>, float2>>(T13) (32, 1, 1)x(16, 8, 1), Context 1, Stream 7, Device 0, CC 8.9
    Duration                      usecond        16.26
  cncblasCscalKernel(unsigned long, const float2 *, float2 *) (1, 1, 1)x(256, 1, 1), Context 1, Stream 7, Device 0, CC 8.9
    Duration                      usecond         3.01
  cncblasCgemvKernelT_1(int, int, const float2 *, const float2 *, const float2 *, float2 *) (1, 4, 1)x(256, 1, 1), Context 1, Stream 7, Device 0, CC 8.9
    Duration                      usecond        36.03
  cncblasCgemvKernelT_2(int, const float2 *, float2 *) (256, 1, 1)x(32, 1, 1), Context 1, Stream 7, Device 0, CC 8.9
    Duration                      usecond         4.64
  std::enable_if<!T7, void>::type internal::gemvx::kernel<int, int, double2, double2, double2, double2, (bool)0, (bool)1, (bool)1, (bool)0, (int)6, (bool)0, cublasGemvParamsEx<int, cublasGemvTensorStridedBatched<const double2>, cublasGemvTensorStridedBatched<const double2>, cublasGemvTensorStridedBatched<double2>, double2>>(T13) (64, 1, 1)x(16, 4, 1), Context 1, Stream 7, Device 0, CC 8.9
    Duration                      usecond        97.73
  cncblasZscalKernel(unsigned long, const double2 *, double2 *) (1, 1, 1)x(256, 1, 1), Context 1, Stream 7, Device 0, CC 8.9
    Duration                      usecond         4.61
  cncblasZgemvKernelT_1(int, int, const double2 *, const double2 *, const double2 *, double2 *) (1, 4, 1)x(256, 1, 1), Context 1, Stream 7, Device 0, CC 8.9
    Duration                      usecond       198.66
  cncblasZgemvKernelT_2(int, const double2 *, double2 *) (256, 1, 1)x(32, 1, 1), Context 1, Stream 7, Device 0, CC 8.9
    Duration                      usecond         6.11
  std::enable_if<!T7, void>::type internal::gemvx::kernel<int, int, float2, float2, float2, float2, (bool)0, (bool)1, (bool)1, (bool)1, (int)7, (bool)0, cublasGemvParamsEx<int, cublasGemvTensorStridedBatched<const float2>, cublasGemvTensorStridedBatched<const float2>, cublasGemvTensorStridedBatched<float2>, float2>>(T13) (32, 1, 1)x(16, 8, 1), Context 1, Stream 7, Device 0, CC 8.9
    Duration                      usecond        15.81
  cncblasCscalKernel(unsigned long, const float2 *, float2 *) (1, 1, 1)x(256, 1, 1), Context 1, Stream 7, Device 0, CC 8.9
    Duration                      usecond         2.98
  cncblasCgemvKernelC_1(int, int, const float2 *, const float2 *, const float2 *, float2 *) (1, 4, 1)x(256, 1, 1), Context 1, Stream 7, Device 0, CC 8.9
    Duration                      usecond        36.51
  cncblasCgemvKernelC_2(int, const float2 *, float2 *) (256, 1, 1)x(32, 1, 1), Context 1, Stream 7, Device 0, CC 8.9
    Duration                      usecond         4.70
  std::enable_if<!T7, void>::type internal::gemvx::kernel<int, int, double2, double2, double2, double2, (bool)0, (bool)1, (bool)1, (bool)1, (int)6, (bool)0, cublasGemvParamsEx<int, cublasGemvTensorStridedBatched<const double2>, cublasGemvTensorStridedBatched<const double2>, cublasGemvTensorStridedBatched<double2>, double2>>(T13) (64, 1, 1)x(16, 4, 1), Context 1, Stream 7, Device 0, CC 8.9
    Duration                      usecond        32.26
  cncblasZscalKernel(unsigned long, const double2 *, double2 *) (1, 1, 1)x(256, 1, 1), Context 1, Stream 7, Device 0, CC 8.9
    Duration                      usecond         3.46
  cncblasZgemvKernelC_1(int, int, const double2 *, const double2 *, const double2 *, double2 *) (1, 4, 1)x(256, 1, 1), Context 1, Stream 7, Device 0, CC 8.9
    Duration                      usecond       198.91
  cncblasZgemvKernelC_2(int, const double2 *, double2 *) (256, 1, 1)x(32, 1, 1), Context 1, Stream 7, Device 0, CC 8.9
    Duration                      usecond         6.14
  void ger_kernel<float, float, (int)256, (int)5, (bool)0>(cublasGerParams<T1, T2>) (32, 8, 1)x(256, 1, 1), Context 1, Stream 7, Device 0, CC 8.9
    Duration                      usecond         9.12
  cncblasSgerKernel(int, int, const float *, const float *, const float *, float *) (8, 64, 1)x(32, 16, 1), Context 1, Stream 7, Device 0, CC 8.9
    Duration                      usecond        10.85
  void ger_kernel<double, double, (int)256, (int)5, (bool)0>(cublasGerParams<T1, T2>) (32, 8, 1)x(256, 1, 1), Context 1, Stream 7, Device 0, CC 8.9
    Duration                      usecond        16.16
  cncblasDgerKernel(int, int, const double *, const double *, const double *, double *) (8, 64, 1)x(32, 16, 1), Context 1, Stream 7, Device 0, CC 8.9
    Duration                      usecond        16.38
  void ger_kernel<float2, float2, (int)256, (int)5, (bool)0>(cublasGerParams<T1, T2>) (32, 8, 1)x(256, 1, 1), Context 1, Stream 7, Device 0, CC 8.9
    Duration                      usecond        15.55
  cncblasCgeruKernel(int, int, const float2 *, const float2 *, const float2 *, float2 *) (8, 64, 1)x(32, 16, 1), Context 1, Stream 7, Device 0, CC 8.9
    Duration                      usecond        14.62
  void ger_kernel<double2, double2, (int)256, (int)5, (bool)0>(cublasGerParams<T1, T2>) (32, 8, 1)x(256, 1, 1), Context 1, Stream 7, Device 0, CC 8.9
    Duration                      usecond        32.29
  cncblasZgeruKernel(int, int, const double2 *, const double2 *, const double2 *, double2 *) (8, 64, 1)x(32, 16, 1), Context 1, Stream 7, Device 0, CC 8.9
    Duration                      usecond        58.72
  void ger_kernel<float2, float2, (int)256, (int)5, (bool)1>(cublasGerParams<T1, T2>) (32, 8, 1)x(256, 1, 1), Context 1, Stream 7, Device 0, CC 8.9
    Duration                      usecond        16.19
  cncblasCgercKernel(int, int, const float2 *, const float2 *, const float2 *, float2 *) (8, 64, 1)x(32, 16, 1), Context 1, Stream 7, Device 0, CC 8.9
    Duration                      usecond        14.85
  void ger_kernel<double2, double2, (int)256, (int)5, (bool)1>(cublasGerParams<T1, T2>) (32, 8, 1)x(256, 1, 1), Context 1, Stream 7, Device 0, CC 8.9
    Duration                      usecond        31.14
  cncblasZgercKernel(int, int, const double2 *, const double2 *, const double2 *, double2 *) (8, 64, 1)x(32, 16, 1), Context 1, Stream 7, Device 0, CC 8.9
    Duration                      usecond        58.66
