  void iamax_kernel<int, float, float, (int)256>(cublasIamaxParams<T1, T2, T3>) (16, 1, 1)x(256, 1, 1), Context 1, Stream 7, Device 0, CC 8.9
    Duration                      usecond         5.28
  void iamax_kernel<int, float, float, (int)256>(cublasIamaxParams<T1, T2, T3>) (1, 1, 1)x(256, 1, 1), Context 1, Stream 7, Device 0, CC 8.9
    Duration                      usecond         5.76
  cncblasSamaxKernel(unsigned long, const float *, float *, unsigned long *) (256, 1, 1)x(256, 1, 1), Context 1, Stream 7, Device 0, CC 8.9
    Duration                      usecond         6.53
  cncblasSamaxKernel(unsigned long, const float *, float *, unsigned long *) (1, 1, 1)x(256, 1, 1), Context 1, Stream 7, Device 0, CC 8.9
    Duration                      usecond         4.29
  void iamax_kernel<int, double, double, (int)256>(cublasIamaxParams<T1, T2, T3>) (16, 1, 1)x(256, 1, 1), Context 1, Stream 7, Device 0, CC 8.9
    Duration                      usecond         6.08
  void iamax_kernel<int, double, double, (int)256>(cublasIamaxParams<T1, T2, T3>) (1, 1, 1)x(256, 1, 1), Context 1, Stream 7, Device 0, CC 8.9
    Duration                      usecond         6.78
  cncblasDamaxKernel(unsigned long, const double *, double *, unsigned long *) (256, 1, 1)x(256, 1, 1), Context 1, Stream 7, Device 0, CC 8.9
    Duration                      usecond         7.17
  cncblasDamaxKernel(unsigned long, const double *, double *, unsigned long *) (1, 1, 1)x(256, 1, 1), Context 1, Stream 7, Device 0, CC 8.9
    Duration                      usecond         4.93
  void iamax_kernel<int, float2, float, (int)256>(cublasIamaxParams<T1, T2, T3>) (16, 1, 1)x(256, 1, 1), Context 1, Stream 7, Device 0, CC 8.9
    Duration                      usecond         7.01
  void iamax_kernel<int, float, float, (int)256>(cublasIamaxParams<T1, T2, T3>) (1, 1, 1)x(256, 1, 1), Context 1, Stream 7, Device 0, CC 8.9
    Duration                      usecond         5.98
  cncblasCamaxKernel(unsigned long, const float2 *, float *, unsigned long *) (256, 1, 1)x(256, 1, 1), Context 1, Stream 7, Device 0, CC 8.9
    Duration                      usecond         6.53
  cncblasSamaxKernel(unsigned long, const float *, float *, unsigned long *) (1, 1, 1)x(256, 1, 1), Context 1, Stream 7, Device 0, CC 8.9
    Duration                      usecond         4.61
  void iamax_kernel<int, double2, double, (int)128>(cublasIamaxParams<T1, T2, T3>) (32, 1, 1)x(128, 1, 1), Context 1, Stream 7, Device 0, CC 8.9
    Duration                      usecond         6.11
  void iamax_kernel<int, double, double, (int)128>(cublasIamaxParams<T1, T2, T3>) (1, 1, 1)x(128, 1, 1), Context 1, Stream 7, Device 0, CC 8.9
    Duration                      usecond         8.64
  cncblasZamaxKernel(unsigned long, const double2 *, double *, unsigned long *) (256, 1, 1)x(256, 1, 1), Context 1, Stream 7, Device 0, CC 8.9
    Duration                      usecond         7.20
  cncblasDamaxKernel(unsigned long, const double *, double *, unsigned long *) (1, 1, 1)x(256, 1, 1), Context 1, Stream 7, Device 0, CC 8.9
    Duration                      usecond        19.68
  void iamin_kernel<int, float, float, (int)256>(cublasIaminParams<T1, T2, T3>) (16, 1, 1)x(256, 1, 1), Context 1, Stream 7, Device 0, CC 8.9
    Duration                      usecond         5.12
  void iamin_kernel<int, float, float, (int)256>(cublasIaminParams<T1, T2, T3>) (1, 1, 1)x(256, 1, 1), Context 1, Stream 7, Device 0, CC 8.9
    Duration                      usecond         5.60
  cncblasSaminKernel(unsigned long, const float *, float *, unsigned long *) (256, 1, 1)x(256, 1, 1), Context 1, Stream 7, Device 0, CC 8.9
    Duration                      usecond         6.46
  cncblasSaminKernel(unsigned long, const float *, float *, unsigned long *) (1, 1, 1)x(256, 1, 1), Context 1, Stream 7, Device 0, CC 8.9
    Duration                      usecond         4.45
  void iamin_kernel<int, double, double, (int)128>(cublasIaminParams<T1, T2, T3>) (32, 1, 1)x(128, 1, 1), Context 1, Stream 7, Device 0, CC 8.9
    Duration                      usecond         5.79
  void iamin_kernel<int, double, double, (int)128>(cublasIaminParams<T1, T2, T3>) (1, 1, 1)x(128, 1, 1), Context 1, Stream 7, Device 0, CC 8.9
    Duration                      usecond         6.08
  cncblasDaminKernel(unsigned long, const double *, double *, unsigned long *) (256, 1, 1)x(256, 1, 1), Context 1, Stream 7, Device 0, CC 8.9
    Duration                      usecond         7.20
  cncblasDaminKernel(unsigned long, const double *, double *, unsigned long *) (1, 1, 1)x(256, 1, 1), Context 1, Stream 7, Device 0, CC 8.9
    Duration                      usecond         4.86
  void iamin_kernel<int, float2, float, (int)128>(cublasIaminParams<T1, T2, T3>) (32, 1, 1)x(128, 1, 1), Context 1, Stream 7, Device 0, CC 8.9
    Duration                      usecond         4.99
  void iamin_kernel<int, float, float, (int)128>(cublasIaminParams<T1, T2, T3>) (1, 1, 1)x(128, 1, 1), Context 1, Stream 7, Device 0, CC 8.9
    Duration                      usecond         5.31
  cncblasCaminKernel(unsigned long, const float2 *, float *, unsigned long *) (256, 1, 1)x(256, 1, 1), Context 1, Stream 7, Device 0, CC 8.9
    Duration                      usecond         6.56
  cncblasSaminKernel(unsigned long, const float *, float *, unsigned long *) (1, 1, 1)x(256, 1, 1), Context 1, Stream 7, Device 0, CC 8.9
    Duration                      usecond         4.26
  void iamin_kernel<int, double2, double, (int)128>(cublasIaminParams<T1, T2, T3>) (32, 1, 1)x(128, 1, 1), Context 1, Stream 7, Device 0, CC 8.9
    Duration                      usecond         5.86
  void iamin_kernel<int, double, double, (int)128>(cublasIaminParams<T1, T2, T3>) (1, 1, 1)x(128, 1, 1), Context 1, Stream 7, Device 0, CC 8.9
    Duration                      usecond         6.27
  cncblasZaminKernel(unsigned long, const double2 *, double *, unsigned long *) (256, 1, 1)x(256, 1, 1), Context 1, Stream 7, Device 0, CC 8.9
    Duration                      usecond         7.23
  cncblasDaminKernel(unsigned long, const double *, double *, unsigned long *) (1, 1, 1)x(256, 1, 1), Context 1, Stream 7, Device 0, CC 8.9
    Duration                      usecond         4.93
  void asum_kernel<int, float, float>(cublasAsumParams<T2, T3>) (144, 1, 1)x(256, 1, 1), Context 1, Stream 7, Device 0, CC 8.9
    Duration                      usecond         5.18
  void asum_kernel<int, float, float>(cublasAsumParams<T2, T3>) (1, 1, 1)x(256, 1, 1), Context 1, Stream 7, Device 0, CC 8.9
    Duration                      usecond         3.94
  cncblasSasumKernel(unsigned long, const float *, float *) (256, 1, 1)x(256, 1, 1), Context 1, Stream 7, Device 0, CC 8.9
    Duration                      usecond         4.54
  cncblasSasumKernel(unsigned long, const float *, float *) (1, 1, 1)x(256, 1, 1), Context 1, Stream 7, Device 0, CC 8.9
    Duration                      usecond         3.46
  void asum_kernel<int, double, double>(cublasAsumParams<T2, T3>) (288, 1, 1)x(128, 1, 1), Context 1, Stream 7, Device 0, CC 8.9
    Duration                      usecond         8.74
  void asum_kernel<int, double, double>(cublasAsumParams<T2, T3>) (1, 1, 1)x(128, 1, 1), Context 1, Stream 7, Device 0, CC 8.9
    Duration                      usecond         5.28
  cncblasDasumKernel(unsigned long, const double *, double *) (256, 1, 1)x(256, 1, 1), Context 1, Stream 7, Device 0, CC 8.9
    Duration                      usecond         7.36
  cncblasDasumKernel(unsigned long, const double *, double *) (1, 1, 1)x(256, 1, 1), Context 1, Stream 7, Device 0, CC 8.9
    Duration                      usecond         5.15
  void asum_kernel<int, float2, float>(cublasAsumParams<T2, T3>) (288, 1, 1)x(128, 1, 1), Context 1, Stream 7, Device 0, CC 8.9
    Duration                      usecond         4.96
  void asum_kernel<int, float, float>(cublasAsumParams<T2, T3>) (1, 1, 1)x(128, 1, 1), Context 1, Stream 7, Device 0, CC 8.9
    Duration                      usecond         4.54
  cncblasCasumKernel(unsigned long, const float2 *, float *) (256, 1, 1)x(256, 1, 1), Context 1, Stream 7, Device 0, CC 8.9
    Duration                      usecond         4.64
  cncblasSasumKernel(unsigned long, const float *, float *) (1, 1, 1)x(256, 1, 1), Context 1, Stream 7, Device 0, CC 8.9
    Duration                      usecond         3.46
  void asum_kernel<int, double2, double>(cublasAsumParams<T2, T3>) (288, 1, 1)x(128, 1, 1), Context 1, Stream 7, Device 0, CC 8.9
    Duration                      usecond         8.70
  void asum_kernel<int, double, double>(cublasAsumParams<T2, T3>) (1, 1, 1)x(128, 1, 1), Context 1, Stream 7, Device 0, CC 8.9
    Duration                      usecond         5.18
  cncblasZasumKernel(unsigned long, const double2 *, double *) (256, 1, 1)x(256, 1, 1), Context 1, Stream 7, Device 0, CC 8.9
    Duration                      usecond         7.68
  cncblasDasumKernel(unsigned long, const double *, double *) (1, 1, 1)x(256, 1, 1), Context 1, Stream 7, Device 0, CC 8.9
    Duration                      usecond         5.28
  void axpy_kernel_val<float, float>(cublasAxpyParamsVal<T1, T1, T2>) (16, 1, 1)x(256, 1, 1), Context 1, Stream 7, Device 0, CC 8.9
    Duration                      usecond         3.23
  cncblasSaxpyKernel(unsigned long, float *, const float *, float *) (16, 1, 1)x(256, 1, 1), Context 1, Stream 7, Device 0, CC 8.9
    Duration                      usecond         3.04
  void axpy_kernel_val<double, double>(cublasAxpyParamsVal<T1, T1, T2>) (11, 1, 1)x(384, 1, 1), Context 1, Stream 7, Device 0, CC 8.9
    Duration                      usecond         3.84
  cncblasDaxpyKernel(unsigned long, double *, const double *, double *) (16, 1, 1)x(256, 1, 1), Context 1, Stream 7, Device 0, CC 8.9
    Duration                      usecond         3.30
  void axpy_kernel_val<float2, float2>(cublasAxpyParamsVal<T1, T1, T2>) (11, 1, 1)x(384, 1, 1), Context 1, Stream 7, Device 0, CC 8.9
    Duration                      usecond         3.46
  cncblasCaxpyKernel(unsigned long, float2 *, const float2 *, float2 *) (16, 1, 1)x(256, 1, 1), Context 1, Stream 7, Device 0, CC 8.9
    Duration                      usecond         3.39
  void axpy_kernel_val<double2, double2>(cublasAxpyParamsVal<T1, T1, T2>) (11, 1, 1)x(384, 1, 1), Context 1, Stream 7, Device 0, CC 8.9
    Duration                      usecond         4.54
  cncblasZaxpyKernel(unsigned long, double2 *, const double2 *, double2 *) (16, 1, 1)x(256, 1, 1), Context 1, Stream 7, Device 0, CC 8.9
    Duration                      usecond         4.10
  void copy_kernel<float>(cublasCopyParams<T1>) (16, 1, 1)x(256, 1, 1), Context 1, Stream 7, Device 0, CC 8.9
    Duration                      usecond         3.17
  void copy_kernel<double>(cublasCopyParams<T1>) (11, 1, 1)x(384, 1, 1), Context 1, Stream 7, Device 0, CC 8.9
    Duration                      usecond         3.23
  void copy_kernel<float2>(cublasCopyParams<T1>) (11, 1, 1)x(384, 1, 1), Context 1, Stream 7, Device 0, CC 8.9
    Duration                      usecond         5.38
  void copy_kernel<double2>(cublasCopyParams<T1>) (11, 1, 1)x(384, 1, 1), Context 1, Stream 7, Device 0, CC 8.9
    Duration                      usecond         5.89
  void dot_kernel<float, (int)128, (int)0, cublasDotParams<cublasGemvTensor<const float>, cublasGemvTensorStridedBatched<float>>>(T4) (32, 1, 1)x(128, 1, 1), Context 1, Stream 7, Device 0, CC 8.9
    Duration                      usecond         3.81
  void reduce_1Block_kernel<float, (int)128, (int)7, cublasGemvTensorStridedBatched<float>, cublasGemvTensorStridedBatched<float>, cublasGemvTensorStridedBatched<float>>(const T1 *, T1, T4, int, const T1 *, T1, T5, T6, cublasPointerMode_t, cublasLtEpilogue_t, cublasGemvTensorStridedBatched<const biasType<T6::value_type, T1>::type>) (1, 1, 1)x(128, 1, 1), Context 1, Stream 7, Device 0, CC 8.9
    Duration                      usecond         3.62
  cncblasSdotKernel_1(unsigned long, const float *, const float *, float *) (256, 1, 1)x(256, 1, 1), Context 1, Stream 7, Device 0, CC 8.9
    Duration                      usecond         4.61
  cncblasSdotKernel_2(unsigned long, const float *, float *) (1, 1, 1)x(256, 1, 1), Context 1, Stream 7, Device 0, CC 8.9
    Duration                      usecond         3.46
  void dot_kernel<double, (int)128, (int)0, cublasDotParams<cublasGemvTensor<const double>, cublasGemvTensorStridedBatched<double>>>(T4) (32, 1, 1)x(128, 1, 1), Context 1, Stream 7, Device 0, CC 8.9
    Duration                      usecond         4.70
  void reduce_1Block_kernel<double, (int)128, (int)7, cublasGemvTensorStridedBatched<double>, cublasGemvTensorStridedBatched<double>, cublasGemvTensorStridedBatched<double>>(const T1 *, T1, T4, int, const T1 *, T1, T5, T6, cublasPointerMode_t, cublasLtEpilogue_t, cublasGemvTensorStridedBatched<const biasType<T6::value_type, T1>::type>) (1, 1, 1)x(128, 1, 1), Context 1, Stream 7, Device 0, CC 8.9
    Duration                      usecond         4.29
  cncblasDdotKernel_1(unsigned long, const double *, const double *, double *) (256, 1, 1)x(256, 1, 1), Context 1, Stream 7, Device 0, CC 8.9
    Duration                      usecond        27.17
  cncblasDdotKernel_2(unsigned long, const double *, double *) (1, 1, 1)x(256, 1, 1), Context 1, Stream 7, Device 0, CC 8.9
    Duration                      usecond         5.57
  void dot_kernel<float2, (int)128, (int)0, cublasDotParams<cublasGemvTensor<const float2>, cublasGemvTensorStridedBatched<float2>>>(T4) (32, 1, 1)x(128, 1, 1), Context 1, Stream 7, Device 0, CC 8.9
    Duration                      usecond         4.03
  void reduce_1Block_kernel<float2, (int)128, (int)7, cublasGemvTensorStridedBatched<float2>, cublasGemvTensorStridedBatched<float2>, cublasGemvTensorStridedBatched<float2>>(const T1 *, T1, T4, int, const T1 *, T1, T5, T6, cublasPointerMode_t, cublasLtEpilogue_t, cublasGemvTensorStridedBatched<const biasType<T6::value_type, T1>::type>) (1, 1, 1)x(128, 1, 1), Context 1, Stream 7, Device 0, CC 8.9
    Duration                      usecond         3.49
  cncblasCdotuKernel_1(unsigned long, const float2 *, const float2 *, float2 *) (256, 1, 1)x(256, 1, 1), Context 1, Stream 7, Device 0, CC 8.9
    Duration                      usecond         5.18
  cncblasCdotuKernel_2(unsigned long, const float2 *, float2 *) (1, 1, 1)x(256, 1, 1), Context 1, Stream 7, Device 0, CC 8.9
    Duration                      usecond         4.67
  void dot_kernel<float2, (int)128, (int)1, cublasDotParams<cublasGemvTensor<const float2>, cublasGemvTensorStridedBatched<float2>>>(T4) (32, 1, 1)x(128, 1, 1), Context 1, Stream 7, Device 0, CC 8.9
    Duration                      usecond         3.90
  void reduce_1Block_kernel<float2, (int)128, (int)7, cublasGemvTensorStridedBatched<float2>, cublasGemvTensorStridedBatched<float2>, cublasGemvTensorStridedBatched<float2>>(const T1 *, T1, T4, int, const T1 *, T1, T5, T6, cublasPointerMode_t, cublasLtEpilogue_t, cublasGemvTensorStridedBatched<const biasType<T6::value_type, T1>::type>) (1, 1, 1)x(128, 1, 1), Context 1, Stream 7, Device 0, CC 8.9
    Duration                      usecond         3.49
  cncblasCdotcKernel_1(unsigned long, const float2 *, const float2 *, float2 *) (256, 1, 1)x(256, 1, 1), Context 1, Stream 7, Device 0, CC 8.9
    Duration                      usecond         5.09
  cncblasCdotcKernel_2(unsigned long, const float2 *, float2 *) (1, 1, 1)x(256, 1, 1), Context 1, Stream 7, Device 0, CC 8.9
    Duration                      usecond         3.71
  void dot_kernel<double2, (int)64, (int)0, cublasDotParams<cublasGemvTensor<const double2>, cublasGemvTensorStridedBatched<double2>>>(T4) (64, 1, 1)x(64, 1, 1), Context 1, Stream 7, Device 0, CC 8.9
    Duration                      usecond         5.57
  void reduce_1Block_kernel<double2, (int)64, (int)6, cublasGemvTensorStridedBatched<double2>, cublasGemvTensorStridedBatched<double2>, cublasGemvTensorStridedBatched<double2>>(const T1 *, T1, T4, int, const T1 *, T1, T5, T6, cublasPointerMode_t, cublasLtEpilogue_t, cublasGemvTensorStridedBatched<const biasType<T6::value_type, T1>::type>) (1, 1, 1)x(64, 1, 1), Context 1, Stream 7, Device 0, CC 8.9
    Duration                      usecond         5.98
  cncblasZdotuKernel_1(unsigned long, const double2 *, const double2 *, double2 *) (256, 1, 1)x(256, 1, 1), Context 1, Stream 7, Device 0, CC 8.9
    Duration                      usecond        11.87
  cncblasZdotuKernel_2(unsigned long, const double2 *, double2 *) (1, 1, 1)x(256, 1, 1), Context 1, Stream 7, Device 0, CC 8.9
    Duration                      usecond         5.15
  void dot_kernel<double2, (int)64, (int)1, cublasDotParams<cublasGemvTensor<const double2>, cublasGemvTensorStridedBatched<double2>>>(T4) (64, 1, 1)x(64, 1, 1), Context 1, Stream 7, Device 0, CC 8.9
    Duration                      usecond         5.47
  void reduce_1Block_kernel<double2, (int)64, (int)6, cublasGemvTensorStridedBatched<double2>, cublasGemvTensorStridedBatched<double2>, cublasGemvTensorStridedBatched<double2>>(const T1 *, T1, T4, int, const T1 *, T1, T5, T6, cublasPointerMode_t, cublasLtEpilogue_t, cublasGemvTensorStridedBatched<const biasType<T6::value_type, T1>::type>) (1, 1, 1)x(64, 1, 1), Context 1, Stream 7, Device 0, CC 8.9
    Duration                      usecond         4.45
  cncblasZdotcKernel_1(unsigned long, const double2 *, const double2 *, double2 *) (256, 1, 1)x(256, 1, 1), Context 1, Stream 7, Device 0, CC 8.9
    Duration                      usecond        11.84
  cncblasZdotcKernel_2(unsigned long, const double2 *, double2 *) (1, 1, 1)x(256, 1, 1), Context 1, Stream 7, Device 0, CC 8.9
    Duration                      usecond         5.12
  void nrm2_kernel<float, float, float, (int)1, (int)0, (int)128>(cublasNrm2Params<int, T1, T3>) (288, 1, 1)x(128, 1, 1), Context 1, Stream 7, Device 0, CC 8.9
    Duration                      usecond         5.60
  void nrm2_kernel<float, float, float, (int)1, (int)0, (int)128>(cublasNrm2Params<int, T1, T3>) (1, 1, 1)x(128, 1, 1), Context 1, Stream 7, Device 0, CC 8.9
    Duration                      usecond         6.02
  cncblasSdotKernel_1(unsigned long, const float *, const float *, float *) (256, 1, 1)x(256, 1, 1), Context 1, Stream 7, Device 0, CC 8.9
    Duration                      usecond         4.58
  cncblasSdotKernel_2(unsigned long, const float *, float *) (1, 1, 1)x(256, 1, 1), Context 1, Stream 7, Device 0, CC 8.9
    Duration                      usecond         3.49
  void nrm2_kernel<double, double, double, (int)0, (int)0, (int)128>(cublasNrm2Params<int, T1, T3>) (288, 1, 1)x(128, 1, 1), Context 1, Stream 7, Device 0, CC 8.9
    Duration                      usecond        56.13
  void nrm2_kernel<double, double, double, (int)0, (int)0, (int)128>(cublasNrm2Params<int, T1, T3>) (1, 1, 1)x(128, 1, 1), Context 1, Stream 7, Device 0, CC 8.9
    Duration                      usecond        25.66
  cncblasDdotKernel_1(unsigned long, const double *, const double *, double *) (256, 1, 1)x(256, 1, 1), Context 1, Stream 7, Device 0, CC 8.9
    Duration                      usecond         7.36
  cncblasDdotKernel_2(unsigned long, const double *, double *) (1, 1, 1)x(256, 1, 1), Context 1, Stream 7, Device 0, CC 8.9
    Duration                      usecond         5.54
  void nrm2_kernel<float2, float, float, (int)1, (int)1, (int)128>(cublasNrm2Params<int, T1, T3>) (288, 1, 1)x(128, 1, 1), Context 1, Stream 7, Device 0, CC 8.9
    Duration                      usecond         5.57
  void nrm2_kernel<float, float, float, (int)1, (int)0, (int)128>(cublasNrm2Params<int, T1, T3>) (1, 1, 1)x(128, 1, 1), Context 1, Stream 7, Device 0, CC 8.9
    Duration                      usecond         5.89
  cncblasCdotcKernel_1(unsigned long, const float2 *, const float2 *, float2 *) (256, 1, 1)x(256, 1, 1), Context 1, Stream 7, Device 0, CC 8.9
    Duration                      usecond         5.12
  cncblasCdotcKernel_2(unsigned long, const float2 *, float2 *) (1, 1, 1)x(256, 1, 1), Context 1, Stream 7, Device 0, CC 8.9
    Duration                      usecond         5.89
  void nrm2_kernel<double2, double, double, (int)0, (int)1, (int)128>(cublasNrm2Params<int, T1, T3>) (240, 1, 1)x(128, 1, 1), Context 1, Stream 7, Device 0, CC 8.9
    Duration                      usecond        51.90
  void nrm2_kernel<double, double, double, (int)0, (int)0, (int)128>(cublasNrm2Params<int, T1, T3>) (1, 1, 1)x(128, 1, 1), Context 1, Stream 7, Device 0, CC 8.9
    Duration                      usecond        25.18
  cncblasZdotcKernel_1(unsigned long, const double2 *, const double2 *, double2 *) (256, 1, 1)x(256, 1, 1), Context 1, Stream 7, Device 0, CC 8.9
    Duration                      usecond        11.94
  cncblasZdotcKernel_2(unsigned long, const double2 *, double2 *) (1, 1, 1)x(256, 1, 1), Context 1, Stream 7, Device 0, CC 8.9
    Duration                      usecond         5.12
  void rot_kernel_val<float, float, float, float>(cublasRotParamsVal<T1, T2, T3>) (11, 1, 1)x(384, 1, 1), Context 1, Stream 7, Device 0, CC 8.9
    Duration                      usecond         3.97
  cncblasSrot_kernel(unsigned long, float *, float *, const float *, const float *) (16, 1, 1)x(256, 1, 1), Context 1, Stream 7, Device 0, CC 8.9
    Duration                      usecond         5.54
  void rot_kernel_val<double, double, double, double>(cublasRotParamsVal<T1, T2, T3>) (11, 1, 1)x(384, 1, 1), Context 1, Stream 7, Device 0, CC 8.9
    Duration                      usecond        29.89
  cncblasDrot_kernel(unsigned long, double *, double *, const double *, const double *) (16, 1, 1)x(256, 1, 1), Context 1, Stream 7, Device 0, CC 8.9
    Duration                      usecond         3.81
  void scal_kernel_val<float, float>(cublasScalParamsVal<T1, T2>) (16, 1, 1)x(256, 1, 1), Context 1, Stream 7, Device 0, CC 8.9
    Duration                      usecond         3.10
  cncblasSscalKernel(unsigned long, const float *, float *) (16, 1, 1)x(256, 1, 1), Context 1, Stream 7, Device 0, CC 8.9
    Duration                      usecond         3.10
  void scal_kernel_val<double, double>(cublasScalParamsVal<T1, T2>) (11, 1, 1)x(384, 1, 1), Context 1, Stream 7, Device 0, CC 8.9
    Duration                      usecond         3.26
  cncblasDscalKernel(unsigned long, const double *, double *) (16, 1, 1)x(256, 1, 1), Context 1, Stream 7, Device 0, CC 8.9
    Duration                      usecond         3.20
  void scal_kernel_val<float2, float2>(cublasScalParamsVal<T1, T2>) (11, 1, 1)x(384, 1, 1), Context 1, Stream 7, Device 0, CC 8.9
    Duration                      usecond         3.23
  cncblasCscalKernel(unsigned long, const float2 *, float2 *) (16, 1, 1)x(256, 1, 1), Context 1, Stream 7, Device 0, CC 8.9
    Duration                      usecond         5.09
  void scal_kernel_val<double2, double2>(cublasScalParamsVal<T1, T2>) (11, 1, 1)x(384, 1, 1), Context 1, Stream 7, Device 0, CC 8.9
    Duration                      usecond         3.94
  cncblasZscalKernel(unsigned long, const double2 *, double2 *) (16, 1, 1)x(256, 1, 1), Context 1, Stream 7, Device 0, CC 8.9
    Duration                      usecond         3.65
  void scal_kernel_val<float2, float>(cublasScalParamsVal<T1, T2>) (11, 1, 1)x(384, 1, 1), Context 1, Stream 7, Device 0, CC 8.9
    Duration                      usecond         3.26
  cncblasCsscalKernel(unsigned long, const float *, float2 *) (16, 1, 1)x(256, 1, 1), Context 1, Stream 7, Device 0, CC 8.9
    Duration                      usecond         3.04
  void scal_kernel_val<double2, double>(cublasScalParamsVal<T1, T2>) (11, 1, 1)x(384, 1, 1), Context 1, Stream 7, Device 0, CC 8.9
    Duration                      usecond         4.03
  cncblasZdscalKernel(unsigned long, const double *, double2 *) (16, 1, 1)x(256, 1, 1), Context 1, Stream 7, Device 0, CC 8.9
    Duration                      usecond         3.68
  void swap_kernel<float>(cublasSwapParams<T1>) (11, 1, 1)x(384, 1, 1), Context 1, Stream 7, Device 0, CC 8.9
    Duration                      usecond         3.81
  void cncblasSwapKernel<float>(unsigned long, T1 *, T1 *) (16, 1, 1)x(256, 1, 1), Context 1, Stream 7, Device 0, CC 8.9
    Duration                      usecond         3.36
  void swap_kernel<double>(cublasSwapParams<T1>) (11, 1, 1)x(384, 1, 1), Context 1, Stream 7, Device 0, CC 8.9
    Duration                      usecond         7.36
  void cncblasSwapKernel<double>(unsigned long, T1 *, T1 *) (16, 1, 1)x(256, 1, 1), Context 1, Stream 7, Device 0, CC 8.9
    Duration                      usecond         3.33
  void swap_kernel<float2>(cublasSwapParams<T1>) (11, 1, 1)x(384, 1, 1), Context 1, Stream 7, Device 0, CC 8.9
    Duration                      usecond         3.87
  void cncblasSwapKernel<float2>(unsigned long, T1 *, T1 *) (16, 1, 1)x(256, 1, 1), Context 1, Stream 7, Device 0, CC 8.9
    Duration                      usecond         3.23
  void swap_kernel<double2>(cublasSwapParams<T1>) (11, 1, 1)x(384, 1, 1), Context 1, Stream 7, Device 0, CC 8.9
    Duration                      usecond         4.26
  void cncblasSwapKernel<double2>(unsigned long, T1 *, T1 *) (16, 1, 1)x(256, 1, 1), Context 1, Stream 7, Device 0, CC 8.9
    Duration                      usecond         3.71
  cncblasSscalKernel(unsigned long, const float *, float *) (4, 1, 1)x(256, 1, 1), Context 1, Stream 7, Device 0, CC 8.9
    Duration                      usecond         5.38
  cncblasSgbmvKernelN(int, int, int, int, const float *, const float *, const float *, float *) (4, 32, 1)x(256, 1, 1), Context 1, Stream 7, Device 0, CC 8.9
    Duration                      usecond         8.58
  cncblasSscalKernel(unsigned long, const float *, float *) (4, 1, 1)x(256, 1, 1), Context 1, Stream 7, Device 0, CC 8.9
    Duration                      usecond         2.94
  cncblasSgemvKernelN(int, int, const float *, const float *, const float *, float *) (1024, 1, 1)x(256, 1, 1), Context 1, Stream 7, Device 0, CC 8.9
    Duration                      usecond        48.38
  cncblasSscalKernel(unsigned long, const float *, float *) (8, 1, 1)x(256, 1, 1), Context 1, Stream 7, Device 0, CC 8.9
    Duration                      usecond         2.98
  cncblasSgbmvKernelT(int, int, int, int, const float *, const float *, const float *, float *) (5, 32, 1)x(256, 1, 1), Context 1, Stream 7, Device 0, CC 8.9
    Duration                      usecond         9.31
  cncblasSscalKernel(unsigned long, const float *, float *) (8, 1, 1)x(256, 1, 1), Context 1, Stream 7, Device 0, CC 8.9
    Duration                      usecond         2.91
  cncblasSgemvKernelT(int, int, const float *, const float *, const float *, float *) (8, 4, 1)x(256, 1, 1), Context 1, Stream 7, Device 0, CC 8.9
    Duration                      usecond        47.97
  cncblasDscalKernel(unsigned long, const double *, double *) (4, 1, 1)x(256, 1, 1), Context 1, Stream 7, Device 0, CC 8.9
    Duration                      usecond         3.14
  cncblasDgbmvKernelN(int, int, int, int, const double *, const double *, const double *, double *) (4, 32, 1)x(256, 1, 1), Context 1, Stream 7, Device 0, CC 8.9
    Duration                      usecond        13.44
  cncblasDscalKernel(unsigned long, const double *, double *) (4, 1, 1)x(256, 1, 1), Context 1, Stream 7, Device 0, CC 8.9
    Duration                      usecond         3.10
  cncblasDgemvKernelN(int, int, const double *, const double *, const double *, double *) (1024, 1, 1)x(256, 1, 1), Context 1, Stream 7, Device 0, CC 8.9
    Duration                      usecond        95.62
  cncblasDscalKernel(unsigned long, const double *, double *) (8, 1, 1)x(256, 1, 1), Context 1, Stream 7, Device 0, CC 8.9
    Duration                      usecond         3.10
  cncblasDgbmvKernelT(int, int, int, int, const double *, const double *, const double *, double *) (5, 32, 1)x(256, 1, 1), Context 1, Stream 7, Device 0, CC 8.9
    Duration                      usecond        15.90
  cncblasDscalKernel(unsigned long, const double *, double *) (8, 1, 1)x(256, 1, 1), Context 1, Stream 7, Device 0, CC 8.9
    Duration                      usecond         3.07
  cncblasDgemvKernelT(int, int, const double *, const double *, const double *, double *) (8, 4, 1)x(256, 1, 1), Context 1, Stream 7, Device 0, CC 8.9
    Duration                      usecond        99.87
  cncblasCscalKernel(unsigned long, const float2 *, float2 *) (4, 1, 1)x(256, 1, 1), Context 1, Stream 7, Device 0, CC 8.9
    Duration                      usecond         5.54
  cncblasCgbmvKernelN_phase1(int, int, int, int, const float2 *, const float2 *, const float2 *, float2 *) (4, 32, 1)x(256, 1, 1), Context 1, Stream 7, Device 0, CC 8.9
    Duration                      usecond        12.58
  cncblasCgbmvKernelN_phase2(int, const float2 *, float2 *) (4, 1, 1)x(256, 1, 1), Context 1, Stream 7, Device 0, CC 8.9
    Duration                      usecond         5.38
  cncblasCscalKernel(unsigned long, const float2 *, float2 *) (4, 1, 1)x(256, 1, 1), Context 1, Stream 7, Device 0, CC 8.9
    Duration                      usecond         2.98
  cncblasCgemvKernelN(int, int, const float2 *, const float2 *, const float2 *, float2 *) (1024, 1, 1)x(256, 1, 1), Context 1, Stream 7, Device 0, CC 8.9
    Duration                      usecond        96.45
  cncblasCscalKernel(unsigned long, const float2 *, float2 *) (8, 1, 1)x(256, 1, 1), Context 1, Stream 7, Device 0, CC 8.9
    Duration                      usecond         5.70
  cncblasCgbmvKernelT_phase1(int, int, int, int, const float2 *, const float2 *, const float2 *, float2 *) (5, 32, 1)x(256, 1, 1), Context 1, Stream 7, Device 0, CC 8.9
    Duration                      usecond        13.66
  cncblasCgbmvKernelT_phase2(int, const float2 *, float2 *) (5, 1, 1)x(256, 1, 1), Context 1, Stream 7, Device 0, CC 8.9
    Duration                      usecond        51.52
  cncblasCscalKernel(unsigned long, const float2 *, float2 *) (8, 1, 1)x(256, 1, 1), Context 1, Stream 7, Device 0, CC 8.9
    Duration                      usecond         6.08
  cncblasCgemvKernelT_1(int, int, const float2 *, const float2 *, const float2 *, float2 *) (8, 4, 1)x(256, 1, 1), Context 1, Stream 7, Device 0, CC 8.9
    Duration                      usecond        96.48
  cncblasCgemvKernelT_2(int, const float2 *, float2 *) (2048, 1, 1)x(32, 1, 1), Context 1, Stream 7, Device 0, CC 8.9
    Duration                      usecond        13.66
  cncblasCscalKernel(unsigned long, const float2 *, float2 *) (8, 1, 1)x(256, 1, 1), Context 1, Stream 7, Device 0, CC 8.9
    Duration                      usecond         2.94
  cncblasCgbmvKernelC_phase1(int, int, int, int, const float2 *, const float2 *, const float2 *, float2 *) (5, 32, 1)x(256, 1, 1), Context 1, Stream 7, Device 0, CC 8.9
    Duration                      usecond        12.99
  cncblasCgbmvKernelC_phase2(int, const float2 *, float2 *) (5, 1, 1)x(256, 1, 1), Context 1, Stream 7, Device 0, CC 8.9
    Duration                      usecond         5.38
  cncblasCscalKernel(unsigned long, const float2 *, float2 *) (8, 1, 1)x(256, 1, 1), Context 1, Stream 7, Device 0, CC 8.9
    Duration                      usecond         3.14
  cncblasCgemvKernelC_1(int, int, const float2 *, const float2 *, const float2 *, float2 *) (8, 4, 1)x(256, 1, 1), Context 1, Stream 7, Device 0, CC 8.9
    Duration                      usecond        95.39
  cncblasCgemvKernelC_2(int, const float2 *, float2 *) (2048, 1, 1)x(32, 1, 1), Context 1, Stream 7, Device 0, CC 8.9
    Duration                      usecond        12.58
  cncblasZscalKernel(unsigned long, const double2 *, double2 *) (4, 1, 1)x(256, 1, 1), Context 1, Stream 7, Device 0, CC 8.9
    Duration                      usecond         3.52
  cncblasZgbmvKernelN_phase1(int, int, int, int, const double2 *, const double2 *, const double2 *, double2 *) (4, 32, 1)x(256, 1, 1), Context 1, Stream 7, Device 0, CC 8.9
    Duration                      usecond       100.54
  cncblasZgbmvKernelN_phase2(int, const double2 *, double2 *) (4, 1, 1)x(256, 1, 1), Context 1, Stream 7, Device 0, CC 8.9
    Duration                      usecond        11.87
  cncblasZscalKernel(unsigned long, const double2 *, double2 *) (4, 1, 1)x(256, 1, 1), Context 1, Stream 7, Device 0, CC 8.9
    Duration                      usecond         3.62
  cncblasZgemvKernelN(int, int, const double2 *, const double2 *, const double2 *, double2 *) (1024, 1, 1)x(256, 1, 1), Context 1, Stream 7, Device 0, CC 8.9
    Duration                      usecond       303.58
  cncblasZscalKernel(unsigned long, const double2 *, double2 *) (8, 1, 1)x(256, 1, 1), Context 1, Stream 7, Device 0, CC 8.9
    Duration                      usecond         3.52
  cncblasZgbmvKernelT_phase1(int, int, int, int, const double2 *, const double2 *, const double2 *, double2 *) (5, 32, 1)x(256, 1, 1), Context 1, Stream 7, Device 0, CC 8.9
    Duration                      usecond        38.50
  cncblasZgbmvKernelT_phase2(int, const double2 *, double2 *) (5, 1, 1)x(256, 1, 1), Context 1, Stream 7, Device 0, CC 8.9
    Duration                      usecond        12.10
  cncblasZscalKernel(unsigned long, const double2 *, double2 *) (8, 1, 1)x(256, 1, 1), Context 1, Stream 7, Device 0, CC 8.9
    Duration                      usecond         3.65
  cncblasZgemvKernelT_1(int, int, const double2 *, const double2 *, const double2 *, double2 *) (8, 4, 1)x(256, 1, 1), Context 1, Stream 7, Device 0, CC 8.9
    Duration                      usecond       394.98
  cncblasZgemvKernelT_2(int, const double2 *, double2 *) (2048, 1, 1)x(32, 1, 1), Context 1, Stream 7, Device 0, CC 8.9
    Duration                      usecond        24.74
  cncblasZscalKernel(unsigned long, const double2 *, double2 *) (8, 1, 1)x(256, 1, 1), Context 1, Stream 7, Device 0, CC 8.9
    Duration                      usecond         3.55
  cncblasZgbmvKernelC_phase1(int, int, int, int, const double2 *, const double2 *, const double2 *, double2 *) (5, 32, 1)x(256, 1, 1), Context 1, Stream 7, Device 0, CC 8.9
    Duration                      usecond        42.94
  cncblasZgbmvKernelC_phase2(int, const double2 *, double2 *) (5, 1, 1)x(256, 1, 1), Context 1, Stream 7, Device 0, CC 8.9
    Duration                      usecond        11.97
  cncblasZscalKernel(unsigned long, const double2 *, double2 *) (8, 1, 1)x(256, 1, 1), Context 1, Stream 7, Device 0, CC 8.9
    Duration                      usecond         3.52
  cncblasZgemvKernelC_1(int, int, const double2 *, const double2 *, const double2 *, double2 *) (8, 4, 1)x(256, 1, 1), Context 1, Stream 7, Device 0, CC 8.9
    Duration                      usecond       395.07
  cncblasZgemvKernelC_2(int, const double2 *, double2 *) (2048, 1, 1)x(32, 1, 1), Context 1, Stream 7, Device 0, CC 8.9
    Duration                      usecond        24.93
  void gemvNSP_kernel<float, float, float, float, (int)1, (int)16, (int)4, (int)1024, (bool)0, cublasGemvParamsEx<int, cublasGemvTensorStridedBatched<const float>, cublasGemvTensorStridedBatched<const float>, cublasGemvTensorStridedBatched<float>, float>>(T10) (32, 1, 1)x(32, 16, 1), Context 1, Stream 7, Device 0, CC 8.9
    Duration                      usecond         9.18
  cncblasSscalKernel(unsigned long, const float *, float *) (4, 1, 1)x(256, 1, 1), Context 1, Stream 7, Device 0, CC 8.9
    Duration                      usecond         2.98
  cncblasSgemvKernelN(int, int, const float *, const float *, const float *, float *) (1024, 1, 1)x(256, 1, 1), Context 1, Stream 7, Device 0, CC 8.9
    Duration                      usecond        18.62
  void gemv2N_kernel<int, int, double, double, double, double, (int)128, (int)4, (int)4, (int)4, (int)1, (bool)0, cublasGemvParamsEx<int, cublasGemvTensorStridedBatched<const double>, cublasGemvTensorStridedBatched<const double>, cublasGemvTensorStridedBatched<double>, double>>(T13) (32, 1, 1)x(128, 1, 1), Context 1, Stream 7, Device 0, CC 8.9
    Duration                      usecond        17.95
  cncblasDscalKernel(unsigned long, const double *, double *) (4, 1, 1)x(256, 1, 1), Context 1, Stream 7, Device 0, CC 8.9
    Duration                      usecond         5.60
  cncblasDgemvKernelN(int, int, const double *, const double *, const double *, double *) (1024, 1, 1)x(256, 1, 1), Context 1, Stream 7, Device 0, CC 8.9
    Duration                      usecond        34.11
  ampere_cgemm_64x32_nn (16, 1, 1)x(128, 1, 1), Context 1, Stream 7, Device 0, CC 8.9
    Duration                      usecond        37.15
  cncblasCscalKernel(unsigned long, const float2 *, float2 *) (4, 1, 1)x(256, 1, 1), Context 1, Stream 7, Device 0, CC 8.9
    Duration                      usecond         2.98
  cncblasCgemvKernelN(int, int, const float2 *, const float2 *, const float2 *, float2 *) (1024, 1, 1)x(256, 1, 1), Context 1, Stream 7, Device 0, CC 8.9
    Duration                      usecond        21.76
  void gemvNSP_kernel<double2, double2, double2, double2, (int)1, (int)32, (int)4, (int)1024, (bool)0, cublasGemvParamsEx<int, cublasGemvTensorStridedBatched<const double2>, cublasGemvTensorStridedBatched<const double2>, cublasGemvTensorStridedBatched<double2>, double2>>(T10) (128, 1, 1)x(8, 32, 1), Context 1, Stream 7, Device 0, CC 8.9
    Duration                      usecond        38.18
  cncblasZscalKernel(unsigned long, const double2 *, double2 *) (4, 1, 1)x(256, 1, 1), Context 1, Stream 7, Device 0, CC 8.9
    Duration                      usecond         3.49
  cncblasZgemvKernelN(int, int, const double2 *, const double2 *, const double2 *, double2 *) (1024, 1, 1)x(256, 1, 1), Context 1, Stream 7, Device 0, CC 8.9
    Duration                      usecond        74.46
  std::enable_if<!T7, void>::type internal::gemvx::kernel<int, int, float, float, float, float, (bool)0, (bool)1, (bool)1, (bool)0, (int)9, (bool)0, cublasGemvParamsEx<int, cublasGemvTensorStridedBatched<const float>, cublasGemvTensorStridedBatched<const float>, cublasGemvTensorStridedBatched<float>, float>>(T13) (16, 1, 1)x(32, 16, 1), Context 1, Stream 7, Device 0, CC 8.9
    Duration                      usecond        11.74
  cncblasSscalKernel(unsigned long, const float *, float *) (1, 1, 1)x(256, 1, 1), Context 1, Stream 7, Device 0, CC 8.9
    Duration                      usecond         2.98
  cncblasSgemvKernelT(int, int, const float *, const float *, const float *, float *) (1, 4, 1)x(256, 1, 1), Context 1, Stream 7, Device 0, CC 8.9
    Duration                      usecond        25.70
  void gemv2T_kernel_val<int, int, double, double, double, double, (int)128, (int)16, (int)4, (int)4, (bool)0, (bool)0, cublasGemvParamsEx<int, cublasGemvTensorStridedBatched<const double>, cublasGemvTensorStridedBatched<const double>, cublasGemvTensorStridedBatched<double>, double>>(T13, T6, T6) (32, 1, 1)x(128, 1, 1), Context 1, Stream 7, Device 0, CC 8.9
    Duration                      usecond        19.65
  cncblasDscalKernel(unsigned long, const double *, double *) (1, 1, 1)x(256, 1, 1), Context 1, Stream 7, Device 0, CC 8.9
    Duration                      usecond         3.07
  cncblasDgemvKernelT(int, int, const double *, const double *, const double *, double *) (1, 4, 1)x(256, 1, 1), Context 1, Stream 7, Device 0, CC 8.9
    Duration                      usecond        34.75
  std::enable_if<!T7, void>::type internal::gemvx::kernel<int, int, float2, float2, float2, float2, (bool)0, (bool)1, (bool)1, (bool)0, (int)7, (bool)0, cublasGemvParamsEx<int, cublasGemvTensorStridedBatched<const float2>, cublasGemvTensorStridedBatched<const float2>, cublasGemvTensorStridedBatched<float2>, float2>>(T13) (32, 1, 1)x(16, 8, 1), Context 1, Stream 7, Device 0, CC 8.9
    Duration                      usecond        18.88
  cncblasCscalKernel(unsigned long, const float2 *, float2 *) (1, 1, 1)x(256, 1, 1), Context 1, Stream 7, Device 0, CC 8.9
    Duration                      usecond         3.04
  cncblasCgemvKernelT_1(int, int, const float2 *, const float2 *, const float2 *, float2 *) (1, 4, 1)x(256, 1, 1), Context 1, Stream 7, Device 0, CC 8.9
    Duration                      usecond        35.68
  cncblasCgemvKernelT_2(int, const float2 *, float2 *) (256, 1, 1)x(32, 1, 1), Context 1, Stream 7, Device 0, CC 8.9
    Duration                      usecond         4.67
  std::enable_if<!T7, void>::type internal::gemvx::kernel<int, int, double2, double2, double2, double2, (bool)0, (bool)1, (bool)1, (bool)0, (int)6, (bool)0, cublasGemvParamsEx<int, cublasGemvTensorStridedBatched<const double2>, cublasGemvTensorStridedBatched<const double2>, cublasGemvTensorStridedBatched<double2>, double2>>(T13) (64, 1, 1)x(16, 4, 1), Context 1, Stream 7, Device 0, CC 8.9
    Duration                      usecond        32.90
  cncblasZscalKernel(unsigned long, const double2 *, double2 *) (1, 1, 1)x(256, 1, 1), Context 1, Stream 7, Device 0, CC 8.9
    Duration                      usecond         3.46
  cncblasZgemvKernelT_1(int, int, const double2 *, const double2 *, const double2 *, double2 *) (1, 4, 1)x(256, 1, 1), Context 1, Stream 7, Device 0, CC 8.9
    Duration                      usecond       198.62
  cncblasZgemvKernelT_2(int, const double2 *, double2 *) (256, 1, 1)x(32, 1, 1), Context 1, Stream 7, Device 0, CC 8.9
    Duration                      usecond         9.54
  std::enable_if<!T7, void>::type internal::gemvx::kernel<int, int, float2, float2, float2, float2, (bool)0, (bool)1, (bool)1, (bool)1, (int)7, (bool)0, cublasGemvParamsEx<int, cublasGemvTensorStridedBatched<const float2>, cublasGemvTensorStridedBatched<const float2>, cublasGemvTensorStridedBatched<float2>, float2>>(T13) (32, 1, 1)x(16, 8, 1), Context 1, Stream 7, Device 0, CC 8.9
    Duration                      usecond        14.94
  cncblasCscalKernel(unsigned long, const float2 *, float2 *) (1, 1, 1)x(256, 1, 1), Context 1, Stream 7, Device 0, CC 8.9
    Duration                      usecond         4.10
  cncblasCgemvKernelC_1(int, int, const float2 *, const float2 *, const float2 *, float2 *) (1, 4, 1)x(256, 1, 1), Context 1, Stream 7, Device 0, CC 8.9
    Duration                      usecond        35.78
  cncblasCgemvKernelC_2(int, const float2 *, float2 *) (256, 1, 1)x(32, 1, 1), Context 1, Stream 7, Device 0, CC 8.9
    Duration                      usecond         4.64
  std::enable_if<!T7, void>::type internal::gemvx::kernel<int, int, double2, double2, double2, double2, (bool)0, (bool)1, (bool)1, (bool)1, (int)6, (bool)0, cublasGemvParamsEx<int, cublasGemvTensorStridedBatched<const double2>, cublasGemvTensorStridedBatched<const double2>, cublasGemvTensorStridedBatched<double2>, double2>>(T13) (64, 1, 1)x(16, 4, 1), Context 1, Stream 7, Device 0, CC 8.9
    Duration                      usecond        31.71
  cncblasZscalKernel(unsigned long, const double2 *, double2 *) (1, 1, 1)x(256, 1, 1), Context 1, Stream 7, Device 0, CC 8.9
    Duration                      usecond         3.49
  cncblasZgemvKernelC_1(int, int, const double2 *, const double2 *, const double2 *, double2 *) (1, 4, 1)x(256, 1, 1), Context 1, Stream 7, Device 0, CC 8.9
    Duration                      usecond       215.36
  cncblasZgemvKernelC_2(int, const double2 *, double2 *) (256, 1, 1)x(32, 1, 1), Context 1, Stream 7, Device 0, CC 8.9
    Duration                      usecond         6.40
  void ger_kernel<float, float, (int)256, (int)5, (bool)0>(cublasGerParams<T1, T2>) (32, 8, 1)x(256, 1, 1), Context 1, Stream 7, Device 0, CC 8.9
    Duration                      usecond        10.53
  cncblasSgerKernel(int, int, const float *, const float *, const float *, float *) (8, 64, 1)x(32, 16, 1), Context 1, Stream 7, Device 0, CC 8.9
    Duration                      usecond        11.23
  void ger_kernel<double, double, (int)256, (int)5, (bool)0>(cublasGerParams<T1, T2>) (32, 8, 1)x(256, 1, 1), Context 1, Stream 7, Device 0, CC 8.9
    Duration                      usecond        17.02
  cncblasDgerKernel(int, int, const double *, const double *, const double *, double *) (8, 64, 1)x(32, 16, 1), Context 1, Stream 7, Device 0, CC 8.9
    Duration                      usecond        16.61
  void ger_kernel<float2, float2, (int)256, (int)5, (bool)0>(cublasGerParams<T1, T2>) (32, 8, 1)x(256, 1, 1), Context 1, Stream 7, Device 0, CC 8.9
    Duration                      usecond        15.74
  cncblasCgeruKernel(int, int, const float2 *, const float2 *, const float2 *, float2 *) (8, 64, 1)x(32, 16, 1), Context 1, Stream 7, Device 0, CC 8.9
    Duration                      usecond        15.55
  void ger_kernel<double2, double2, (int)256, (int)5, (bool)0>(cublasGerParams<T1, T2>) (32, 8, 1)x(256, 1, 1), Context 1, Stream 7, Device 0, CC 8.9
    Duration                      usecond        29.73
  cncblasZgeruKernel(int, int, const double2 *, const double2 *, const double2 *, double2 *) (8, 64, 1)x(32, 16, 1), Context 1, Stream 7, Device 0, CC 8.9
    Duration                      usecond        58.59
  void ger_kernel<float2, float2, (int)256, (int)5, (bool)1>(cublasGerParams<T1, T2>) (32, 8, 1)x(256, 1, 1), Context 1, Stream 7, Device 0, CC 8.9
    Duration                      usecond        14.94
  cncblasCgercKernel(int, int, const float2 *, const float2 *, const float2 *, float2 *) (8, 64, 1)x(32, 16, 1), Context 1, Stream 7, Device 0, CC 8.9
    Duration                      usecond        16.29
  void ger_kernel<double2, double2, (int)256, (int)5, (bool)1>(cublasGerParams<T1, T2>) (32, 8, 1)x(256, 1, 1), Context 1, Stream 7, Device 0, CC 8.9
    Duration                      usecond        30.82
  cncblasZgercKernel(int, int, const double2 *, const double2 *, const double2 *, double2 *) (8, 64, 1)x(32, 16, 1), Context 1, Stream 7, Device 0, CC 8.9
    Duration                      usecond        58.56
