  void iamax_kernel<int, float, float, (int)256>(cublasIamaxParams<T1, T2, T3>) (16, 1, 1)x(256, 1, 1), Context 1, Stream 7, Device 0, CC 8.9
    Duration                      usecond        12.96
  void iamax_kernel<int, float, float, (int)256>(cublasIamaxParams<T1, T2, T3>) (1, 1, 1)x(256, 1, 1), Context 1, Stream 7, Device 0, CC 8.9
    Duration                      usecond         6.11
  cncblasSamaxKernel(unsigned long, const float *, float *, unsigned long *) (256, 1, 1)x(256, 1, 1), Context 1, Stream 7, Device 0, CC 8.9
    Duration                      usecond         6.50
  cncblasSamaxKernel(unsigned long, const float *, float *, unsigned long *) (1, 1, 1)x(256, 1, 1), Context 1, Stream 7, Device 0, CC 8.9
    Duration                      usecond         4.32
  void iamax_kernel<int, double, double, (int)256>(cublasIamaxParams<T1, T2, T3>) (16, 1, 1)x(256, 1, 1), Context 1, Stream 7, Device 0, CC 8.9
    Duration                      usecond         6.24
  void iamax_kernel<int, double, double, (int)256>(cublasIamaxParams<T1, T2, T3>) (1, 1, 1)x(256, 1, 1), Context 1, Stream 7, Device 0, CC 8.9
    Duration                      usecond         6.98
  cncblasDamaxKernel(unsigned long, const double *, double *, unsigned long *) (256, 1, 1)x(256, 1, 1), Context 1, Stream 7, Device 0, CC 8.9
    Duration                      usecond        22.94
  cncblasDamaxKernel(unsigned long, const double *, double *, unsigned long *) (1, 1, 1)x(256, 1, 1), Context 1, Stream 7, Device 0, CC 8.9
    Duration                      usecond         5.50
  void iamax_kernel<int, float2, float, (int)256>(cublasIamaxParams<T1, T2, T3>) (16, 1, 1)x(256, 1, 1), Context 1, Stream 7, Device 0, CC 8.9
    Duration                      usecond         5.31
  void iamax_kernel<int, float, float, (int)256>(cublasIamaxParams<T1, T2, T3>) (1, 1, 1)x(256, 1, 1), Context 1, Stream 7, Device 0, CC 8.9
    Duration                      usecond         5.57
  cncblasCamaxKernel(unsigned long, const float2 *, float *, unsigned long *) (256, 1, 1)x(256, 1, 1), Context 1, Stream 7, Device 0, CC 8.9
    Duration                      usecond         6.46
  cncblasSamaxKernel(unsigned long, const float *, float *, unsigned long *) (1, 1, 1)x(256, 1, 1), Context 1, Stream 7, Device 0, CC 8.9
    Duration                      usecond         4.26
  void iamax_kernel<int, double2, double, (int)128>(cublasIamaxParams<T1, T2, T3>) (32, 1, 1)x(128, 1, 1), Context 1, Stream 7, Device 0, CC 8.9
    Duration                      usecond         6.02
  void iamax_kernel<int, double, double, (int)128>(cublasIamaxParams<T1, T2, T3>) (1, 1, 1)x(128, 1, 1), Context 1, Stream 7, Device 0, CC 8.9
    Duration                      usecond         5.95
  cncblasZamaxKernel(unsigned long, const double2 *, double *, unsigned long *) (256, 1, 1)x(256, 1, 1), Context 1, Stream 7, Device 0, CC 8.9
    Duration                      usecond         7.23
  cncblasDamaxKernel(unsigned long, const double *, double *, unsigned long *) (1, 1, 1)x(256, 1, 1), Context 1, Stream 7, Device 0, CC 8.9
    Duration                      usecond         4.86
  void iamin_kernel<int, float, float, (int)256>(cublasIaminParams<T1, T2, T3>) (16, 1, 1)x(256, 1, 1), Context 1, Stream 7, Device 0, CC 8.9
    Duration                      usecond         5.09
  void iamin_kernel<int, float, float, (int)256>(cublasIaminParams<T1, T2, T3>) (1, 1, 1)x(256, 1, 1), Context 1, Stream 7, Device 0, CC 8.9
    Duration                      usecond         5.60
  cncblasSaminKernel(unsigned long, const float *, float *, unsigned long *) (256, 1, 1)x(256, 1, 1), Context 1, Stream 7, Device 0, CC 8.9
    Duration                      usecond         6.53
  cncblasSaminKernel(unsigned long, const float *, float *, unsigned long *) (1, 1, 1)x(256, 1, 1), Context 1, Stream 7, Device 0, CC 8.9
    Duration                      usecond         4.26
  void iamin_kernel<int, double, double, (int)128>(cublasIaminParams<T1, T2, T3>) (32, 1, 1)x(128, 1, 1), Context 1, Stream 7, Device 0, CC 8.9
    Duration                      usecond         5.82
  void iamin_kernel<int, double, double, (int)128>(cublasIaminParams<T1, T2, T3>) (1, 1, 1)x(128, 1, 1), Context 1, Stream 7, Device 0, CC 8.9
    Duration                      usecond         6.37
  cncblasDaminKernel(unsigned long, const double *, double *, unsigned long *) (256, 1, 1)x(256, 1, 1), Context 1, Stream 7, Device 0, CC 8.9
    Duration                      usecond         7.20
  cncblasDaminKernel(unsigned long, const double *, double *, unsigned long *) (1, 1, 1)x(256, 1, 1), Context 1, Stream 7, Device 0, CC 8.9
    Duration                      usecond         4.86
  void iamin_kernel<int, float2, float, (int)128>(cublasIaminParams<T1, T2, T3>) (32, 1, 1)x(128, 1, 1), Context 1, Stream 7, Device 0, CC 8.9
    Duration                      usecond         4.99
  void iamin_kernel<int, float, float, (int)128>(cublasIaminParams<T1, T2, T3>) (1, 1, 1)x(128, 1, 1), Context 1, Stream 7, Device 0, CC 8.9
    Duration                      usecond         5.66
  cncblasCaminKernel(unsigned long, const float2 *, float *, unsigned long *) (256, 1, 1)x(256, 1, 1), Context 1, Stream 7, Device 0, CC 8.9
    Duration                      usecond         6.50
  cncblasSaminKernel(unsigned long, const float *, float *, unsigned long *) (1, 1, 1)x(256, 1, 1), Context 1, Stream 7, Device 0, CC 8.9
    Duration                      usecond         4.32
  void iamin_kernel<int, double2, double, (int)128>(cublasIaminParams<T1, T2, T3>) (32, 1, 1)x(128, 1, 1), Context 1, Stream 7, Device 0, CC 8.9
    Duration                      usecond         5.98
  void iamin_kernel<int, double, double, (int)128>(cublasIaminParams<T1, T2, T3>) (1, 1, 1)x(128, 1, 1), Context 1, Stream 7, Device 0, CC 8.9
    Duration                      usecond         6.30
  cncblasZaminKernel(unsigned long, const double2 *, double *, unsigned long *) (256, 1, 1)x(256, 1, 1), Context 1, Stream 7, Device 0, CC 8.9
    Duration                      usecond         7.20
  cncblasDaminKernel(unsigned long, const double *, double *, unsigned long *) (1, 1, 1)x(256, 1, 1), Context 1, Stream 7, Device 0, CC 8.9
    Duration                      usecond         4.93
  void asum_kernel<int, float, float>(cublasAsumParams<T2, T3>) (144, 1, 1)x(256, 1, 1), Context 1, Stream 7, Device 0, CC 8.9
    Duration                      usecond         5.18
  void asum_kernel<int, float, float>(cublasAsumParams<T2, T3>) (1, 1, 1)x(256, 1, 1), Context 1, Stream 7, Device 0, CC 8.9
    Duration                      usecond         3.90
  cncblasSasumKernel(unsigned long, const float *, float *) (256, 1, 1)x(256, 1, 1), Context 1, Stream 7, Device 0, CC 8.9
    Duration                      usecond         4.58
  cncblasSasumKernel(unsigned long, const float *, float *) (1, 1, 1)x(256, 1, 1), Context 1, Stream 7, Device 0, CC 8.9
    Duration                      usecond         3.49
  void asum_kernel<int, double, double>(cublasAsumParams<T2, T3>) (288, 1, 1)x(128, 1, 1), Context 1, Stream 7, Device 0, CC 8.9
    Duration                      usecond         8.83
  void asum_kernel<int, double, double>(cublasAsumParams<T2, T3>) (1, 1, 1)x(128, 1, 1), Context 1, Stream 7, Device 0, CC 8.9
    Duration                      usecond         5.22
  cncblasDasumKernel(unsigned long, const double *, double *) (256, 1, 1)x(256, 1, 1), Context 1, Stream 7, Device 0, CC 8.9
    Duration                      usecond         7.33
  cncblasDasumKernel(unsigned long, const double *, double *) (1, 1, 1)x(256, 1, 1), Context 1, Stream 7, Device 0, CC 8.9
    Duration                      usecond         4.10
  void asum_kernel<int, float2, float>(cublasAsumParams<T2, T3>) (288, 1, 1)x(128, 1, 1), Context 1, Stream 7, Device 0, CC 8.9
    Duration                      usecond         5.41
  void asum_kernel<int, float, float>(cublasAsumParams<T2, T3>) (1, 1, 1)x(128, 1, 1), Context 1, Stream 7, Device 0, CC 8.9
    Duration                      usecond         4.45
  cncblasCasumKernel(unsigned long, const float2 *, float *) (256, 1, 1)x(256, 1, 1), Context 1, Stream 7, Device 0, CC 8.9
    Duration                      usecond         4.54
  cncblasSasumKernel(unsigned long, const float *, float *) (1, 1, 1)x(256, 1, 1), Context 1, Stream 7, Device 0, CC 8.9
    Duration                      usecond         6.02
  void asum_kernel<int, double2, double>(cublasAsumParams<T2, T3>) (288, 1, 1)x(128, 1, 1), Context 1, Stream 7, Device 0, CC 8.9
    Duration                      usecond         8.67
  void asum_kernel<int, double, double>(cublasAsumParams<T2, T3>) (1, 1, 1)x(128, 1, 1), Context 1, Stream 7, Device 0, CC 8.9
    Duration                      usecond         5.18
  cncblasZasumKernel(unsigned long, const double2 *, double *) (256, 1, 1)x(256, 1, 1), Context 1, Stream 7, Device 0, CC 8.9
    Duration                      usecond         7.52
  cncblasDasumKernel(unsigned long, const double *, double *) (1, 1, 1)x(256, 1, 1), Context 1, Stream 7, Device 0, CC 8.9
    Duration                      usecond         4.10
  void axpy_kernel_val<float, float>(cublasAxpyParamsVal<T1, T1, T2>) (16, 1, 1)x(256, 1, 1), Context 1, Stream 7, Device 0, CC 8.9
    Duration                      usecond        21.54
  cncblasSaxpyKernel(unsigned long, float *, const float *, float *) (16, 1, 1)x(256, 1, 1), Context 1, Stream 7, Device 0, CC 8.9
    Duration                      usecond         3.04
  void axpy_kernel_val<double, double>(cublasAxpyParamsVal<T1, T1, T2>) (11, 1, 1)x(384, 1, 1), Context 1, Stream 7, Device 0, CC 8.9
    Duration                      usecond         6.08
  cncblasDaxpyKernel(unsigned long, double *, const double *, double *) (16, 1, 1)x(256, 1, 1), Context 1, Stream 7, Device 0, CC 8.9
    Duration                      usecond         3.33
  void axpy_kernel_val<float2, float2>(cublasAxpyParamsVal<T1, T1, T2>) (11, 1, 1)x(384, 1, 1), Context 1, Stream 7, Device 0, CC 8.9
    Duration                      usecond         3.39
  cncblasCaxpyKernel(unsigned long, float2 *, const float2 *, float2 *) (16, 1, 1)x(256, 1, 1), Context 1, Stream 7, Device 0, CC 8.9
    Duration                      usecond         4.10
  void axpy_kernel_val<double2, double2>(cublasAxpyParamsVal<T1, T1, T2>) (11, 1, 1)x(384, 1, 1), Context 1, Stream 7, Device 0, CC 8.9
    Duration                      usecond         4.58
  cncblasZaxpyKernel(unsigned long, double2 *, const double2 *, double2 *) (16, 1, 1)x(256, 1, 1), Context 1, Stream 7, Device 0, CC 8.9
    Duration                      usecond         4.19
  void copy_kernel<float>(cublasCopyParams<T1>) (16, 1, 1)x(256, 1, 1), Context 1, Stream 7, Device 0, CC 8.9
    Duration                      usecond         3.30
  void copy_kernel<double>(cublasCopyParams<T1>) (11, 1, 1)x(384, 1, 1), Context 1, Stream 7, Device 0, CC 8.9
    Duration                      usecond         3.30
  void copy_kernel<float2>(cublasCopyParams<T1>) (11, 1, 1)x(384, 1, 1), Context 1, Stream 7, Device 0, CC 8.9
    Duration                      usecond         3.42
  void copy_kernel<double2>(cublasCopyParams<T1>) (11, 1, 1)x(384, 1, 1), Context 1, Stream 7, Device 0, CC 8.9
    Duration                      usecond         3.52
  void dot_kernel<float, (int)128, (int)0, cublasDotParams<cublasGemvTensor<const float>, cublasGemvTensorStridedBatched<float>>>(T4) (32, 1, 1)x(128, 1, 1), Context 1, Stream 7, Device 0, CC 8.9
    Duration                      usecond           32
  void reduce_1Block_kernel<float, (int)128, (int)7, cublasGemvTensorStridedBatched<float>, cublasGemvTensorStridedBatched<float>, cublasGemvTensorStridedBatched<float>>(const T1 *, T1, T4, int, const T1 *, T1, T5, T6, cublasPointerMode_t, cublasLtEpilogue_t, cublasGemvTensorStridedBatched<const biasType<T6::value_type, T1>::type>) (1, 1, 1)x(128, 1, 1), Context 1, Stream 7, Device 0, CC 8.9
    Duration                      usecond         3.58
  cncblasSdotKernel_1(unsigned long, const float *, const float *, float *) (256, 1, 1)x(256, 1, 1), Context 1, Stream 7, Device 0, CC 8.9
    Duration                      usecond         4.70
  cncblasSdotKernel_2(unsigned long, const float *, float *) (1, 1, 1)x(256, 1, 1), Context 1, Stream 7, Device 0, CC 8.9
    Duration                      usecond         4.10
  void dot_kernel<double, (int)128, (int)0, cublasDotParams<cublasGemvTensor<const double>, cublasGemvTensorStridedBatched<double>>>(T4) (32, 1, 1)x(128, 1, 1), Context 1, Stream 7, Device 0, CC 8.9
    Duration                      usecond         4.61
  void reduce_1Block_kernel<double, (int)128, (int)7, cublasGemvTensorStridedBatched<double>, cublasGemvTensorStridedBatched<double>, cublasGemvTensorStridedBatched<double>>(const T1 *, T1, T4, int, const T1 *, T1, T5, T6, cublasPointerMode_t, cublasLtEpilogue_t, cublasGemvTensorStridedBatched<const biasType<T6::value_type, T1>::type>) (1, 1, 1)x(128, 1, 1), Context 1, Stream 7, Device 0, CC 8.9
    Duration                      usecond         5.82
  cncblasDdotKernel_1(unsigned long, const double *, const double *, double *) (256, 1, 1)x(256, 1, 1), Context 1, Stream 7, Device 0, CC 8.9
    Duration                      usecond         7.26
  cncblasDdotKernel_2(unsigned long, const double *, double *) (1, 1, 1)x(256, 1, 1), Context 1, Stream 7, Device 0, CC 8.9
    Duration                      usecond         4.13
  void dot_kernel<float2, (int)128, (int)0, cublasDotParams<cublasGemvTensor<const float2>, cublasGemvTensorStridedBatched<float2>>>(T4) (32, 1, 1)x(128, 1, 1), Context 1, Stream 7, Device 0, CC 8.9
    Duration                      usecond         4.35
  void reduce_1Block_kernel<float2, (int)128, (int)7, cublasGemvTensorStridedBatched<float2>, cublasGemvTensorStridedBatched<float2>, cublasGemvTensorStridedBatched<float2>>(const T1 *, T1, T4, int, const T1 *, T1, T5, T6, cublasPointerMode_t, cublasLtEpilogue_t, cublasGemvTensorStridedBatched<const biasType<T6::value_type, T1>::type>) (1, 1, 1)x(128, 1, 1), Context 1, Stream 7, Device 0, CC 8.9
    Duration                      usecond         3.49
  cncblasCdotuKernel_1(unsigned long, const float2 *, const float2 *, float2 *) (256, 1, 1)x(256, 1, 1), Context 1, Stream 7, Device 0, CC 8.9
    Duration                      usecond         5.09
  cncblasCdotuKernel_2(unsigned long, const float2 *, float2 *) (1, 1, 1)x(256, 1, 1), Context 1, Stream 7, Device 0, CC 8.9
    Duration                      usecond         3.74
  void dot_kernel<float2, (int)128, (int)1, cublasDotParams<cublasGemvTensor<const float2>, cublasGemvTensorStridedBatched<float2>>>(T4) (32, 1, 1)x(128, 1, 1), Context 1, Stream 7, Device 0, CC 8.9
    Duration                      usecond         3.97
  void reduce_1Block_kernel<float2, (int)128, (int)7, cublasGemvTensorStridedBatched<float2>, cublasGemvTensorStridedBatched<float2>, cublasGemvTensorStridedBatched<float2>>(const T1 *, T1, T4, int, const T1 *, T1, T5, T6, cublasPointerMode_t, cublasLtEpilogue_t, cublasGemvTensorStridedBatched<const biasType<T6::value_type, T1>::type>) (1, 1, 1)x(128, 1, 1), Context 1, Stream 7, Device 0, CC 8.9
    Duration                      usecond         4.13
  cncblasCdotcKernel_1(unsigned long, const float2 *, const float2 *, float2 *) (256, 1, 1)x(256, 1, 1), Context 1, Stream 7, Device 0, CC 8.9
    Duration                      usecond         5.15
  cncblasCdotcKernel_2(unsigned long, const float2 *, float2 *) (1, 1, 1)x(256, 1, 1), Context 1, Stream 7, Device 0, CC 8.9
    Duration                      usecond         3.71
  void dot_kernel<double2, (int)64, (int)0, cublasDotParams<cublasGemvTensor<const double2>, cublasGemvTensorStridedBatched<double2>>>(T4) (64, 1, 1)x(64, 1, 1), Context 1, Stream 7, Device 0, CC 8.9
    Duration                      usecond         5.54
  void reduce_1Block_kernel<double2, (int)64, (int)6, cublasGemvTensorStridedBatched<double2>, cublasGemvTensorStridedBatched<double2>, cublasGemvTensorStridedBatched<double2>>(const T1 *, T1, T4, int, const T1 *, T1, T5, T6, cublasPointerMode_t, cublasLtEpilogue_t, cublasGemvTensorStridedBatched<const biasType<T6::value_type, T1>::type>) (1, 1, 1)x(64, 1, 1), Context 1, Stream 7, Device 0, CC 8.9
    Duration                      usecond         4.45
  cncblasZdotuKernel_1(unsigned long, const double2 *, const double2 *, double2 *) (256, 1, 1)x(256, 1, 1), Context 1, Stream 7, Device 0, CC 8.9
    Duration                      usecond        11.97
  cncblasZdotuKernel_2(unsigned long, const double2 *, double2 *) (1, 1, 1)x(256, 1, 1), Context 1, Stream 7, Device 0, CC 8.9
    Duration                      usecond        34.50
  void dot_kernel<double2, (int)64, (int)1, cublasDotParams<cublasGemvTensor<const double2>, cublasGemvTensorStridedBatched<double2>>>(T4) (64, 1, 1)x(64, 1, 1), Context 1, Stream 7, Device 0, CC 8.9
    Duration                      usecond         6.27
  void reduce_1Block_kernel<double2, (int)64, (int)6, cublasGemvTensorStridedBatched<double2>, cublasGemvTensorStridedBatched<double2>, cublasGemvTensorStridedBatched<double2>>(const T1 *, T1, T4, int, const T1 *, T1, T5, T6, cublasPointerMode_t, cublasLtEpilogue_t, cublasGemvTensorStridedBatched<const biasType<T6::value_type, T1>::type>) (1, 1, 1)x(64, 1, 1), Context 1, Stream 7, Device 0, CC 8.9
    Duration                      usecond         4.45
  cncblasZdotcKernel_1(unsigned long, const double2 *, const double2 *, double2 *) (256, 1, 1)x(256, 1, 1), Context 1, Stream 7, Device 0, CC 8.9
    Duration                      usecond        11.87
  cncblasZdotcKernel_2(unsigned long, const double2 *, double2 *) (1, 1, 1)x(256, 1, 1), Context 1, Stream 7, Device 0, CC 8.9
    Duration                      usecond         5.18
  void nrm2_kernel<float, float, float, (int)1, (int)0, (int)128>(cublasNrm2Params<int, T1, T3>) (288, 1, 1)x(128, 1, 1), Context 1, Stream 7, Device 0, CC 8.9
    Duration                      usecond         5.76
  void nrm2_kernel<float, float, float, (int)1, (int)0, (int)128>(cublasNrm2Params<int, T1, T3>) (1, 1, 1)x(128, 1, 1), Context 1, Stream 7, Device 0, CC 8.9
    Duration                      usecond         5.98
  cncblasSdotKernel_1(unsigned long, const float *, const float *, float *) (256, 1, 1)x(256, 1, 1), Context 1, Stream 7, Device 0, CC 8.9
    Duration                      usecond         4.61
  cncblasSdotKernel_2(unsigned long, const float *, float *) (1, 1, 1)x(256, 1, 1), Context 1, Stream 7, Device 0, CC 8.9
    Duration                      usecond         3.46
  void nrm2_kernel<double, double, double, (int)0, (int)0, (int)128>(cublasNrm2Params<int, T1, T3>) (288, 1, 1)x(128, 1, 1), Context 1, Stream 7, Device 0, CC 8.9
    Duration                      usecond        56.48
  void nrm2_kernel<double, double, double, (int)0, (int)0, (int)128>(cublasNrm2Params<int, T1, T3>) (1, 1, 1)x(128, 1, 1), Context 1, Stream 7, Device 0, CC 8.9
    Duration                      usecond        25.70
  cncblasDdotKernel_1(unsigned long, const double *, const double *, double *) (256, 1, 1)x(256, 1, 1), Context 1, Stream 7, Device 0, CC 8.9
    Duration                      usecond         7.26
  cncblasDdotKernel_2(unsigned long, const double *, double *) (1, 1, 1)x(256, 1, 1), Context 1, Stream 7, Device 0, CC 8.9
    Duration                      usecond         4.10
  void nrm2_kernel<float2, float, float, (int)1, (int)1, (int)128>(cublasNrm2Params<int, T1, T3>) (288, 1, 1)x(128, 1, 1), Context 1, Stream 7, Device 0, CC 8.9
    Duration                      usecond         5.57
  void nrm2_kernel<float, float, float, (int)1, (int)0, (int)128>(cublasNrm2Params<int, T1, T3>) (1, 1, 1)x(128, 1, 1), Context 1, Stream 7, Device 0, CC 8.9
    Duration                      usecond         5.92
  cncblasCdotcKernel_1(unsigned long, const float2 *, const float2 *, float2 *) (256, 1, 1)x(256, 1, 1), Context 1, Stream 7, Device 0, CC 8.9
    Duration                      usecond         5.44
  cncblasCdotcKernel_2(unsigned long, const float2 *, float2 *) (1, 1, 1)x(256, 1, 1), Context 1, Stream 7, Device 0, CC 8.9
    Duration                      usecond         3.71
  void nrm2_kernel<double2, double, double, (int)0, (int)1, (int)128>(cublasNrm2Params<int, T1, T3>) (240, 1, 1)x(128, 1, 1), Context 1, Stream 7, Device 0, CC 8.9
    Duration                      usecond        51.94
  void nrm2_kernel<double, double, double, (int)0, (int)0, (int)128>(cublasNrm2Params<int, T1, T3>) (1, 1, 1)x(128, 1, 1), Context 1, Stream 7, Device 0, CC 8.9
    Duration                      usecond        25.18
  cncblasZdotcKernel_1(unsigned long, const double2 *, const double2 *, double2 *) (256, 1, 1)x(256, 1, 1), Context 1, Stream 7, Device 0, CC 8.9
    Duration                      usecond        11.94
  cncblasZdotcKernel_2(unsigned long, const double2 *, double2 *) (1, 1, 1)x(256, 1, 1), Context 1, Stream 7, Device 0, CC 8.9
    Duration                      usecond         5.12
  void rot_kernel_val<float, float, float, float>(cublasRotParamsVal<T1, T2, T3>) (11, 1, 1)x(384, 1, 1), Context 1, Stream 7, Device 0, CC 8.9
    Duration                      usecond            4
  cncblasSrot_kernel(unsigned long, float *, float *, const float *, const float *) (16, 1, 1)x(256, 1, 1), Context 1, Stream 7, Device 0, CC 8.9
    Duration                      usecond         4.13
  void rot_kernel_val<double, double, double, double>(cublasRotParamsVal<T1, T2, T3>) (11, 1, 1)x(384, 1, 1), Context 1, Stream 7, Device 0, CC 8.9
    Duration                      usecond         4.70
  cncblasDrot_kernel(unsigned long, double *, double *, const double *, const double *) (16, 1, 1)x(256, 1, 1), Context 1, Stream 7, Device 0, CC 8.9
    Duration                      usecond         4.45
  void scal_kernel_val<float, float>(cublasScalParamsVal<T1, T2>) (16, 1, 1)x(256, 1, 1), Context 1, Stream 7, Device 0, CC 8.9
    Duration                      usecond         3.01
  cncblasSscalKernel(unsigned long, const float *, float *) (16, 1, 1)x(256, 1, 1), Context 1, Stream 7, Device 0, CC 8.9
    Duration                      usecond         3.04
  void scal_kernel_val<double, double>(cublasScalParamsVal<T1, T2>) (11, 1, 1)x(384, 1, 1), Context 1, Stream 7, Device 0, CC 8.9
    Duration                      usecond         3.30
  cncblasDscalKernel(unsigned long, const double *, double *) (16, 1, 1)x(256, 1, 1), Context 1, Stream 7, Device 0, CC 8.9
    Duration                      usecond         3.20
  void scal_kernel_val<float2, float2>(cublasScalParamsVal<T1, T2>) (11, 1, 1)x(384, 1, 1), Context 1, Stream 7, Device 0, CC 8.9
    Duration                      usecond         3.14
  cncblasCscalKernel(unsigned long, const float2 *, float2 *) (16, 1, 1)x(256, 1, 1), Context 1, Stream 7, Device 0, CC 8.9
    Duration                      usecond         5.73
  void scal_kernel_val<double2, double2>(cublasScalParamsVal<T1, T2>) (11, 1, 1)x(384, 1, 1), Context 1, Stream 7, Device 0, CC 8.9
    Duration                      usecond         5.41
  cncblasZscalKernel(unsigned long, const double2 *, double2 *) (16, 1, 1)x(256, 1, 1), Context 1, Stream 7, Device 0, CC 8.9
    Duration                      usecond         3.62
  void scal_kernel_val<float2, float>(cublasScalParamsVal<T1, T2>) (11, 1, 1)x(384, 1, 1), Context 1, Stream 7, Device 0, CC 8.9
    Duration                      usecond         3.14
  cncblasCsscalKernel(unsigned long, const float *, float2 *) (16, 1, 1)x(256, 1, 1), Context 1, Stream 7, Device 0, CC 8.9
    Duration                      usecond         3.07
  void scal_kernel_val<double2, double>(cublasScalParamsVal<T1, T2>) (11, 1, 1)x(384, 1, 1), Context 1, Stream 7, Device 0, CC 8.9
    Duration                      usecond         3.90
  cncblasZdscalKernel(unsigned long, const double *, double2 *) (16, 1, 1)x(256, 1, 1), Context 1, Stream 7, Device 0, CC 8.9
    Duration                      usecond         3.71
  void swap_kernel<float>(cublasSwapParams<T1>) (11, 1, 1)x(384, 1, 1), Context 1, Stream 7, Device 0, CC 8.9
    Duration                      usecond         3.78
  void cncblasSwapKernel<float>(unsigned long, T1 *, T1 *) (16, 1, 1)x(256, 1, 1), Context 1, Stream 7, Device 0, CC 8.9
    Duration                      usecond         5.34
  void swap_kernel<double>(cublasSwapParams<T1>) (11, 1, 1)x(384, 1, 1), Context 1, Stream 7, Device 0, CC 8.9
    Duration                      usecond         3.97
  void cncblasSwapKernel<double>(unsigned long, T1 *, T1 *) (16, 1, 1)x(256, 1, 1), Context 1, Stream 7, Device 0, CC 8.9
    Duration                      usecond         4.35
  void swap_kernel<float2>(cublasSwapParams<T1>) (11, 1, 1)x(384, 1, 1), Context 1, Stream 7, Device 0, CC 8.9
    Duration                      usecond         5.44
  void cncblasSwapKernel<float2>(unsigned long, T1 *, T1 *) (16, 1, 1)x(256, 1, 1), Context 1, Stream 7, Device 0, CC 8.9
    Duration                      usecond         5.73
  void swap_kernel<double2>(cublasSwapParams<T1>) (11, 1, 1)x(384, 1, 1), Context 1, Stream 7, Device 0, CC 8.9
    Duration                      usecond         4.58
  void cncblasSwapKernel<double2>(unsigned long, T1 *, T1 *) (16, 1, 1)x(256, 1, 1), Context 1, Stream 7, Device 0, CC 8.9
    Duration                      usecond         3.65
  cncblasSscalKernel(unsigned long, const float *, float *) (4, 1, 1)x(256, 1, 1), Context 1, Stream 7, Device 0, CC 8.9
    Duration                      usecond         3.10
  cncblasSgbmvKernelN(int, int, int, int, const float *, const float *, const float *, float *) (4, 32, 1)x(256, 1, 1), Context 1, Stream 7, Device 0, CC 8.9
    Duration                      usecond         9.66
  cncblasSscalKernel(unsigned long, const float *, float *) (4, 1, 1)x(256, 1, 1), Context 1, Stream 7, Device 0, CC 8.9
    Duration                      usecond         2.94
  cncblasSgemvKernelN(int, int, const float *, const float *, const float *, float *) (1024, 1, 1)x(256, 1, 1), Context 1, Stream 7, Device 0, CC 8.9
    Duration                      usecond        48.45
  cncblasSscalKernel(unsigned long, const float *, float *) (8, 1, 1)x(256, 1, 1), Context 1, Stream 7, Device 0, CC 8.9
    Duration                      usecond         2.94
  cncblasSgbmvKernelT(int, int, int, int, const float *, const float *, const float *, float *) (5, 32, 1)x(256, 1, 1), Context 1, Stream 7, Device 0, CC 8.9
    Duration                      usecond         9.02
  cncblasSscalKernel(unsigned long, const float *, float *) (8, 1, 1)x(256, 1, 1), Context 1, Stream 7, Device 0, CC 8.9
    Duration                      usecond         2.94
  cncblasSgemvKernelT(int, int, const float *, const float *, const float *, float *) (8, 4, 1)x(256, 1, 1), Context 1, Stream 7, Device 0, CC 8.9
    Duration                      usecond       202.37
  cncblasDscalKernel(unsigned long, const double *, double *) (4, 1, 1)x(256, 1, 1), Context 1, Stream 7, Device 0, CC 8.9
    Duration                      usecond         3.10
  cncblasDgbmvKernelN(int, int, int, int, const double *, const double *, const double *, double *) (4, 32, 1)x(256, 1, 1), Context 1, Stream 7, Device 0, CC 8.9
    Duration                      usecond        13.86
  cncblasDscalKernel(unsigned long, const double *, double *) (4, 1, 1)x(256, 1, 1), Context 1, Stream 7, Device 0, CC 8.9
    Duration                      usecond         5.86
  cncblasDgemvKernelN(int, int, const double *, const double *, const double *, double *) (1024, 1, 1)x(256, 1, 1), Context 1, Stream 7, Device 0, CC 8.9
    Duration                      usecond        97.38
  cncblasDscalKernel(unsigned long, const double *, double *) (8, 1, 1)x(256, 1, 1), Context 1, Stream 7, Device 0, CC 8.9
    Duration                      usecond         4.03
  cncblasDgbmvKernelT(int, int, int, int, const double *, const double *, const double *, double *) (5, 32, 1)x(256, 1, 1), Context 1, Stream 7, Device 0, CC 8.9
    Duration                      usecond        14.37
  cncblasDscalKernel(unsigned long, const double *, double *) (8, 1, 1)x(256, 1, 1), Context 1, Stream 7, Device 0, CC 8.9
    Duration                      usecond         4.51
  cncblasDgemvKernelT(int, int, const double *, const double *, const double *, double *) (8, 4, 1)x(256, 1, 1), Context 1, Stream 7, Device 0, CC 8.9
    Duration                      usecond        95.58
  cncblasCscalKernel(unsigned long, const float2 *, float2 *) (4, 1, 1)x(256, 1, 1), Context 1, Stream 7, Device 0, CC 8.9
    Duration                      usecond         3.07
  cncblasCgbmvKernelN_phase1(int, int, int, int, const float2 *, const float2 *, const float2 *, float2 *) (4, 32, 1)x(256, 1, 1), Context 1, Stream 7, Device 0, CC 8.9
    Duration                      usecond        12.22
  cncblasCgbmvKernelN_phase2(int, const float2 *, float2 *) (4, 1, 1)x(256, 1, 1), Context 1, Stream 7, Device 0, CC 8.9
    Duration                      usecond         5.54
  cncblasCscalKernel(unsigned long, const float2 *, float2 *) (4, 1, 1)x(256, 1, 1), Context 1, Stream 7, Device 0, CC 8.9
    Duration                      usecond         5.73
  cncblasCgemvKernelN(int, int, const float2 *, const float2 *, const float2 *, float2 *) (1024, 1, 1)x(256, 1, 1), Context 1, Stream 7, Device 0, CC 8.9
    Duration                      usecond        98.05
  cncblasCscalKernel(unsigned long, const float2 *, float2 *) (8, 1, 1)x(256, 1, 1), Context 1, Stream 7, Device 0, CC 8.9
    Duration                      usecond         3.01
  cncblasCgbmvKernelT_phase1(int, int, int, int, const float2 *, const float2 *, const float2 *, float2 *) (5, 32, 1)x(256, 1, 1), Context 1, Stream 7, Device 0, CC 8.9
    Duration                      usecond        13.12
  cncblasCgbmvKernelT_phase2(int, const float2 *, float2 *) (5, 1, 1)x(256, 1, 1), Context 1, Stream 7, Device 0, CC 8.9
    Duration                      usecond         5.63
  cncblasCscalKernel(unsigned long, const float2 *, float2 *) (8, 1, 1)x(256, 1, 1), Context 1, Stream 7, Device 0, CC 8.9
    Duration                      usecond         3.10
  cncblasCgemvKernelT_1(int, int, const float2 *, const float2 *, const float2 *, float2 *) (8, 4, 1)x(256, 1, 1), Context 1, Stream 7, Device 0, CC 8.9
    Duration                      usecond        96.83
  cncblasCgemvKernelT_2(int, const float2 *, float2 *) (2048, 1, 1)x(32, 1, 1), Context 1, Stream 7, Device 0, CC 8.9
    Duration                      usecond        11.97
  cncblasCscalKernel(unsigned long, const float2 *, float2 *) (8, 1, 1)x(256, 1, 1), Context 1, Stream 7, Device 0, CC 8.9
    Duration                      usecond         5.41
  cncblasCgbmvKernelC_phase1(int, int, int, int, const float2 *, const float2 *, const float2 *, float2 *) (5, 32, 1)x(256, 1, 1), Context 1, Stream 7, Device 0, CC 8.9
    Duration                      usecond        13.60
  cncblasCgbmvKernelC_phase2(int, const float2 *, float2 *) (5, 1, 1)x(256, 1, 1), Context 1, Stream 7, Device 0, CC 8.9
    Duration                      usecond         5.34
  cncblasCscalKernel(unsigned long, const float2 *, float2 *) (8, 1, 1)x(256, 1, 1), Context 1, Stream 7, Device 0, CC 8.9
    Duration                      usecond         5.76
  cncblasCgemvKernelC_1(int, int, const float2 *, const float2 *, const float2 *, float2 *) (8, 4, 1)x(256, 1, 1), Context 1, Stream 7, Device 0, CC 8.9
    Duration                      usecond       106.11
  cncblasCgemvKernelC_2(int, const float2 *, float2 *) (2048, 1, 1)x(32, 1, 1), Context 1, Stream 7, Device 0, CC 8.9
    Duration                      usecond        50.24
  cncblasZscalKernel(unsigned long, const double2 *, double2 *) (4, 1, 1)x(256, 1, 1), Context 1, Stream 7, Device 0, CC 8.9
    Duration                      usecond         3.52
  cncblasZgbmvKernelN_phase1(int, int, int, int, const double2 *, const double2 *, const double2 *, double2 *) (4, 32, 1)x(256, 1, 1), Context 1, Stream 7, Device 0, CC 8.9
    Duration                      usecond        37.86
  cncblasZgbmvKernelN_phase2(int, const double2 *, double2 *) (4, 1, 1)x(256, 1, 1), Context 1, Stream 7, Device 0, CC 8.9
    Duration                      usecond        11.97
  cncblasZscalKernel(unsigned long, const double2 *, double2 *) (4, 1, 1)x(256, 1, 1), Context 1, Stream 7, Device 0, CC 8.9
    Duration                      usecond         3.55
  cncblasZgemvKernelN(int, int, const double2 *, const double2 *, const double2 *, double2 *) (1024, 1, 1)x(256, 1, 1), Context 1, Stream 7, Device 0, CC 8.9
    Duration                      usecond       348.67
  cncblasZscalKernel(unsigned long, const double2 *, double2 *) (8, 1, 1)x(256, 1, 1), Context 1, Stream 7, Device 0, CC 8.9
    Duration                      usecond         3.52
  cncblasZgbmvKernelT_phase1(int, int, int, int, const double2 *, const double2 *, const double2 *, double2 *) (5, 32, 1)x(256, 1, 1), Context 1, Stream 7, Device 0, CC 8.9
    Duration                      usecond        39.04
  cncblasZgbmvKernelT_phase2(int, const double2 *, double2 *) (5, 1, 1)x(256, 1, 1), Context 1, Stream 7, Device 0, CC 8.9
    Duration                      usecond        11.97
  cncblasZscalKernel(unsigned long, const double2 *, double2 *) (8, 1, 1)x(256, 1, 1), Context 1, Stream 7, Device 0, CC 8.9
    Duration                      usecond         4.13
  cncblasZgemvKernelT_1(int, int, const double2 *, const double2 *, const double2 *, double2 *) (8, 4, 1)x(256, 1, 1), Context 1, Stream 7, Device 0, CC 8.9
    Duration                      usecond       394.91
  cncblasZgemvKernelT_2(int, const double2 *, double2 *) (2048, 1, 1)x(32, 1, 1), Context 1, Stream 7, Device 0, CC 8.9
    Duration                      usecond        24.70
  cncblasZscalKernel(unsigned long, const double2 *, double2 *) (8, 1, 1)x(256, 1, 1), Context 1, Stream 7, Device 0, CC 8.9
    Duration                      usecond         3.49
  cncblasZgbmvKernelC_phase1(int, int, int, int, const double2 *, const double2 *, const double2 *, double2 *) (5, 32, 1)x(256, 1, 1), Context 1, Stream 7, Device 0, CC 8.9
    Duration                      usecond        38.69
  cncblasZgbmvKernelC_phase2(int, const double2 *, double2 *) (5, 1, 1)x(256, 1, 1), Context 1, Stream 7, Device 0, CC 8.9
    Duration                      usecond        11.94
  cncblasZscalKernel(unsigned long, const double2 *, double2 *) (8, 1, 1)x(256, 1, 1), Context 1, Stream 7, Device 0, CC 8.9
    Duration                      usecond         3.52
  cncblasZgemvKernelC_1(int, int, const double2 *, const double2 *, const double2 *, double2 *) (8, 4, 1)x(256, 1, 1), Context 1, Stream 7, Device 0, CC 8.9
    Duration                      usecond       420.67
  cncblasZgemvKernelC_2(int, const double2 *, double2 *) (2048, 1, 1)x(32, 1, 1), Context 1, Stream 7, Device 0, CC 8.9
    Duration                      usecond        24.48
  void gemvNSP_kernel<float, float, float, float, (int)1, (int)16, (int)4, (int)1024, (bool)0, cublasGemvParamsEx<int, cublasGemvTensorStridedBatched<const float>, cublasGemvTensorStridedBatched<const float>, cublasGemvTensorStridedBatched<float>, float>>(T10) (32, 1, 1)x(32, 16, 1), Context 1, Stream 7, Device 0, CC 8.9
    Duration                      usecond         9.15
  cncblasSscalKernel(unsigned long, const float *, float *) (4, 1, 1)x(256, 1, 1), Context 1, Stream 7, Device 0, CC 8.9
    Duration                      usecond         2.94
  cncblasSgemvKernelN(int, int, const float *, const float *, const float *, float *) (1024, 1, 1)x(256, 1, 1), Context 1, Stream 7, Device 0, CC 8.9
    Duration                      usecond        18.82
  void gemv2N_kernel<int, int, double, double, double, double, (int)128, (int)4, (int)4, (int)4, (int)1, (bool)0, cublasGemvParamsEx<int, cublasGemvTensorStridedBatched<const double>, cublasGemvTensorStridedBatched<const double>, cublasGemvTensorStridedBatched<double>, double>>(T13) (32, 1, 1)x(128, 1, 1), Context 1, Stream 7, Device 0, CC 8.9
    Duration                      usecond        17.50
  cncblasDscalKernel(unsigned long, const double *, double *) (4, 1, 1)x(256, 1, 1), Context 1, Stream 7, Device 0, CC 8.9
    Duration                      usecond        16.54
  cncblasDgemvKernelN(int, int, const double *, const double *, const double *, double *) (1024, 1, 1)x(256, 1, 1), Context 1, Stream 7, Device 0, CC 8.9
    Duration                      usecond        34.53
  ampere_cgemm_64x32_nn (16, 1, 1)x(128, 1, 1), Context 1, Stream 7, Device 0, CC 8.9
    Duration                      usecond        37.09
  cncblasCscalKernel(unsigned long, const float2 *, float2 *) (4, 1, 1)x(256, 1, 1), Context 1, Stream 7, Device 0, CC 8.9
    Duration                      usecond         4.16
  cncblasCgemvKernelN(int, int, const float2 *, const float2 *, const float2 *, float2 *) (1024, 1, 1)x(256, 1, 1), Context 1, Stream 7, Device 0, CC 8.9
    Duration                      usecond        20.96
  void gemvNSP_kernel<double2, double2, double2, double2, (int)1, (int)32, (int)4, (int)1024, (bool)0, cublasGemvParamsEx<int, cublasGemvTensorStridedBatched<const double2>, cublasGemvTensorStridedBatched<const double2>, cublasGemvTensorStridedBatched<double2>, double2>>(T10) (128, 1, 1)x(8, 32, 1), Context 1, Stream 7, Device 0, CC 8.9
    Duration                      usecond        36.99
  cncblasZscalKernel(unsigned long, const double2 *, double2 *) (4, 1, 1)x(256, 1, 1), Context 1, Stream 7, Device 0, CC 8.9
    Duration                      usecond         3.46
  cncblasZgemvKernelN(int, int, const double2 *, const double2 *, const double2 *, double2 *) (1024, 1, 1)x(256, 1, 1), Context 1, Stream 7, Device 0, CC 8.9
    Duration                      usecond        73.47
  std::enable_if<!T7, void>::type internal::gemvx::kernel<int, int, float, float, float, float, (bool)0, (bool)1, (bool)1, (bool)0, (int)9, (bool)0, cublasGemvParamsEx<int, cublasGemvTensorStridedBatched<const float>, cublasGemvTensorStridedBatched<const float>, cublasGemvTensorStridedBatched<float>, float>>(T13) (16, 1, 1)x(32, 16, 1), Context 1, Stream 7, Device 0, CC 8.9
    Duration                      usecond         9.70
  cncblasSscalKernel(unsigned long, const float *, float *) (1, 1, 1)x(256, 1, 1), Context 1, Stream 7, Device 0, CC 8.9
    Duration                      usecond        13.12
  cncblasSgemvKernelT(int, int, const float *, const float *, const float *, float *) (1, 4, 1)x(256, 1, 1), Context 1, Stream 7, Device 0, CC 8.9
    Duration                      usecond        26.53
  void gemv2T_kernel_val<int, int, double, double, double, double, (int)128, (int)16, (int)4, (int)4, (bool)0, (bool)0, cublasGemvParamsEx<int, cublasGemvTensorStridedBatched<const double>, cublasGemvTensorStridedBatched<const double>, cublasGemvTensorStridedBatched<double>, double>>(T13, T6, T6) (32, 1, 1)x(128, 1, 1), Context 1, Stream 7, Device 0, CC 8.9
    Duration                      usecond        18.18
  cncblasDscalKernel(unsigned long, const double *, double *) (1, 1, 1)x(256, 1, 1), Context 1, Stream 7, Device 0, CC 8.9
    Duration                      usecond        15.23
  cncblasDgemvKernelT(int, int, const double *, const double *, const double *, double *) (1, 4, 1)x(256, 1, 1), Context 1, Stream 7, Device 0, CC 8.9
    Duration                      usecond        34.91
  std::enable_if<!T7, void>::type internal::gemvx::kernel<int, int, float2, float2, float2, float2, (bool)0, (bool)1, (bool)1, (bool)0, (int)7, (bool)0, cublasGemvParamsEx<int, cublasGemvTensorStridedBatched<const float2>, cublasGemvTensorStridedBatched<const float2>, cublasGemvTensorStridedBatched<float2>, float2>>(T13) (32, 1, 1)x(16, 8, 1), Context 1, Stream 7, Device 0, CC 8.9
    Duration                      usecond        39.62
  cncblasCscalKernel(unsigned long, const float2 *, float2 *) (1, 1, 1)x(256, 1, 1), Context 1, Stream 7, Device 0, CC 8.9
    Duration                      usecond         5.79
  cncblasCgemvKernelT_1(int, int, const float2 *, const float2 *, const float2 *, float2 *) (1, 4, 1)x(256, 1, 1), Context 1, Stream 7, Device 0, CC 8.9
    Duration                      usecond        36.10
  cncblasCgemvKernelT_2(int, const float2 *, float2 *) (256, 1, 1)x(32, 1, 1), Context 1, Stream 7, Device 0, CC 8.9
    Duration                      usecond         4.61
  std::enable_if<!T7, void>::type internal::gemvx::kernel<int, int, double2, double2, double2, double2, (bool)0, (bool)1, (bool)1, (bool)0, (int)6, (bool)0, cublasGemvParamsEx<int, cublasGemvTensorStridedBatched<const double2>, cublasGemvTensorStridedBatched<const double2>, cublasGemvTensorStridedBatched<double2>, double2>>(T13) (64, 1, 1)x(16, 4, 1), Context 1, Stream 7, Device 0, CC 8.9
    Duration                      usecond        32.77
  cncblasZscalKernel(unsigned long, const double2 *, double2 *) (1, 1, 1)x(256, 1, 1), Context 1, Stream 7, Device 0, CC 8.9
    Duration                      usecond         3.52
  cncblasZgemvKernelT_1(int, int, const double2 *, const double2 *, const double2 *, double2 *) (1, 4, 1)x(256, 1, 1), Context 1, Stream 7, Device 0, CC 8.9
    Duration                      usecond       199.14
  cncblasZgemvKernelT_2(int, const double2 *, double2 *) (256, 1, 1)x(32, 1, 1), Context 1, Stream 7, Device 0, CC 8.9
    Duration                      usecond         6.08
  std::enable_if<!T7, void>::type internal::gemvx::kernel<int, int, float2, float2, float2, float2, (bool)0, (bool)1, (bool)1, (bool)1, (int)7, (bool)0, cublasGemvParamsEx<int, cublasGemvTensorStridedBatched<const float2>, cublasGemvTensorStridedBatched<const float2>, cublasGemvTensorStridedBatched<float2>, float2>>(T13) (32, 1, 1)x(16, 8, 1), Context 1, Stream 7, Device 0, CC 8.9
    Duration                      usecond        14.98
  cncblasCscalKernel(unsigned long, const float2 *, float2 *) (1, 1, 1)x(256, 1, 1), Context 1, Stream 7, Device 0, CC 8.9
    Duration                      usecond         3.01
  cncblasCgemvKernelC_1(int, int, const float2 *, const float2 *, const float2 *, float2 *) (1, 4, 1)x(256, 1, 1), Context 1, Stream 7, Device 0, CC 8.9
    Duration                      usecond        34.27
  cncblasCgemvKernelC_2(int, const float2 *, float2 *) (256, 1, 1)x(32, 1, 1), Context 1, Stream 7, Device 0, CC 8.9
    Duration                      usecond         5.50
  std::enable_if<!T7, void>::type internal::gemvx::kernel<int, int, double2, double2, double2, double2, (bool)0, (bool)1, (bool)1, (bool)1, (int)6, (bool)0, cublasGemvParamsEx<int, cublasGemvTensorStridedBatched<const double2>, cublasGemvTensorStridedBatched<const double2>, cublasGemvTensorStridedBatched<double2>, double2>>(T13) (64, 1, 1)x(16, 4, 1), Context 1, Stream 7, Device 0, CC 8.9
    Duration                      usecond        32.70
  cncblasZscalKernel(unsigned long, const double2 *, double2 *) (1, 1, 1)x(256, 1, 1), Context 1, Stream 7, Device 0, CC 8.9
    Duration                      usecond         3.49
  cncblasZgemvKernelC_1(int, int, const double2 *, const double2 *, const double2 *, double2 *) (1, 4, 1)x(256, 1, 1), Context 1, Stream 7, Device 0, CC 8.9
    Duration                      usecond       198.85
  cncblasZgemvKernelC_2(int, const double2 *, double2 *) (256, 1, 1)x(32, 1, 1), Context 1, Stream 7, Device 0, CC 8.9
    Duration                      usecond         6.05
  void ger_kernel<float, float, (int)256, (int)5, (bool)0>(cublasGerParams<T1, T2>) (32, 8, 1)x(256, 1, 1), Context 1, Stream 7, Device 0, CC 8.9
    Duration                      usecond        10.62
  cncblasSgerKernel(int, int, const float *, const float *, const float *, float *) (8, 64, 1)x(32, 16, 1), Context 1, Stream 7, Device 0, CC 8.9
    Duration                      usecond        10.37
  void ger_kernel<double, double, (int)256, (int)5, (bool)0>(cublasGerParams<T1, T2>) (32, 8, 1)x(256, 1, 1), Context 1, Stream 7, Device 0, CC 8.9
    Duration                      usecond        16.03
  cncblasDgerKernel(int, int, const double *, const double *, const double *, double *) (8, 64, 1)x(32, 16, 1), Context 1, Stream 7, Device 0, CC 8.9
    Duration                      usecond        15.74
  void ger_kernel<float2, float2, (int)256, (int)5, (bool)0>(cublasGerParams<T1, T2>) (32, 8, 1)x(256, 1, 1), Context 1, Stream 7, Device 0, CC 8.9
    Duration                      usecond        15.26
  cncblasCgeruKernel(int, int, const float2 *, const float2 *, const float2 *, float2 *) (8, 64, 1)x(32, 16, 1), Context 1, Stream 7, Device 0, CC 8.9
    Duration                      usecond        14.40
  void ger_kernel<double2, double2, (int)256, (int)5, (bool)0>(cublasGerParams<T1, T2>) (32, 8, 1)x(256, 1, 1), Context 1, Stream 7, Device 0, CC 8.9
    Duration                      usecond        32.77
  cncblasZgeruKernel(int, int, const double2 *, const double2 *, const double2 *, double2 *) (8, 64, 1)x(32, 16, 1), Context 1, Stream 7, Device 0, CC 8.9
    Duration                      usecond        58.53
  void ger_kernel<float2, float2, (int)256, (int)5, (bool)1>(cublasGerParams<T1, T2>) (32, 8, 1)x(256, 1, 1), Context 1, Stream 7, Device 0, CC 8.9
    Duration                      usecond        16.58
  cncblasCgercKernel(int, int, const float2 *, const float2 *, const float2 *, float2 *) (8, 64, 1)x(32, 16, 1), Context 1, Stream 7, Device 0, CC 8.9
    Duration                      usecond        14.40
  void ger_kernel<double2, double2, (int)256, (int)5, (bool)1>(cublasGerParams<T1, T2>) (32, 8, 1)x(256, 1, 1), Context 1, Stream 7, Device 0, CC 8.9
    Duration                      usecond        31.65
  cncblasZgercKernel(int, int, const double2 *, const double2 *, const double2 *, double2 *) (8, 64, 1)x(32, 16, 1), Context 1, Stream 7, Device 0, CC 8.9
    Duration                      usecond        58.72
