  void iamax_kernel<int, float, float, (int)256>(cublasIamaxParams<T1, T2, T3>) (16, 1, 1)x(256, 1, 1), Context 1, Stream 7, Device 0, CC 8.9
    Duration                      usecond         5.25
  void iamax_kernel<int, float, float, (int)256>(cublasIamaxParams<T1, T2, T3>) (1, 1, 1)x(256, 1, 1), Context 1, Stream 7, Device 0, CC 8.9
    Duration                      usecond         6.02
  cncblasSamaxKernel(unsigned long, const float *, float *, unsigned long *) (256, 1, 1)x(256, 1, 1), Context 1, Stream 7, Device 0, CC 8.9
    Duration                      usecond         6.53
  cncblasSamaxKernel(unsigned long, const float *, float *, unsigned long *) (1, 1, 1)x(256, 1, 1), Context 1, Stream 7, Device 0, CC 8.9
    Duration                      usecond         4.29
  void iamax_kernel<int, double, double, (int)256>(cublasIamaxParams<T1, T2, T3>) (16, 1, 1)x(256, 1, 1), Context 1, Stream 7, Device 0, CC 8.9
    Duration                      usecond         6.27
  void iamax_kernel<int, double, double, (int)256>(cublasIamaxParams<T1, T2, T3>) (1, 1, 1)x(256, 1, 1), Context 1, Stream 7, Device 0, CC 8.9
    Duration                      usecond         6.85
  cncblasDamaxKernel(unsigned long, const double *, double *, unsigned long *) (256, 1, 1)x(256, 1, 1), Context 1, Stream 7, Device 0, CC 8.9
    Duration                      usecond         7.20
  cncblasDamaxKernel(unsigned long, const double *, double *, unsigned long *) (1, 1, 1)x(256, 1, 1), Context 1, Stream 7, Device 0, CC 8.9
    Duration                      usecond         4.86
  void iamax_kernel<int, float2, float, (int)256>(cublasIamaxParams<T1, T2, T3>) (16, 1, 1)x(256, 1, 1), Context 1, Stream 7, Device 0, CC 8.9
    Duration                      usecond         5.18
  void iamax_kernel<int, float, float, (int)256>(cublasIamaxParams<T1, T2, T3>) (1, 1, 1)x(256, 1, 1), Context 1, Stream 7, Device 0, CC 8.9
    Duration                      usecond         5.60
  cncblasCamaxKernel(unsigned long, const float2 *, float *, unsigned long *) (256, 1, 1)x(256, 1, 1), Context 1, Stream 7, Device 0, CC 8.9
    Duration                      usecond         6.66
  cncblasSamaxKernel(unsigned long, const float *, float *, unsigned long *) (1, 1, 1)x(256, 1, 1), Context 1, Stream 7, Device 0, CC 8.9
    Duration                      usecond         4.74
  void iamax_kernel<int, double2, double, (int)128>(cublasIamaxParams<T1, T2, T3>) (32, 1, 1)x(128, 1, 1), Context 1, Stream 7, Device 0, CC 8.9
    Duration                      usecond         5.95
  void iamax_kernel<int, double, double, (int)128>(cublasIamaxParams<T1, T2, T3>) (1, 1, 1)x(128, 1, 1), Context 1, Stream 7, Device 0, CC 8.9
    Duration                      usecond         6.27
  cncblasZamaxKernel(unsigned long, const double2 *, double *, unsigned long *) (256, 1, 1)x(256, 1, 1), Context 1, Stream 7, Device 0, CC 8.9
    Duration                      usecond         7.17
  cncblasDamaxKernel(unsigned long, const double *, double *, unsigned long *) (1, 1, 1)x(256, 1, 1), Context 1, Stream 7, Device 0, CC 8.9
    Duration                      usecond         4.86
  void iamin_kernel<int, float, float, (int)256>(cublasIaminParams<T1, T2, T3>) (16, 1, 1)x(256, 1, 1), Context 1, Stream 7, Device 0, CC 8.9
    Duration                      usecond         5.09
  void iamin_kernel<int, float, float, (int)256>(cublasIaminParams<T1, T2, T3>) (1, 1, 1)x(256, 1, 1), Context 1, Stream 7, Device 0, CC 8.9
    Duration                      usecond         5.50
  cncblasSaminKernel(unsigned long, const float *, float *, unsigned long *) (256, 1, 1)x(256, 1, 1), Context 1, Stream 7, Device 0, CC 8.9
    Duration                      usecond         6.50
  cncblasSaminKernel(unsigned long, const float *, float *, unsigned long *) (1, 1, 1)x(256, 1, 1), Context 1, Stream 7, Device 0, CC 8.9
    Duration                      usecond         4.19
  void iamin_kernel<int, double, double, (int)128>(cublasIaminParams<T1, T2, T3>) (32, 1, 1)x(128, 1, 1), Context 1, Stream 7, Device 0, CC 8.9
    Duration                      usecond         5.86
  void iamin_kernel<int, double, double, (int)128>(cublasIaminParams<T1, T2, T3>) (1, 1, 1)x(128, 1, 1), Context 1, Stream 7, Device 0, CC 8.9
    Duration                      usecond         6.21
  cncblasDaminKernel(unsigned long, const double *, double *, unsigned long *) (256, 1, 1)x(256, 1, 1), Context 1, Stream 7, Device 0, CC 8.9
    Duration                      usecond         7.14
  cncblasDaminKernel(unsigned long, const double *, double *, unsigned long *) (1, 1, 1)x(256, 1, 1), Context 1, Stream 7, Device 0, CC 8.9
    Duration                      usecond         4.83
  void iamin_kernel<int, float2, float, (int)128>(cublasIaminParams<T1, T2, T3>) (32, 1, 1)x(128, 1, 1), Context 1, Stream 7, Device 0, CC 8.9
    Duration                      usecond         5.09
  void iamin_kernel<int, float, float, (int)128>(cublasIaminParams<T1, T2, T3>) (1, 1, 1)x(128, 1, 1), Context 1, Stream 7, Device 0, CC 8.9
    Duration                      usecond         7.81
  cncblasCaminKernel(unsigned long, const float2 *, float *, unsigned long *) (256, 1, 1)x(256, 1, 1), Context 1, Stream 7, Device 0, CC 8.9
    Duration                      usecond         6.50
  cncblasSaminKernel(unsigned long, const float *, float *, unsigned long *) (1, 1, 1)x(256, 1, 1), Context 1, Stream 7, Device 0, CC 8.9
    Duration                      usecond         4.26
  void iamin_kernel<int, double2, double, (int)128>(cublasIaminParams<T1, T2, T3>) (32, 1, 1)x(128, 1, 1), Context 1, Stream 7, Device 0, CC 8.9
    Duration                      usecond         5.89
  void iamin_kernel<int, double, double, (int)128>(cublasIaminParams<T1, T2, T3>) (1, 1, 1)x(128, 1, 1), Context 1, Stream 7, Device 0, CC 8.9
    Duration                      usecond         6.11
  cncblasZaminKernel(unsigned long, const double2 *, double *, unsigned long *) (256, 1, 1)x(256, 1, 1), Context 1, Stream 7, Device 0, CC 8.9
    Duration                      usecond         7.17
  cncblasDaminKernel(unsigned long, const double *, double *, unsigned long *) (1, 1, 1)x(256, 1, 1), Context 1, Stream 7, Device 0, CC 8.9
    Duration                      usecond         4.83
  void asum_kernel<int, float, float>(cublasAsumParams<T2, T3>) (144, 1, 1)x(256, 1, 1), Context 1, Stream 7, Device 0, CC 8.9
    Duration                      usecond         5.18
  void asum_kernel<int, float, float>(cublasAsumParams<T2, T3>) (1, 1, 1)x(256, 1, 1), Context 1, Stream 7, Device 0, CC 8.9
    Duration                      usecond         3.84
  cncblasSasumKernel(unsigned long, const float *, float *) (256, 1, 1)x(256, 1, 1), Context 1, Stream 7, Device 0, CC 8.9
    Duration                      usecond         4.61
  cncblasSasumKernel(unsigned long, const float *, float *) (1, 1, 1)x(256, 1, 1), Context 1, Stream 7, Device 0, CC 8.9
    Duration                      usecond         3.42
  void asum_kernel<int, double, double>(cublasAsumParams<T2, T3>) (288, 1, 1)x(128, 1, 1), Context 1, Stream 7, Device 0, CC 8.9
    Duration                      usecond         8.74
  void asum_kernel<int, double, double>(cublasAsumParams<T2, T3>) (1, 1, 1)x(128, 1, 1), Context 1, Stream 7, Device 0, CC 8.9
    Duration                      usecond         5.22
  cncblasDasumKernel(unsigned long, const double *, double *) (256, 1, 1)x(256, 1, 1), Context 1, Stream 7, Device 0, CC 8.9
    Duration                      usecond        30.02
  cncblasDasumKernel(unsigned long, const double *, double *) (1, 1, 1)x(256, 1, 1), Context 1, Stream 7, Device 0, CC 8.9
    Duration                      usecond         4.06
  void asum_kernel<int, float2, float>(cublasAsumParams<T2, T3>) (288, 1, 1)x(128, 1, 1), Context 1, Stream 7, Device 0, CC 8.9
    Duration                      usecond         4.99
  void asum_kernel<int, float, float>(cublasAsumParams<T2, T3>) (1, 1, 1)x(128, 1, 1), Context 1, Stream 7, Device 0, CC 8.9
    Duration                      usecond         4.51
  cncblasCasumKernel(unsigned long, const float2 *, float *) (256, 1, 1)x(256, 1, 1), Context 1, Stream 7, Device 0, CC 8.9
    Duration                      usecond         4.61
  cncblasSasumKernel(unsigned long, const float *, float *) (1, 1, 1)x(256, 1, 1), Context 1, Stream 7, Device 0, CC 8.9
    Duration                      usecond         3.49
  void asum_kernel<int, double2, double>(cublasAsumParams<T2, T3>) (288, 1, 1)x(128, 1, 1), Context 1, Stream 7, Device 0, CC 8.9
    Duration                      usecond         8.67
  void asum_kernel<int, double, double>(cublasAsumParams<T2, T3>) (1, 1, 1)x(128, 1, 1), Context 1, Stream 7, Device 0, CC 8.9
    Duration                      usecond         5.25
  cncblasZasumKernel(unsigned long, const double2 *, double *) (256, 1, 1)x(256, 1, 1), Context 1, Stream 7, Device 0, CC 8.9
    Duration                      usecond         7.58
  cncblasDasumKernel(unsigned long, const double *, double *) (1, 1, 1)x(256, 1, 1), Context 1, Stream 7, Device 0, CC 8.9
    Duration                      usecond         5.92
  void axpy_kernel_val<float, float>(cublasAxpyParamsVal<T1, T1, T2>) (16, 1, 1)x(256, 1, 1), Context 1, Stream 7, Device 0, CC 8.9
    Duration                      usecond         3.36
  cncblasSaxpyKernel(unsigned long, float *, const float *, float *) (16, 1, 1)x(256, 1, 1), Context 1, Stream 7, Device 0, CC 8.9
    Duration                      usecond         5.31
  void axpy_kernel_val<double, double>(cublasAxpyParamsVal<T1, T1, T2>) (11, 1, 1)x(384, 1, 1), Context 1, Stream 7, Device 0, CC 8.9
    Duration                      usecond         3.55
  cncblasDaxpyKernel(unsigned long, double *, const double *, double *) (16, 1, 1)x(256, 1, 1), Context 1, Stream 7, Device 0, CC 8.9
    Duration                      usecond         3.20
  void axpy_kernel_val<float2, float2>(cublasAxpyParamsVal<T1, T1, T2>) (11, 1, 1)x(384, 1, 1), Context 1, Stream 7, Device 0, CC 8.9
    Duration                      usecond         4.93
  cncblasCaxpyKernel(unsigned long, float2 *, const float2 *, float2 *) (16, 1, 1)x(256, 1, 1), Context 1, Stream 7, Device 0, CC 8.9
    Duration                      usecond         3.23
  void axpy_kernel_val<double2, double2>(cublasAxpyParamsVal<T1, T1, T2>) (11, 1, 1)x(384, 1, 1), Context 1, Stream 7, Device 0, CC 8.9
    Duration                      usecond         4.45
  cncblasZaxpyKernel(unsigned long, double2 *, const double2 *, double2 *) (16, 1, 1)x(256, 1, 1), Context 1, Stream 7, Device 0, CC 8.9
    Duration                      usecond         3.90
  void copy_kernel<float>(cublasCopyParams<T1>) (16, 1, 1)x(256, 1, 1), Context 1, Stream 7, Device 0, CC 8.9
    Duration                      usecond         5.34
  void copy_kernel<double>(cublasCopyParams<T1>) (11, 1, 1)x(384, 1, 1), Context 1, Stream 7, Device 0, CC 8.9
    Duration                      usecond         3.30
  void copy_kernel<float2>(cublasCopyParams<T1>) (11, 1, 1)x(384, 1, 1), Context 1, Stream 7, Device 0, CC 8.9
    Duration                      usecond         5.98
  void copy_kernel<double2>(cublasCopyParams<T1>) (11, 1, 1)x(384, 1, 1), Context 1, Stream 7, Device 0, CC 8.9
    Duration                      usecond         3.46
  void dot_kernel<float, (int)128, (int)0, cublasDotParams<cublasGemvTensor<const float>, cublasGemvTensorStridedBatched<float>>>(T4) (32, 1, 1)x(128, 1, 1), Context 1, Stream 7, Device 0, CC 8.9
    Duration                      usecond         3.94
  void reduce_1Block_kernel<float, (int)128, (int)7, cublasGemvTensorStridedBatched<float>, cublasGemvTensorStridedBatched<float>, cublasGemvTensorStridedBatched<float>>(const T1 *, T1, T4, int, const T1 *, T1, T5, T6, cublasPointerMode_t, cublasLtEpilogue_t, cublasGemvTensorStridedBatched<const biasType<T6::value_type, T1>::type>) (1, 1, 1)x(128, 1, 1), Context 1, Stream 7, Device 0, CC 8.9
    Duration                      usecond         3.55
  cncblasSdotKernel_1(unsigned long, const float *, const float *, float *) (256, 1, 1)x(256, 1, 1), Context 1, Stream 7, Device 0, CC 8.9
    Duration                      usecond         5.22
  cncblasSdotKernel_2(unsigned long, const float *, float *) (1, 1, 1)x(256, 1, 1), Context 1, Stream 7, Device 0, CC 8.9
    Duration                      usecond         3.42
  void dot_kernel<double, (int)128, (int)0, cublasDotParams<cublasGemvTensor<const double>, cublasGemvTensorStridedBatched<double>>>(T4) (32, 1, 1)x(128, 1, 1), Context 1, Stream 7, Device 0, CC 8.9
    Duration                      usecond         4.74
  void reduce_1Block_kernel<double, (int)128, (int)7, cublasGemvTensorStridedBatched<double>, cublasGemvTensorStridedBatched<double>, cublasGemvTensorStridedBatched<double>>(const T1 *, T1, T4, int, const T1 *, T1, T5, T6, cublasPointerMode_t, cublasLtEpilogue_t, cublasGemvTensorStridedBatched<const biasType<T6::value_type, T1>::type>) (1, 1, 1)x(128, 1, 1), Context 1, Stream 7, Device 0, CC 8.9
    Duration                      usecond         4.29
  cncblasDdotKernel_1(unsigned long, const double *, const double *, double *) (256, 1, 1)x(256, 1, 1), Context 1, Stream 7, Device 0, CC 8.9
    Duration                      usecond         7.39
  cncblasDdotKernel_2(unsigned long, const double *, double *) (1, 1, 1)x(256, 1, 1), Context 1, Stream 7, Device 0, CC 8.9
    Duration                      usecond         4.22
  void dot_kernel<float2, (int)128, (int)0, cublasDotParams<cublasGemvTensor<const float2>, cublasGemvTensorStridedBatched<float2>>>(T4) (32, 1, 1)x(128, 1, 1), Context 1, Stream 7, Device 0, CC 8.9
    Duration                      usecond         4.03
  void reduce_1Block_kernel<float2, (int)128, (int)7, cublasGemvTensorStridedBatched<float2>, cublasGemvTensorStridedBatched<float2>, cublasGemvTensorStridedBatched<float2>>(const T1 *, T1, T4, int, const T1 *, T1, T5, T6, cublasPointerMode_t, cublasLtEpilogue_t, cublasGemvTensorStridedBatched<const biasType<T6::value_type, T1>::type>) (1, 1, 1)x(128, 1, 1), Context 1, Stream 7, Device 0, CC 8.9
    Duration                      usecond         3.52
  cncblasCdotuKernel_1(unsigned long, const float2 *, const float2 *, float2 *) (256, 1, 1)x(256, 1, 1), Context 1, Stream 7, Device 0, CC 8.9
    Duration                      usecond         5.25
  cncblasCdotuKernel_2(unsigned long, const float2 *, float2 *) (1, 1, 1)x(256, 1, 1), Context 1, Stream 7, Device 0, CC 8.9
    Duration                      usecond         3.68
  void dot_kernel<float2, (int)128, (int)1, cublasDotParams<cublasGemvTensor<const float2>, cublasGemvTensorStridedBatched<float2>>>(T4) (32, 1, 1)x(128, 1, 1), Context 1, Stream 7, Device 0, CC 8.9
    Duration                      usecond         3.97
  void reduce_1Block_kernel<float2, (int)128, (int)7, cublasGemvTensorStridedBatched<float2>, cublasGemvTensorStridedBatched<float2>, cublasGemvTensorStridedBatched<float2>>(const T1 *, T1, T4, int, const T1 *, T1, T5, T6, cublasPointerMode_t, cublasLtEpilogue_t, cublasGemvTensorStridedBatched<const biasType<T6::value_type, T1>::type>) (1, 1, 1)x(128, 1, 1), Context 1, Stream 7, Device 0, CC 8.9
    Duration                      usecond         4.22
  cncblasCdotcKernel_1(unsigned long, const float2 *, const float2 *, float2 *) (256, 1, 1)x(256, 1, 1), Context 1, Stream 7, Device 0, CC 8.9
    Duration                      usecond         5.15
  cncblasCdotcKernel_2(unsigned long, const float2 *, float2 *) (1, 1, 1)x(256, 1, 1), Context 1, Stream 7, Device 0, CC 8.9
    Duration                      usecond         3.71
  void dot_kernel<double2, (int)64, (int)0, cublasDotParams<cublasGemvTensor<const double2>, cublasGemvTensorStridedBatched<double2>>>(T4) (64, 1, 1)x(64, 1, 1), Context 1, Stream 7, Device 0, CC 8.9
    Duration                      usecond         5.47
  void reduce_1Block_kernel<double2, (int)64, (int)6, cublasGemvTensorStridedBatched<double2>, cublasGemvTensorStridedBatched<double2>, cublasGemvTensorStridedBatched<double2>>(const T1 *, T1, T4, int, const T1 *, T1, T5, T6, cublasPointerMode_t, cublasLtEpilogue_t, cublasGemvTensorStridedBatched<const biasType<T6::value_type, T1>::type>) (1, 1, 1)x(64, 1, 1), Context 1, Stream 7, Device 0, CC 8.9
    Duration                      usecond         5.54
  cncblasZdotuKernel_1(unsigned long, const double2 *, const double2 *, double2 *) (256, 1, 1)x(256, 1, 1), Context 1, Stream 7, Device 0, CC 8.9
    Duration                      usecond        11.87
  cncblasZdotuKernel_2(unsigned long, const double2 *, double2 *) (1, 1, 1)x(256, 1, 1), Context 1, Stream 7, Device 0, CC 8.9
    Duration                      usecond         5.18
  void dot_kernel<double2, (int)64, (int)1, cublasDotParams<cublasGemvTensor<const double2>, cublasGemvTensorStridedBatched<double2>>>(T4) (64, 1, 1)x(64, 1, 1), Context 1, Stream 7, Device 0, CC 8.9
    Duration                      usecond         5.95
  void reduce_1Block_kernel<double2, (int)64, (int)6, cublasGemvTensorStridedBatched<double2>, cublasGemvTensorStridedBatched<double2>, cublasGemvTensorStridedBatched<double2>>(const T1 *, T1, T4, int, const T1 *, T1, T5, T6, cublasPointerMode_t, cublasLtEpilogue_t, cublasGemvTensorStridedBatched<const biasType<T6::value_type, T1>::type>) (1, 1, 1)x(64, 1, 1), Context 1, Stream 7, Device 0, CC 8.9
    Duration                      usecond         5.44
  cncblasZdotcKernel_1(unsigned long, const double2 *, const double2 *, double2 *) (256, 1, 1)x(256, 1, 1), Context 1, Stream 7, Device 0, CC 8.9
    Duration                      usecond        11.94
  cncblasZdotcKernel_2(unsigned long, const double2 *, double2 *) (1, 1, 1)x(256, 1, 1), Context 1, Stream 7, Device 0, CC 8.9
    Duration                      usecond        26.21
  void nrm2_kernel<float, float, float, (int)1, (int)0, (int)128>(cublasNrm2Params<int, T1, T3>) (288, 1, 1)x(128, 1, 1), Context 1, Stream 7, Device 0, CC 8.9
    Duration                      usecond         5.54
  void nrm2_kernel<float, float, float, (int)1, (int)0, (int)128>(cublasNrm2Params<int, T1, T3>) (1, 1, 1)x(128, 1, 1), Context 1, Stream 7, Device 0, CC 8.9
    Duration                      usecond         6.08
  cncblasSdotKernel_1(unsigned long, const float *, const float *, float *) (256, 1, 1)x(256, 1, 1), Context 1, Stream 7, Device 0, CC 8.9
    Duration                      usecond         4.74
  cncblasSdotKernel_2(unsigned long, const float *, float *) (1, 1, 1)x(256, 1, 1), Context 1, Stream 7, Device 0, CC 8.9
    Duration                      usecond         3.42
  void nrm2_kernel<double, double, double, (int)0, (int)0, (int)128>(cublasNrm2Params<int, T1, T3>) (288, 1, 1)x(128, 1, 1), Context 1, Stream 7, Device 0, CC 8.9
    Duration                      usecond        56.48
  void nrm2_kernel<double, double, double, (int)0, (int)0, (int)128>(cublasNrm2Params<int, T1, T3>) (1, 1, 1)x(128, 1, 1), Context 1, Stream 7, Device 0, CC 8.9
    Duration                      usecond        25.66
  cncblasDdotKernel_1(unsigned long, const double *, const double *, double *) (256, 1, 1)x(256, 1, 1), Context 1, Stream 7, Device 0, CC 8.9
    Duration                      usecond         7.36
  cncblasDdotKernel_2(unsigned long, const double *, double *) (1, 1, 1)x(256, 1, 1), Context 1, Stream 7, Device 0, CC 8.9
    Duration                      usecond         4.06
  void nrm2_kernel<float2, float, float, (int)1, (int)1, (int)128>(cublasNrm2Params<int, T1, T3>) (288, 1, 1)x(128, 1, 1), Context 1, Stream 7, Device 0, CC 8.9
    Duration                      usecond         5.63
  void nrm2_kernel<float, float, float, (int)1, (int)0, (int)128>(cublasNrm2Params<int, T1, T3>) (1, 1, 1)x(128, 1, 1), Context 1, Stream 7, Device 0, CC 8.9
    Duration                      usecond         5.89
  cncblasCdotcKernel_1(unsigned long, const float2 *, const float2 *, float2 *) (256, 1, 1)x(256, 1, 1), Context 1, Stream 7, Device 0, CC 8.9
    Duration                      usecond         5.22
  cncblasCdotcKernel_2(unsigned long, const float2 *, float2 *) (1, 1, 1)x(256, 1, 1), Context 1, Stream 7, Device 0, CC 8.9
    Duration                      usecond         5.60
  void nrm2_kernel<double2, double, double, (int)0, (int)1, (int)128>(cublasNrm2Params<int, T1, T3>) (240, 1, 1)x(128, 1, 1), Context 1, Stream 7, Device 0, CC 8.9
    Duration                      usecond        51.74
  void nrm2_kernel<double, double, double, (int)0, (int)0, (int)128>(cublasNrm2Params<int, T1, T3>) (1, 1, 1)x(128, 1, 1), Context 1, Stream 7, Device 0, CC 8.9
    Duration                      usecond        25.28
  cncblasZdotcKernel_1(unsigned long, const double2 *, const double2 *, double2 *) (256, 1, 1)x(256, 1, 1), Context 1, Stream 7, Device 0, CC 8.9
    Duration                      usecond        11.87
  cncblasZdotcKernel_2(unsigned long, const double2 *, double2 *) (1, 1, 1)x(256, 1, 1), Context 1, Stream 7, Device 0, CC 8.9
    Duration                      usecond         5.18
  void rot_kernel_val<float, float, float, float>(cublasRotParamsVal<T1, T2, T3>) (11, 1, 1)x(384, 1, 1), Context 1, Stream 7, Device 0, CC 8.9
    Duration                      usecond         3.94
  cncblasSrot_kernel(unsigned long, float *, float *, const float *, const float *) (16, 1, 1)x(256, 1, 1), Context 1, Stream 7, Device 0, CC 8.9
    Duration                      usecond         3.14
  void rot_kernel_val<double, double, double, double>(cublasRotParamsVal<T1, T2, T3>) (11, 1, 1)x(384, 1, 1), Context 1, Stream 7, Device 0, CC 8.9
    Duration                      usecond         4.83
  cncblasDrot_kernel(unsigned long, double *, double *, const double *, const double *) (16, 1, 1)x(256, 1, 1), Context 1, Stream 7, Device 0, CC 8.9
    Duration                      usecond         3.65
  void scal_kernel_val<float, float>(cublasScalParamsVal<T1, T2>) (16, 1, 1)x(256, 1, 1), Context 1, Stream 7, Device 0, CC 8.9
    Duration                      usecond         4.29
  cncblasSscalKernel(unsigned long, const float *, float *) (16, 1, 1)x(256, 1, 1), Context 1, Stream 7, Device 0, CC 8.9
    Duration                      usecond         5.50
  void scal_kernel_val<double, double>(cublasScalParamsVal<T1, T2>) (11, 1, 1)x(384, 1, 1), Context 1, Stream 7, Device 0, CC 8.9
    Duration                      usecond         3.33
  cncblasDscalKernel(unsigned long, const double *, double *) (16, 1, 1)x(256, 1, 1), Context 1, Stream 7, Device 0, CC 8.9
    Duration                      usecond        21.44
  void scal_kernel_val<float2, float2>(cublasScalParamsVal<T1, T2>) (11, 1, 1)x(384, 1, 1), Context 1, Stream 7, Device 0, CC 8.9
    Duration                      usecond         3.23
  cncblasCscalKernel(unsigned long, const float2 *, float2 *) (16, 1, 1)x(256, 1, 1), Context 1, Stream 7, Device 0, CC 8.9
    Duration                      usecond         3.07
  void scal_kernel_val<double2, double2>(cublasScalParamsVal<T1, T2>) (11, 1, 1)x(384, 1, 1), Context 1, Stream 7, Device 0, CC 8.9
    Duration                      usecond         3.87
  cncblasZscalKernel(unsigned long, const double2 *, double2 *) (16, 1, 1)x(256, 1, 1), Context 1, Stream 7, Device 0, CC 8.9
    Duration                      usecond         3.81
  void scal_kernel_val<float2, float>(cublasScalParamsVal<T1, T2>) (11, 1, 1)x(384, 1, 1), Context 1, Stream 7, Device 0, CC 8.9
    Duration                      usecond         3.20
  cncblasCsscalKernel(unsigned long, const float *, float2 *) (16, 1, 1)x(256, 1, 1), Context 1, Stream 7, Device 0, CC 8.9
    Duration                      usecond         3.04
  void scal_kernel_val<double2, double>(cublasScalParamsVal<T1, T2>) (11, 1, 1)x(384, 1, 1), Context 1, Stream 7, Device 0, CC 8.9
    Duration                      usecond         3.90
  cncblasZdscalKernel(unsigned long, const double *, double2 *) (16, 1, 1)x(256, 1, 1), Context 1, Stream 7, Device 0, CC 8.9
    Duration                      usecond         3.71
  void swap_kernel<float>(cublasSwapParams<T1>) (11, 1, 1)x(384, 1, 1), Context 1, Stream 7, Device 0, CC 8.9
    Duration                      usecond         3.84
  void cncblasSwapKernel<float>(unsigned long, T1 *, T1 *) (16, 1, 1)x(256, 1, 1), Context 1, Stream 7, Device 0, CC 8.9
    Duration                      usecond         5.86
  void swap_kernel<double>(cublasSwapParams<T1>) (11, 1, 1)x(384, 1, 1), Context 1, Stream 7, Device 0, CC 8.9
    Duration                      usecond            4
  void cncblasSwapKernel<double>(unsigned long, T1 *, T1 *) (16, 1, 1)x(256, 1, 1), Context 1, Stream 7, Device 0, CC 8.9
    Duration                      usecond         3.33
  void swap_kernel<float2>(cublasSwapParams<T1>) (11, 1, 1)x(384, 1, 1), Context 1, Stream 7, Device 0, CC 8.9
    Duration                      usecond            4
  void cncblasSwapKernel<float2>(unsigned long, T1 *, T1 *) (16, 1, 1)x(256, 1, 1), Context 1, Stream 7, Device 0, CC 8.9
    Duration                      usecond         3.17
  void swap_kernel<double2>(cublasSwapParams<T1>) (11, 1, 1)x(384, 1, 1), Context 1, Stream 7, Device 0, CC 8.9
    Duration                      usecond         4.26
  void cncblasSwapKernel<double2>(unsigned long, T1 *, T1 *) (16, 1, 1)x(256, 1, 1), Context 1, Stream 7, Device 0, CC 8.9
    Duration                      usecond         3.65
  cncblasSscalKernel(unsigned long, const float *, float *) (4, 1, 1)x(256, 1, 1), Context 1, Stream 7, Device 0, CC 8.9
    Duration                      usecond         4.58
  cncblasSgbmvKernelN(int, int, int, int, const float *, const float *, const float *, float *) (4, 32, 1)x(256, 1, 1), Context 1, Stream 7, Device 0, CC 8.9
    Duration                      usecond        10.46
  cncblasSscalKernel(unsigned long, const float *, float *) (4, 1, 1)x(256, 1, 1), Context 1, Stream 7, Device 0, CC 8.9
    Duration                      usecond         2.94
  cncblasSgemvKernelN(int, int, const float *, const float *, const float *, float *) (1024, 1, 1)x(256, 1, 1), Context 1, Stream 7, Device 0, CC 8.9
    Duration                      usecond        50.72
  cncblasSscalKernel(unsigned long, const float *, float *) (8, 1, 1)x(256, 1, 1), Context 1, Stream 7, Device 0, CC 8.9
    Duration                      usecond        26.75
  cncblasSgbmvKernelT(int, int, int, int, const float *, const float *, const float *, float *) (5, 32, 1)x(256, 1, 1), Context 1, Stream 7, Device 0, CC 8.9
    Duration                      usecond        10.69
  cncblasSscalKernel(unsigned long, const float *, float *) (8, 1, 1)x(256, 1, 1), Context 1, Stream 7, Device 0, CC 8.9
    Duration                      usecond         3.01
  cncblasSgemvKernelT(int, int, const float *, const float *, const float *, float *) (8, 4, 1)x(256, 1, 1), Context 1, Stream 7, Device 0, CC 8.9
    Duration                      usecond        51.65
  cncblasDscalKernel(unsigned long, const double *, double *) (4, 1, 1)x(256, 1, 1), Context 1, Stream 7, Device 0, CC 8.9
    Duration                      usecond         3.07
  cncblasDgbmvKernelN(int, int, int, int, const double *, const double *, const double *, double *) (4, 32, 1)x(256, 1, 1), Context 1, Stream 7, Device 0, CC 8.9
    Duration                      usecond        13.98
  cncblasDscalKernel(unsigned long, const double *, double *) (4, 1, 1)x(256, 1, 1), Context 1, Stream 7, Device 0, CC 8.9
    Duration                      usecond         3.10
  cncblasDgemvKernelN(int, int, const double *, const double *, const double *, double *) (1024, 1, 1)x(256, 1, 1), Context 1, Stream 7, Device 0, CC 8.9
    Duration                      usecond       149.06
  cncblasDscalKernel(unsigned long, const double *, double *) (8, 1, 1)x(256, 1, 1), Context 1, Stream 7, Device 0, CC 8.9
    Duration                      usecond         3.17
  cncblasDgbmvKernelT(int, int, int, int, const double *, const double *, const double *, double *) (5, 32, 1)x(256, 1, 1), Context 1, Stream 7, Device 0, CC 8.9
    Duration                      usecond        15.17
  cncblasDscalKernel(unsigned long, const double *, double *) (8, 1, 1)x(256, 1, 1), Context 1, Stream 7, Device 0, CC 8.9
    Duration                      usecond         3.10
  cncblasDgemvKernelT(int, int, const double *, const double *, const double *, double *) (8, 4, 1)x(256, 1, 1), Context 1, Stream 7, Device 0, CC 8.9
    Duration                      usecond        96.29
  cncblasCscalKernel(unsigned long, const float2 *, float2 *) (4, 1, 1)x(256, 1, 1), Context 1, Stream 7, Device 0, CC 8.9
    Duration                      usecond         5.41
  cncblasCgbmvKernelN_phase1(int, int, int, int, const float2 *, const float2 *, const float2 *, float2 *) (4, 32, 1)x(256, 1, 1), Context 1, Stream 7, Device 0, CC 8.9
    Duration                      usecond        12.19
  cncblasCgbmvKernelN_phase2(int, const float2 *, float2 *) (4, 1, 1)x(256, 1, 1), Context 1, Stream 7, Device 0, CC 8.9
    Duration                      usecond         4.99
  cncblasCscalKernel(unsigned long, const float2 *, float2 *) (4, 1, 1)x(256, 1, 1), Context 1, Stream 7, Device 0, CC 8.9
    Duration                      usecond         2.98
  cncblasCgemvKernelN(int, int, const float2 *, const float2 *, const float2 *, float2 *) (1024, 1, 1)x(256, 1, 1), Context 1, Stream 7, Device 0, CC 8.9
    Duration                      usecond        96.42
  cncblasCscalKernel(unsigned long, const float2 *, float2 *) (8, 1, 1)x(256, 1, 1), Context 1, Stream 7, Device 0, CC 8.9
    Duration                      usecond         4.10
  cncblasCgbmvKernelT_phase1(int, int, int, int, const float2 *, const float2 *, const float2 *, float2 *) (5, 32, 1)x(256, 1, 1), Context 1, Stream 7, Device 0, CC 8.9
    Duration                      usecond        13.09
  cncblasCgbmvKernelT_phase2(int, const float2 *, float2 *) (5, 1, 1)x(256, 1, 1), Context 1, Stream 7, Device 0, CC 8.9
    Duration                      usecond         8.22
  cncblasCscalKernel(unsigned long, const float2 *, float2 *) (8, 1, 1)x(256, 1, 1), Context 1, Stream 7, Device 0, CC 8.9
    Duration                      usecond         4.10
  cncblasCgemvKernelT_1(int, int, const float2 *, const float2 *, const float2 *, float2 *) (8, 4, 1)x(256, 1, 1), Context 1, Stream 7, Device 0, CC 8.9
    Duration                      usecond        95.04
  cncblasCgemvKernelT_2(int, const float2 *, float2 *) (2048, 1, 1)x(32, 1, 1), Context 1, Stream 7, Device 0, CC 8.9
    Duration                      usecond        12.80
  cncblasCscalKernel(unsigned long, const float2 *, float2 *) (8, 1, 1)x(256, 1, 1), Context 1, Stream 7, Device 0, CC 8.9
    Duration                      usecond         3.04
  cncblasCgbmvKernelC_phase1(int, int, int, int, const float2 *, const float2 *, const float2 *, float2 *) (5, 32, 1)x(256, 1, 1), Context 1, Stream 7, Device 0, CC 8.9
    Duration                      usecond        13.76
  cncblasCgbmvKernelC_phase2(int, const float2 *, float2 *) (5, 1, 1)x(256, 1, 1), Context 1, Stream 7, Device 0, CC 8.9
    Duration                      usecond         5.22
  cncblasCscalKernel(unsigned long, const float2 *, float2 *) (8, 1, 1)x(256, 1, 1), Context 1, Stream 7, Device 0, CC 8.9
    Duration                      usecond         2.98
  cncblasCgemvKernelC_1(int, int, const float2 *, const float2 *, const float2 *, float2 *) (8, 4, 1)x(256, 1, 1), Context 1, Stream 7, Device 0, CC 8.9
    Duration                      usecond        94.14
  cncblasCgemvKernelC_2(int, const float2 *, float2 *) (2048, 1, 1)x(32, 1, 1), Context 1, Stream 7, Device 0, CC 8.9
    Duration                      usecond        12.29
  cncblasZscalKernel(unsigned long, const double2 *, double2 *) (4, 1, 1)x(256, 1, 1), Context 1, Stream 7, Device 0, CC 8.9
    Duration                      usecond         3.46
  cncblasZgbmvKernelN_phase1(int, int, int, int, const double2 *, const double2 *, const double2 *, double2 *) (4, 32, 1)x(256, 1, 1), Context 1, Stream 7, Device 0, CC 8.9
    Duration                      usecond        37.92
  cncblasZgbmvKernelN_phase2(int, const double2 *, double2 *) (4, 1, 1)x(256, 1, 1), Context 1, Stream 7, Device 0, CC 8.9
    Duration                      usecond        11.97
  cncblasZscalKernel(unsigned long, const double2 *, double2 *) (4, 1, 1)x(256, 1, 1), Context 1, Stream 7, Device 0, CC 8.9
    Duration                      usecond         3.46
  cncblasZgemvKernelN(int, int, const double2 *, const double2 *, const double2 *, double2 *) (1024, 1, 1)x(256, 1, 1), Context 1, Stream 7, Device 0, CC 8.9
    Duration                      usecond       303.39
  cncblasZscalKernel(unsigned long, const double2 *, double2 *) (8, 1, 1)x(256, 1, 1), Context 1, Stream 7, Device 0, CC 8.9
    Duration                      usecond         3.58
  cncblasZgbmvKernelT_phase1(int, int, int, int, const double2 *, const double2 *, const double2 *, double2 *) (5, 32, 1)x(256, 1, 1), Context 1, Stream 7, Device 0, CC 8.9
    Duration                      usecond        38.56
  cncblasZgbmvKernelT_phase2(int, const double2 *, double2 *) (5, 1, 1)x(256, 1, 1), Context 1, Stream 7, Device 0, CC 8.9
    Duration                      usecond        12.03
  cncblasZscalKernel(unsigned long, const double2 *, double2 *) (8, 1, 1)x(256, 1, 1), Context 1, Stream 7, Device 0, CC 8.9
    Duration                      usecond         3.58
  cncblasZgemvKernelT_1(int, int, const double2 *, const double2 *, const double2 *, double2 *) (8, 4, 1)x(256, 1, 1), Context 1, Stream 7, Device 0, CC 8.9
    Duration                      usecond       394.91
  cncblasZgemvKernelT_2(int, const double2 *, double2 *) (2048, 1, 1)x(32, 1, 1), Context 1, Stream 7, Device 0, CC 8.9
    Duration                      usecond        24.67
  cncblasZscalKernel(unsigned long, const double2 *, double2 *) (8, 1, 1)x(256, 1, 1), Context 1, Stream 7, Device 0, CC 8.9
    Duration                      usecond        21.47
  cncblasZgbmvKernelC_phase1(int, int, int, int, const double2 *, const double2 *, const double2 *, double2 *) (5, 32, 1)x(256, 1, 1), Context 1, Stream 7, Device 0, CC 8.9
    Duration                      usecond        38.94
  cncblasZgbmvKernelC_phase2(int, const double2 *, double2 *) (5, 1, 1)x(256, 1, 1), Context 1, Stream 7, Device 0, CC 8.9
    Duration                      usecond        12.13
  cncblasZscalKernel(unsigned long, const double2 *, double2 *) (8, 1, 1)x(256, 1, 1), Context 1, Stream 7, Device 0, CC 8.9
    Duration                      usecond         5.38
  cncblasZgemvKernelC_1(int, int, const double2 *, const double2 *, const double2 *, double2 *) (8, 4, 1)x(256, 1, 1), Context 1, Stream 7, Device 0, CC 8.9
    Duration                      usecond       394.66
  cncblasZgemvKernelC_2(int, const double2 *, double2 *) (2048, 1, 1)x(32, 1, 1), Context 1, Stream 7, Device 0, CC 8.9
    Duration                      usecond        24.74
  void gemvNSP_kernel<float, float, float, float, (int)1, (int)16, (int)4, (int)1024, (bool)0, cublasGemvParamsEx<int, cublasGemvTensorStridedBatched<const float>, cublasGemvTensorStridedBatched<const float>, cublasGemvTensorStridedBatched<float>, float>>(T10) (32, 1, 1)x(32, 16, 1), Context 1, Stream 7, Device 0, CC 8.9
    Duration                      usecond         9.63
  cncblasSscalKernel(unsigned long, const float *, float *) (4, 1, 1)x(256, 1, 1), Context 1, Stream 7, Device 0, CC 8.9
    Duration                      usecond         2.94
  cncblasSgemvKernelN(int, int, const float *, const float *, const float *, float *) (1024, 1, 1)x(256, 1, 1), Context 1, Stream 7, Device 0, CC 8.9
    Duration                      usecond        43.81
  void gemv2N_kernel<int, int, double, double, double, double, (int)128, (int)4, (int)4, (int)4, (int)1, (bool)0, cublasGemvParamsEx<int, cublasGemvTensorStridedBatched<const double>, cublasGemvTensorStridedBatched<const double>, cublasGemvTensorStridedBatched<double>, double>>(T13) (32, 1, 1)x(128, 1, 1), Context 1, Stream 7, Device 0, CC 8.9
    Duration                      usecond        17.06
  cncblasDscalKernel(unsigned long, const double *, double *) (4, 1, 1)x(256, 1, 1), Context 1, Stream 7, Device 0, CC 8.9
    Duration                      usecond         5.47
  cncblasDgemvKernelN(int, int, const double *, const double *, const double *, double *) (1024, 1, 1)x(256, 1, 1), Context 1, Stream 7, Device 0, CC 8.9
    Duration                      usecond        34.08
  ampere_cgemm_64x32_nn (16, 1, 1)x(128, 1, 1), Context 1, Stream 7, Device 0, CC 8.9
    Duration                      usecond        37.38
  cncblasCscalKernel(unsigned long, const float2 *, float2 *) (4, 1, 1)x(256, 1, 1), Context 1, Stream 7, Device 0, CC 8.9
    Duration                      usecond         3.04
  cncblasCgemvKernelN(int, int, const float2 *, const float2 *, const float2 *, float2 *) (1024, 1, 1)x(256, 1, 1), Context 1, Stream 7, Device 0, CC 8.9
    Duration                      usecond        21.12
  void gemvNSP_kernel<double2, double2, double2, double2, (int)1, (int)32, (int)4, (int)1024, (bool)0, cublasGemvParamsEx<int, cublasGemvTensorStridedBatched<const double2>, cublasGemvTensorStridedBatched<const double2>, cublasGemvTensorStridedBatched<double2>, double2>>(T10) (128, 1, 1)x(8, 32, 1), Context 1, Stream 7, Device 0, CC 8.9
    Duration                      usecond        38.56
  cncblasZscalKernel(unsigned long, const double2 *, double2 *) (4, 1, 1)x(256, 1, 1), Context 1, Stream 7, Device 0, CC 8.9
    Duration                      usecond            4
  cncblasZgemvKernelN(int, int, const double2 *, const double2 *, const double2 *, double2 *) (1024, 1, 1)x(256, 1, 1), Context 1, Stream 7, Device 0, CC 8.9
    Duration                      usecond        74.34
  std::enable_if<!T7, void>::type internal::gemvx::kernel<int, int, float, float, float, float, (bool)0, (bool)1, (bool)1, (bool)0, (int)9, (bool)0, cublasGemvParamsEx<int, cublasGemvTensorStridedBatched<const float>, cublasGemvTensorStridedBatched<const float>, cublasGemvTensorStridedBatched<float>, float>>(T13) (16, 1, 1)x(32, 16, 1), Context 1, Stream 7, Device 0, CC 8.9
    Duration                      usecond        10.62
  cncblasSscalKernel(unsigned long, const float *, float *) (1, 1, 1)x(256, 1, 1), Context 1, Stream 7, Device 0, CC 8.9
    Duration                      usecond         5.34
  cncblasSgemvKernelT(int, int, const float *, const float *, const float *, float *) (1, 4, 1)x(256, 1, 1), Context 1, Stream 7, Device 0, CC 8.9
    Duration                      usecond        25.86
  void gemv2T_kernel_val<int, int, double, double, double, double, (int)128, (int)16, (int)4, (int)4, (bool)0, (bool)0, cublasGemvParamsEx<int, cublasGemvTensorStridedBatched<const double>, cublasGemvTensorStridedBatched<const double>, cublasGemvTensorStridedBatched<double>, double>>(T13, T6, T6) (32, 1, 1)x(128, 1, 1), Context 1, Stream 7, Device 0, CC 8.9
    Duration                      usecond        19.39
  cncblasDscalKernel(unsigned long, const double *, double *) (1, 1, 1)x(256, 1, 1), Context 1, Stream 7, Device 0, CC 8.9
    Duration                      usecond         3.20
  cncblasDgemvKernelT(int, int, const double *, const double *, const double *, double *) (1, 4, 1)x(256, 1, 1), Context 1, Stream 7, Device 0, CC 8.9
    Duration                      usecond        34.82
  std::enable_if<!T7, void>::type internal::gemvx::kernel<int, int, float2, float2, float2, float2, (bool)0, (bool)1, (bool)1, (bool)0, (int)7, (bool)0, cublasGemvParamsEx<int, cublasGemvTensorStridedBatched<const float2>, cublasGemvTensorStridedBatched<const float2>, cublasGemvTensorStridedBatched<float2>, float2>>(T13) (32, 1, 1)x(16, 8, 1), Context 1, Stream 7, Device 0, CC 8.9
    Duration                      usecond        14.27
  cncblasCscalKernel(unsigned long, const float2 *, float2 *) (1, 1, 1)x(256, 1, 1), Context 1, Stream 7, Device 0, CC 8.9
    Duration                      usecond         4.26
  cncblasCgemvKernelT_1(int, int, const float2 *, const float2 *, const float2 *, float2 *) (1, 4, 1)x(256, 1, 1), Context 1, Stream 7, Device 0, CC 8.9
    Duration                      usecond        35.62
  cncblasCgemvKernelT_2(int, const float2 *, float2 *) (256, 1, 1)x(32, 1, 1), Context 1, Stream 7, Device 0, CC 8.9
    Duration                      usecond        25.28
  std::enable_if<!T7, void>::type internal::gemvx::kernel<int, int, double2, double2, double2, double2, (bool)0, (bool)1, (bool)1, (bool)0, (int)6, (bool)0, cublasGemvParamsEx<int, cublasGemvTensorStridedBatched<const double2>, cublasGemvTensorStridedBatched<const double2>, cublasGemvTensorStridedBatched<double2>, double2>>(T13) (64, 1, 1)x(16, 4, 1), Context 1, Stream 7, Device 0, CC 8.9
    Duration                      usecond        34.11
  cncblasZscalKernel(unsigned long, const double2 *, double2 *) (1, 1, 1)x(256, 1, 1), Context 1, Stream 7, Device 0, CC 8.9
    Duration                      usecond         3.52
  cncblasZgemvKernelT_1(int, int, const double2 *, const double2 *, const double2 *, double2 *) (1, 4, 1)x(256, 1, 1), Context 1, Stream 7, Device 0, CC 8.9
    Duration                      usecond       255.81
  cncblasZgemvKernelT_2(int, const double2 *, double2 *) (256, 1, 1)x(32, 1, 1), Context 1, Stream 7, Device 0, CC 8.9
    Duration                      usecond         6.08
  std::enable_if<!T7, void>::type internal::gemvx::kernel<int, int, float2, float2, float2, float2, (bool)0, (bool)1, (bool)1, (bool)1, (int)7, (bool)0, cublasGemvParamsEx<int, cublasGemvTensorStridedBatched<const float2>, cublasGemvTensorStridedBatched<const float2>, cublasGemvTensorStridedBatched<float2>, float2>>(T13) (32, 1, 1)x(16, 8, 1), Context 1, Stream 7, Device 0, CC 8.9
    Duration                      usecond        15.04
  cncblasCscalKernel(unsigned long, const float2 *, float2 *) (1, 1, 1)x(256, 1, 1), Context 1, Stream 7, Device 0, CC 8.9
    Duration                      usecond         2.98
  cncblasCgemvKernelC_1(int, int, const float2 *, const float2 *, const float2 *, float2 *) (1, 4, 1)x(256, 1, 1), Context 1, Stream 7, Device 0, CC 8.9
    Duration                      usecond        35.94
  cncblasCgemvKernelC_2(int, const float2 *, float2 *) (256, 1, 1)x(32, 1, 1), Context 1, Stream 7, Device 0, CC 8.9
    Duration                      usecond         4.61
  std::enable_if<!T7, void>::type internal::gemvx::kernel<int, int, double2, double2, double2, double2, (bool)0, (bool)1, (bool)1, (bool)1, (int)6, (bool)0, cublasGemvParamsEx<int, cublasGemvTensorStridedBatched<const double2>, cublasGemvTensorStridedBatched<const double2>, cublasGemvTensorStridedBatched<double2>, double2>>(T13) (64, 1, 1)x(16, 4, 1), Context 1, Stream 7, Device 0, CC 8.9
    Duration                      usecond        32.42
  cncblasZscalKernel(unsigned long, const double2 *, double2 *) (1, 1, 1)x(256, 1, 1), Context 1, Stream 7, Device 0, CC 8.9
    Duration                      usecond         3.52
  cncblasZgemvKernelC_1(int, int, const double2 *, const double2 *, const double2 *, double2 *) (1, 4, 1)x(256, 1, 1), Context 1, Stream 7, Device 0, CC 8.9
    Duration                      usecond       198.66
  cncblasZgemvKernelC_2(int, const double2 *, double2 *) (256, 1, 1)x(32, 1, 1), Context 1, Stream 7, Device 0, CC 8.9
    Duration                      usecond         6.18
  void ger_kernel<float, float, (int)256, (int)5, (bool)0>(cublasGerParams<T1, T2>) (32, 8, 1)x(256, 1, 1), Context 1, Stream 7, Device 0, CC 8.9
    Duration                      usecond         9.06
  cncblasSgerKernel(int, int, const float *, const float *, const float *, float *) (8, 64, 1)x(32, 16, 1), Context 1, Stream 7, Device 0, CC 8.9
    Duration                      usecond        10.62
  void ger_kernel<double, double, (int)256, (int)5, (bool)0>(cublasGerParams<T1, T2>) (32, 8, 1)x(256, 1, 1), Context 1, Stream 7, Device 0, CC 8.9
    Duration                      usecond        15.36
  cncblasDgerKernel(int, int, const double *, const double *, const double *, double *) (8, 64, 1)x(32, 16, 1), Context 1, Stream 7, Device 0, CC 8.9
    Duration                      usecond        16.03
  void ger_kernel<float2, float2, (int)256, (int)5, (bool)0>(cublasGerParams<T1, T2>) (32, 8, 1)x(256, 1, 1), Context 1, Stream 7, Device 0, CC 8.9
    Duration                      usecond        14.30
  cncblasCgeruKernel(int, int, const float2 *, const float2 *, const float2 *, float2 *) (8, 64, 1)x(32, 16, 1), Context 1, Stream 7, Device 0, CC 8.9
    Duration                      usecond        14.50
  void ger_kernel<double2, double2, (int)256, (int)5, (bool)0>(cublasGerParams<T1, T2>) (32, 8, 1)x(256, 1, 1), Context 1, Stream 7, Device 0, CC 8.9
    Duration                      usecond        32.61
  cncblasZgeruKernel(int, int, const double2 *, const double2 *, const double2 *, double2 *) (8, 64, 1)x(32, 16, 1), Context 1, Stream 7, Device 0, CC 8.9
    Duration                      usecond        58.53
  void ger_kernel<float2, float2, (int)256, (int)5, (bool)1>(cublasGerParams<T1, T2>) (32, 8, 1)x(256, 1, 1), Context 1, Stream 7, Device 0, CC 8.9
    Duration                      usecond        83.17
  cncblasCgercKernel(int, int, const float2 *, const float2 *, const float2 *, float2 *) (8, 64, 1)x(32, 16, 1), Context 1, Stream 7, Device 0, CC 8.9
    Duration                      usecond        14.72
  void ger_kernel<double2, double2, (int)256, (int)5, (bool)1>(cublasGerParams<T1, T2>) (32, 8, 1)x(256, 1, 1), Context 1, Stream 7, Device 0, CC 8.9
    Duration                      usecond        30.43
  cncblasZgercKernel(int, int, const double2 *, const double2 *, const double2 *, double2 *) (8, 64, 1)x(32, 16, 1), Context 1, Stream 7, Device 0, CC 8.9
    Duration                      usecond        58.53
